[ 2017-09-14T16:37:55+08:00 ] 127.0.0.1 /file/index.php/Home/user/login
INFO: [ app_init ] --START--
INFO: Run Behavior\BuildLiteBehavior [ RunTime:0.000041s ]
INFO: [ app_init ] --END-- [ RunTime:0.001031s ]
INFO: [ app_begin ] --START--
INFO: Run Behavior\ReadHtmlCacheBehavior [ RunTime:0.001278s ]
INFO: [ app_begin ] --END-- [ RunTime:0.001470s ]
INFO: [ view_parse ] --START--
INFO: Run Behavior\ParseTemplateBehavior [ RunTime:0.235241s ]
INFO: [ view_parse ] --END-- [ RunTime:0.235486s ]
INFO: [ view_filter ] --START--
INFO: Run Behavior\WriteHtmlCacheBehavior [ RunTime:0.017389s ]
INFO: [ view_filter ] --END-- [ RunTime:0.017572s ]
INFO: [ app_end ] --START--
INFO: Run Behavior\ShowPageTraceBehavior [ RunTime:0.001153s ]
INFO: [ app_end ] --END-- [ RunTime:0.001327s ]
NOTIC: [8] Constant NOW_TIME already defined D:\file\file\index.php 第 13 行.
NOTIC: [8] Undefined variable: SERVER D:\file\file\index.php 第 15 行.

[ 2017-09-14T16:37:55+08:00 ] 127.0.0.1 /file/index.php/Home/user/verifyImg
INFO: [ app_init ] --START--
INFO: Run Behavior\BuildLiteBehavior [ RunTime:0.000063s ]
INFO: [ app_init ] --END-- [ RunTime:0.001025s ]
INFO: [ app_begin ] --START--
INFO: Run Behavior\ReadHtmlCacheBehavior [ RunTime:0.001125s ]
INFO: [ app_begin ] --END-- [ RunTime:0.001441s ]
INFO: [ app_end ] --START--
INFO: Run Behavior\ShowPageTraceBehavior [ RunTime:0.002212s ]
INFO: [ app_end ] --END-- [ RunTime:0.002859s ]
NOTIC: [8] Constant NOW_TIME already defined D:\file\file\index.php 第 13 行.
NOTIC: [8] Undefined variable: SERVER D:\file\file\index.php 第 15 行.

[ 2017-09-14T16:38:12+08:00 ] 127.0.0.1 /file/index.php/Home/user/login
INFO: [ app_init ] --START--
INFO: Run Behavior\BuildLiteBehavior [ RunTime:0.000037s ]
INFO: [ app_init ] --END-- [ RunTime:0.000606s ]
INFO: [ app_begin ] --START--
INFO: Run Behavior\ReadHtmlCacheBehavior [ RunTime:0.000617s ]
INFO: [ app_begin ] --END-- [ RunTime:0.000808s ]
SQL: SHOW COLUMNS FROM `file_user` [ RunTime:8.0239s ]
SQL: SELECT * FROM `file_user` WHERE `user_name` = 'monkey' LIMIT 1   [ RunTime:0.0010s ]

[ 2017-09-14T16:38:12+08:00 ] 127.0.0.1 /file/index.php/Home/user/login
INFO: [ app_init ] --START--
INFO: Run Behavior\BuildLiteBehavior [ RunTime:0.000069s ]
INFO: [ app_init ] --END-- [ RunTime:0.001147s ]
INFO: [ app_begin ] --START--
INFO: Run Behavior\ReadHtmlCacheBehavior [ RunTime:0.000966s ]
INFO: [ app_begin ] --END-- [ RunTime:0.001194s ]
SQL: SHOW COLUMNS FROM `file_user` [ RunTime:0.0066s ]
SQL: SELECT * FROM `file_user` WHERE `user_name` = 'monkey' LIMIT 1   [ RunTime:0.0004s ]
INFO: [ view_parse ] --START--
INFO: Run Behavior\ParseTemplateBehavior [ RunTime:0.013591s ]
INFO: [ view_parse ] --END-- [ RunTime:0.013855s ]
INFO: [ view_filter ] --START--
INFO: Run Behavior\WriteHtmlCacheBehavior [ RunTime:0.000608s ]
INFO: [ view_filter ] --END-- [ RunTime:0.000791s ]
INFO: [ app_end ] --START--
INFO: Run Behavior\ShowPageTraceBehavior [ RunTime:0.000887s ]
INFO: [ app_end ] --END-- [ RunTime:0.001066s ]
NOTIC: [8] Constant NOW_TIME already defined D:\file\file\index.php 第 13 行.
NOTIC: [8] Undefined variable: SERVER D:\file\file\index.php 第 15 行.

[ 2017-09-14T16:38:12+08:00 ] 127.0.0.1 /file/index.php/Home/user/verifyImg
INFO: [ app_init ] --START--
INFO: Run Behavior\BuildLiteBehavior [ RunTime:0.000073s ]
INFO: [ app_init ] --END-- [ RunTime:0.000963s ]
INFO: [ app_begin ] --START--
INFO: Run Behavior\ReadHtmlCacheBehavior [ RunTime:0.000683s ]
INFO: [ app_begin ] --END-- [ RunTime:0.000881s ]
INFO: [ app_end ] --START--
INFO: Run Behavior\ShowPageTraceBehavior [ RunTime:0.000868s ]
INFO: [ app_end ] --END-- [ RunTime:0.001071s ]
NOTIC: [8] Constant NOW_TIME already defined D:\file\file\index.php 第 13 行.
NOTIC: [8] Undefined variable: SERVER D:\file\file\index.php 第 15 行.

[ 2017-09-14T16:38:21+08:00 ] 127.0.0.1 /file/index.php/Home/user/login
INFO: [ app_init ] --START--
INFO: Run Behavior\BuildLiteBehavior [ RunTime:0.000042s ]
INFO: [ app_init ] --END-- [ RunTime:0.000629s ]
INFO: [ app_begin ] --START--
INFO: Run Behavior\ReadHtmlCacheBehavior [ RunTime:0.000636s ]
INFO: [ app_begin ] --END-- [ RunTime:0.000841s ]
SQL: SHOW COLUMNS FROM `file_user` [ RunTime:0.3408s ]
SQL: SELECT * FROM `file_user` WHERE `user_name` = 'monkey' LIMIT 1   [ RunTime:0.0004s ]

[ 2017-09-14T16:38:21+08:00 ] 127.0.0.1 /file/index.php/Home/Index/index.html
INFO: [ app_init ] --START--
INFO: Run Behavior\BuildLiteBehavior [ RunTime:0.000040s ]
INFO: [ app_init ] --END-- [ RunTime:0.000620s ]
INFO: [ app_begin ] --START--
INFO: Run Behavior\ReadHtmlCacheBehavior [ RunTime:0.000640s ]
INFO: [ app_begin ] --END-- [ RunTime:0.000825s ]
INFO: [ view_parse ] --START--
INFO: Run Behavior\ParseTemplateBehavior [ RunTime:0.041646s ]
INFO: [ view_parse ] --END-- [ RunTime:0.041877s ]
INFO: [ view_filter ] --START--
INFO: Run Behavior\WriteHtmlCacheBehavior [ RunTime:0.000515s ]
INFO: [ view_filter ] --END-- [ RunTime:0.000741s ]
INFO: [ app_end ] --START--
INFO: Run Behavior\ShowPageTraceBehavior [ RunTime:0.000762s ]
INFO: [ app_end ] --END-- [ RunTime:0.000941s ]
NOTIC: [8] Constant NOW_TIME already defined D:\file\file\index.php 第 13 行.
NOTIC: [8] Undefined variable: SERVER D:\file\file\index.php 第 15 行.

[ 2017-09-14T16:38:22+08:00 ] 127.0.0.1 /file/index.php/Home/Index/head.html
INFO: [ app_init ] --START--
INFO: Run Behavior\BuildLiteBehavior [ RunTime:0.000071s ]
INFO: [ app_init ] --END-- [ RunTime:0.001168s ]
INFO: [ app_begin ] --START--
INFO: Run Behavior\ReadHtmlCacheBehavior [ RunTime:0.001100s ]
INFO: [ app_begin ] --END-- [ RunTime:0.001451s ]
INFO: [ view_parse ] --START--
INFO: Run Behavior\ParseTemplateBehavior [ RunTime:0.143513s ]
INFO: [ view_parse ] --END-- [ RunTime:0.143777s ]
INFO: [ view_filter ] --START--
INFO: Run Behavior\WriteHtmlCacheBehavior [ RunTime:0.000434s ]
INFO: [ view_filter ] --END-- [ RunTime:0.000599s ]
INFO: [ app_end ] --START--
INFO: Run Behavior\ShowPageTraceBehavior [ RunTime:0.000650s ]
INFO: [ app_end ] --END-- [ RunTime:0.000820s ]
NOTIC: [8] Constant NOW_TIME already defined D:\file\file\index.php 第 13 行.
NOTIC: [8] Undefined variable: SERVER D:\file\file\index.php 第 15 行.

[ 2017-09-14T16:38:22+08:00 ] 127.0.0.1 /file/index.php/Home/Index/left.html
INFO: [ app_init ] --START--
INFO: Run Behavior\BuildLiteBehavior [ RunTime:0.000066s ]
INFO: [ app_init ] --END-- [ RunTime:0.000996s ]
INFO: [ app_begin ] --START--
INFO: Run Behavior\ReadHtmlCacheBehavior [ RunTime:0.000980s ]
INFO: [ app_begin ] --END-- [ RunTime:0.001320s ]
INFO: [ view_parse ] --START--
INFO: Run Behavior\ParseTemplateBehavior [ RunTime:0.409199s ]
INFO: [ view_parse ] --END-- [ RunTime:0.409453s ]
INFO: [ view_filter ] --START--
INFO: Run Behavior\WriteHtmlCacheBehavior [ RunTime:0.000462s ]
INFO: [ view_filter ] --END-- [ RunTime:0.000631s ]
INFO: [ app_end ] --START--
INFO: Run Behavior\ShowPageTraceBehavior [ RunTime:0.000708s ]
INFO: [ app_end ] --END-- [ RunTime:0.000886s ]
NOTIC: [8] Constant NOW_TIME already defined D:\file\file\index.php 第 13 行.
NOTIC: [8] Undefined variable: SERVER D:\file\file\index.php 第 15 行.

[ 2017-09-14T16:38:22+08:00 ] 127.0.0.1 /file/index.php/Home/Index/right.html
INFO: [ app_init ] --START--
INFO: Run Behavior\BuildLiteBehavior [ RunTime:0.000049s ]
INFO: [ app_init ] --END-- [ RunTime:0.001092s ]
INFO: [ app_begin ] --START--
INFO: Run Behavior\ReadHtmlCacheBehavior [ RunTime:0.001460s ]
INFO: [ app_begin ] --END-- [ RunTime:0.001808s ]
INFO: [ view_parse ] --START--
INFO: Run Behavior\ParseTemplateBehavior [ RunTime:0.111592s ]
INFO: [ view_parse ] --END-- [ RunTime:0.111809s ]
INFO: [ view_filter ] --START--
INFO: Run Behavior\WriteHtmlCacheBehavior [ RunTime:0.000672s ]
INFO: [ view_filter ] --END-- [ RunTime:0.000837s ]
INFO: [ app_end ] --START--
INFO: Run Behavior\ShowPageTraceBehavior [ RunTime:0.000835s ]
INFO: [ app_end ] --END-- [ RunTime:0.001003s ]
NOTIC: [8] Constant NOW_TIME already defined D:\file\file\index.php 第 13 行.
NOTIC: [8] Undefined variable: SERVER D:\file\file\index.php 第 15 行.

[ 2017-09-14T16:38:26+08:00 ] 127.0.0.1 /file/index.php/Home/file/manage
INFO: [ app_init ] --START--
INFO: Run Behavior\BuildLiteBehavior [ RunTime:0.000066s ]
INFO: [ app_init ] --END-- [ RunTime:0.001008s ]
INFO: [ app_begin ] --START--
INFO: Run Behavior\ReadHtmlCacheBehavior [ RunTime:0.001025s ]
INFO: [ app_begin ] --END-- [ RunTime:0.001370s ]
SQL: SHOW COLUMNS FROM `file_file` [ RunTime:0.0069s ]
SQL: SELECT COUNT(*) AS tp_count FROM `file_file` LIMIT 1   [ RunTime:0.0004s ]

[ 2017-09-14T16:40:19+08:00 ] 127.0.0.1 /file/index.php/Home/file/changefile
INFO: [ app_init ] --START--
INFO: Run Behavior\BuildLiteBehavior [ RunTime:0.000041s ]
INFO: [ app_init ] --END-- [ RunTime:0.000721s ]
INFO: [ app_begin ] --START--
INFO: Run Behavior\ReadHtmlCacheBehavior [ RunTime:0.001001s ]
INFO: [ app_begin ] --END-- [ RunTime:0.001211s ]
SQL: SHOW COLUMNS FROM `file_file` [ RunTime:0.3247s ]
INFO: [ view_parse ] --START--
INFO: Run Behavior\ParseTemplateBehavior [ RunTime:0.086454s ]
INFO: [ view_parse ] --END-- [ RunTime:0.086768s ]
INFO: [ view_filter ] --START--
INFO: Run Behavior\WriteHtmlCacheBehavior [ RunTime:0.000687s ]
INFO: [ view_filter ] --END-- [ RunTime:0.000862s ]
INFO: [ app_end ] --START--
INFO: Run Behavior\ShowPageTraceBehavior [ RunTime:0.000849s ]
INFO: [ app_end ] --END-- [ RunTime:0.001021s ]
NOTIC: [8] Constant NOW_TIME already defined D:\file\file\index.php 第 13 行.
NOTIC: [8] Undefined variable: SERVER D:\file\file\index.php 第 15 行.

[ 2017-09-14T16:40:19+08:00 ] 127.0.0.1 /file/index.php/Home/file/css/mine.css
INFO: [ app_init ] --START--
INFO: Run Behavior\BuildLiteBehavior [ RunTime:0.000039s ]
INFO: [ app_init ] --END-- [ RunTime:0.000607s ]
INFO: [ app_begin ] --START--
INFO: Run Behavior\ReadHtmlCacheBehavior [ RunTime:0.000704s ]
INFO: [ app_begin ] --END-- [ RunTime:0.000904s ]
INFO: [ app_end ] --START--
INFO: Run Behavior\ShowPageTraceBehavior [ RunTime:0.000674s ]
INFO: [ app_end ] --END-- [ RunTime:0.000862s ]
NOTIC: [8] Constant NOW_TIME already defined D:\file\file\index.php 第 13 行.
NOTIC: [8] Undefined variable: SERVER D:\file\file\index.php 第 15 行.

[ 2017-09-14T16:40:20+08:00 ] 127.0.0.1 /file/index.php/Home/file/manage
INFO: [ app_init ] --START--
INFO: Run Behavior\BuildLiteBehavior [ RunTime:0.000039s ]
INFO: [ app_init ] --END-- [ RunTime:0.000606s ]
INFO: [ app_begin ] --START--
INFO: Run Behavior\ReadHtmlCacheBehavior [ RunTime:0.000767s ]
INFO: [ app_begin ] --END-- [ RunTime:0.001029s ]
SQL: SHOW COLUMNS FROM `file_file` [ RunTime:0.0662s ]
SQL: SELECT COUNT(*) AS tp_count FROM `file_file` LIMIT 1   [ RunTime:0.0003s ]
SQL: SELECT * FROM `file_file`  [ RunTime:0.0003s ]
INFO: [ view_parse ] --START--
INFO: Run Behavior\ParseTemplateBehavior [ RunTime:0.156338s ]
INFO: [ view_parse ] --END-- [ RunTime:0.156529s ]
INFO: [ view_filter ] --START--
INFO: Run Behavior\WriteHtmlCacheBehavior [ RunTime:0.000843s ]
INFO: [ view_filter ] --END-- [ RunTime:0.001008s ]
INFO: [ app_end ] --START--
INFO: Run Behavior\ShowPageTraceBehavior [ RunTime:0.000805s ]
INFO: [ app_end ] --END-- [ RunTime:0.000972s ]
NOTIC: [8] Constant NOW_TIME already defined D:\file\file\index.php 第 13 行.
NOTIC: [8] Undefined variable: SERVER D:\file\file\index.php 第 15 行.

[ 2017-09-14T16:40:20+08:00 ] 127.0.0.1 /file/index.php/Home/file/css/mine.css
INFO: [ app_init ] --START--
INFO: Run Behavior\BuildLiteBehavior [ RunTime:0.000046s ]
INFO: [ app_init ] --END-- [ RunTime:0.000711s ]
INFO: [ app_begin ] --START--
INFO: Run Behavior\ReadHtmlCacheBehavior [ RunTime:0.000711s ]
INFO: [ app_begin ] --END-- [ RunTime:0.000917s ]
INFO: [ app_end ] --START--
INFO: Run Behavior\ShowPageTraceBehavior [ RunTime:0.000663s ]
INFO: [ app_end ] --END-- [ RunTime:0.000849s ]
NOTIC: [8] Constant NOW_TIME already defined D:\file\file\index.php 第 13 行.
NOTIC: [8] Undefined variable: SERVER D:\file\file\index.php 第 15 行.

[ 2017-09-14T16:40:23+08:00 ] 127.0.0.1 /file/index.php/Home/file/css/mine.css
INFO: [ app_init ] --START--
INFO: Run Behavior\BuildLiteBehavior [ RunTime:0.000043s ]
INFO: [ app_init ] --END-- [ RunTime:0.000722s ]
INFO: [ app_begin ] --START--
INFO: Run Behavior\ReadHtmlCacheBehavior [ RunTime:0.000859s ]
INFO: [ app_begin ] --END-- [ RunTime:0.001063s ]
INFO: [ app_end ] --START--
INFO: Run Behavior\ShowPageTraceBehavior [ RunTime:0.000650s ]
INFO: [ app_end ] --END-- [ RunTime:0.000830s ]
NOTIC: [8] Constant NOW_TIME already defined D:\file\file\index.php 第 13 行.
NOTIC: [8] Undefined variable: SERVER D:\file\file\index.php 第 15 行.

[ 2017-09-14T16:40:26+08:00 ] 127.0.0.1 /file/index.php/Home/file/css/mine.css
INFO: [ app_init ] --START--
INFO: Run Behavior\BuildLiteBehavior [ RunTime:0.000065s ]
INFO: [ app_init ] --END-- [ RunTime:0.001115s ]
INFO: [ app_begin ] --START--
INFO: Run Behavior\ReadHtmlCacheBehavior [ RunTime:0.001173s ]
INFO: [ app_begin ] --END-- [ RunTime:0.001521s ]
INFO: [ app_end ] --START--
INFO: Run Behavior\ShowPageTraceBehavior [ RunTime:0.001545s ]
INFO: [ app_end ] --END-- [ RunTime:0.001871s ]
NOTIC: [8] Constant NOW_TIME already defined D:\file\file\index.php 第 13 行.
NOTIC: [8] Undefined variable: SERVER D:\file\file\index.php 第 15 行.

[ 2017-09-14T18:26:24+08:00 ] 127.0.0.1 /file/index.php/Home/file/css/mine.css
INFO: [ app_init ] --START--
INFO: Run Behavior\BuildLiteBehavior [ RunTime:0.000041s ]
INFO: [ app_init ] --END-- [ RunTime:0.000722s ]
INFO: [ app_begin ] --START--
INFO: Run Behavior\ReadHtmlCacheBehavior [ RunTime:0.000904s ]
INFO: [ app_begin ] --END-- [ RunTime:0.001101s ]
INFO: [ app_end ] --START--
INFO: Run Behavior\ShowPageTraceBehavior [ RunTime:0.000837s ]
INFO: [ app_end ] --END-- [ RunTime:0.001015s ]
NOTIC: [8] Constant NOW_TIME already defined D:\file\file\index.php 第 13 行.
NOTIC: [8] Undefined variable: SERVER D:\file\file\index.php 第 15 行.

[ 2017-09-14T18:33:11+08:00 ] 127.0.0.1 /file/index.php/Home/file/css/mine.css
INFO: [ app_init ] --START--
INFO: Run Behavior\BuildLiteBehavior [ RunTime:0.000039s ]
INFO: [ app_init ] --END-- [ RunTime:0.000708s ]
INFO: [ app_begin ] --START--
INFO: Run Behavior\ReadHtmlCacheBehavior [ RunTime:0.000943s ]
INFO: [ app_begin ] --END-- [ RunTime:0.001129s ]
INFO: [ app_end ] --START--
INFO: Run Behavior\ShowPageTraceBehavior [ RunTime:0.000882s ]
INFO: [ app_end ] --END-- [ RunTime:0.001070s ]
NOTIC: [8] Constant NOW_TIME already defined D:\file\file\index.php 第 13 行.
NOTIC: [8] Undefined variable: SERVER D:\file\file\index.php 第 15 行.

[ 2017-09-14T18:40:54+08:00 ] 127.0.0.1 /file/index.php/Home/file/changefile
INFO: [ app_init ] --START--
INFO: Run Behavior\BuildLiteBehavior [ RunTime:0.000038s ]
INFO: [ app_init ] --END-- [ RunTime:0.000740s ]
INFO: [ app_begin ] --START--
INFO: Run Behavior\ReadHtmlCacheBehavior [ RunTime:0.000921s ]
INFO: [ app_begin ] --END-- [ RunTime:0.001109s ]
SQL: SHOW COLUMNS FROM `file_file` [ RunTime:0.1238s ]
INFO: [ view_parse ] --START--
INFO: Run Behavior\ParseTemplateBehavior [ RunTime:0.027613s ]
INFO: [ view_parse ] --END-- [ RunTime:0.027921s ]
INFO: [ view_filter ] --START--
INFO: Run Behavior\WriteHtmlCacheBehavior [ RunTime:0.000586s ]
INFO: [ view_filter ] --END-- [ RunTime:0.000757s ]
INFO: [ app_end ] --START--
INFO: Run Behavior\ShowPageTraceBehavior [ RunTime:0.000836s ]
INFO: [ app_end ] --END-- [ RunTime:0.001005s ]
NOTIC: [8] Constant NOW_TIME already defined D:\file\file\index.php 第 13 行.
NOTIC: [8] Undefined variable: SERVER D:\file\file\index.php 第 15 行.

[ 2017-09-14T18:40:54+08:00 ] 127.0.0.1 /file/index.php/Home/file/css/mine.css
INFO: [ app_init ] --START--
INFO: Run Behavior\BuildLiteBehavior [ RunTime:0.000040s ]
INFO: [ app_init ] --END-- [ RunTime:0.000700s ]
INFO: [ app_begin ] --START--
INFO: Run Behavior\ReadHtmlCacheBehavior [ RunTime:0.000920s ]
INFO: [ app_begin ] --END-- [ RunTime:0.001117s ]
INFO: [ app_end ] --START--
INFO: Run Behavior\ShowPageTraceBehavior [ RunTime:0.000865s ]
INFO: [ app_end ] --END-- [ RunTime:0.001046s ]
NOTIC: [8] Constant NOW_TIME already defined D:\file\file\index.php 第 13 行.
NOTIC: [8] Undefined variable: SERVER D:\file\file\index.php 第 15 行.

[ 2017-09-14T18:40:54+08:00 ] 127.0.0.1 /file/index.php/Home/file/manage
INFO: [ app_init ] --START--
INFO: Run Behavior\BuildLiteBehavior [ RunTime:0.000039s ]
INFO: [ app_init ] --END-- [ RunTime:0.000606s ]
INFO: [ app_begin ] --START--
INFO: Run Behavior\ReadHtmlCacheBehavior [ RunTime:0.000643s ]
INFO: [ app_begin ] --END-- [ RunTime:0.000847s ]

[ 2017-09-14T18:41:21+08:00 ] 127.0.0.1 /file/index.php/Home/file/manage
INFO: [ app_init ] --START--
INFO: Run Behavior\BuildLiteBehavior [ RunTime:0.000038s ]
INFO: [ app_init ] --END-- [ RunTime:0.000605s ]
INFO: [ app_begin ] --START--
INFO: Run Behavior\ReadHtmlCacheBehavior [ RunTime:0.000653s ]
INFO: [ app_begin ] --END-- [ RunTime:0.000853s ]

[ 2017-09-14T18:42:01+08:00 ] 127.0.0.1 /file/index.php/Home/file/manage
INFO: [ app_init ] --START--
INFO: Run Behavior\BuildLiteBehavior [ RunTime:0.000038s ]
INFO: [ app_init ] --END-- [ RunTime:0.000637s ]
INFO: [ app_begin ] --START--
INFO: Run Behavior\ReadHtmlCacheBehavior [ RunTime:0.000644s ]
INFO: [ app_begin ] --END-- [ RunTime:0.000839s ]

[ 2017-09-14T18:42:16+08:00 ] 127.0.0.1 /file/index.php/Home/file/manage
INFO: [ app_init ] --START--
INFO: Run Behavior\BuildLiteBehavior [ RunTime:0.000041s ]
INFO: [ app_init ] --END-- [ RunTime:0.000611s ]
INFO: [ app_begin ] --START--
INFO: Run Behavior\ReadHtmlCacheBehavior [ RunTime:0.000759s ]
INFO: [ app_begin ] --END-- [ RunTime:0.000967s ]
SQL: SHOW COLUMNS FROM `file_file` [ RunTime:0.0111s ]
SQL: SELECT COUNT(*) AS tp_count FROM `file_file` LIMIT 1   [ RunTime:0.0004s ]
SQL: SELECT * FROM `file_file`  [ RunTime:0.0003s ]
INFO: [ view_parse ] --START--
INFO: Run Behavior\ParseTemplateBehavior [ RunTime:0.012030s ]
INFO: [ view_parse ] --END-- [ RunTime:0.012215s ]
INFO: [ view_filter ] --START--
INFO: Run Behavior\WriteHtmlCacheBehavior [ RunTime:0.000576s ]
INFO: [ view_filter ] --END-- [ RunTime:0.000739s ]
INFO: [ app_end ] --START--
INFO: Run Behavior\ShowPageTraceBehavior [ RunTime:0.000633s ]
INFO: [ app_end ] --END-- [ RunTime:0.000798s ]
NOTIC: [8] Constant NOW_TIME already defined D:\file\file\index.php 第 13 行.
NOTIC: [8] Undefined variable: SERVER D:\file\file\index.php 第 15 行.

[ 2017-09-14T18:42:16+08:00 ] 127.0.0.1 /file/index.php/Home/file/css/mine.css
INFO: [ app_init ] --START--
INFO: Run Behavior\BuildLiteBehavior [ RunTime:0.000041s ]
INFO: [ app_init ] --END-- [ RunTime:0.000636s ]
INFO: [ app_begin ] --START--
INFO: Run Behavior\ReadHtmlCacheBehavior [ RunTime:0.000644s ]
INFO: [ app_begin ] --END-- [ RunTime:0.000833s ]
INFO: [ app_end ] --START--
INFO: Run Behavior\ShowPageTraceBehavior [ RunTime:0.000651s ]
INFO: [ app_end ] --END-- [ RunTime:0.000830s ]
NOTIC: [8] Constant NOW_TIME already defined D:\file\file\index.php 第 13 行.
NOTIC: [8] Undefined variable: SERVER D:\file\file\index.php 第 15 行.

[ 2017-09-14T22:55:13+08:00 ] 127.0.0.1 /file/index.php/Home/file/changefile
INFO: [ app_init ] --START--
INFO: Run Behavior\BuildLiteBehavior [ RunTime:0.000112s ]
INFO: [ app_init ] --END-- [ RunTime:0.000886s ]
INFO: [ app_begin ] --START--
INFO: Run Behavior\ReadHtmlCacheBehavior [ RunTime:0.000939s ]
INFO: [ app_begin ] --END-- [ RunTime:0.001139s ]
SQL: SHOW COLUMNS FROM `file_file` [ RunTime:0.0319s ]
INFO: [ view_parse ] --START--
INFO: Run Behavior\ParseTemplateBehavior [ RunTime:0.011844s ]
INFO: [ view_parse ] --END-- [ RunTime:0.012029s ]
INFO: [ view_filter ] --START--
INFO: Run Behavior\WriteHtmlCacheBehavior [ RunTime:0.000572s ]
INFO: [ view_filter ] --END-- [ RunTime:0.000736s ]
INFO: [ app_end ] --START--
INFO: Run Behavior\ShowPageTraceBehavior [ RunTime:0.000813s ]
INFO: [ app_end ] --END-- [ RunTime:0.000980s ]
NOTIC: [8] Constant NOW_TIME already defined D:\file\file\index.php 第 13 行.
NOTIC: [8] Undefined variable: SERVER D:\file\file\index.php 第 15 行.

[ 2017-09-14T22:55:13+08:00 ] 127.0.0.1 /file/index.php/Home/file/css/mine.css
INFO: [ app_init ] --START--
INFO: Run Behavior\BuildLiteBehavior [ RunTime:0.000056s ]
INFO: [ app_init ] --END-- [ RunTime:0.001093s ]
INFO: [ app_begin ] --START--
INFO: Run Behavior\ReadHtmlCacheBehavior [ RunTime:0.000929s ]
INFO: [ app_begin ] --END-- [ RunTime:0.001128s ]
INFO: [ app_end ] --START--
INFO: Run Behavior\ShowPageTraceBehavior [ RunTime:0.000964s ]
INFO: [ app_end ] --END-- [ RunTime:0.001153s ]
NOTIC: [8] Constant NOW_TIME already defined D:\file\file\index.php 第 13 行.
NOTIC: [8] Undefined variable: SERVER D:\file\file\index.php 第 15 行.

[ 2017-09-14T22:55:14+08:00 ] 127.0.0.1 /file/index.php/Home/file/manage
INFO: [ app_init ] --START--
INFO: Run Behavior\BuildLiteBehavior [ RunTime:0.000066s ]
INFO: [ app_init ] --END-- [ RunTime:0.000948s ]
INFO: [ app_begin ] --START--
INFO: Run Behavior\ReadHtmlCacheBehavior [ RunTime:0.000646s ]
INFO: [ app_begin ] --END-- [ RunTime:0.000848s ]
SQL: SHOW COLUMNS FROM `file_file` [ RunTime:0.3067s ]
SQL: SELECT COUNT(*) AS tp_count FROM `file_file` LIMIT 1   [ RunTime:0.0007s ]

[ 2017-09-14T22:55:37+08:00 ] 127.0.0.1 /file/index.php/Home/file/manage
INFO: [ app_init ] --START--
INFO: Run Behavior\BuildLiteBehavior [ RunTime:0.000038s ]
INFO: [ app_init ] --END-- [ RunTime:0.000604s ]
INFO: [ app_begin ] --START--
INFO: Run Behavior\ReadHtmlCacheBehavior [ RunTime:0.000645s ]
INFO: [ app_begin ] --END-- [ RunTime:0.000845s ]
SQL: SHOW COLUMNS FROM `file_file` [ RunTime:0.0918s ]
SQL: SELECT COUNT(*) AS tp_count FROM `file_file` LIMIT 1   [ RunTime:0.0006s ]
SQL: SELECT * FROM `file_file`  [ RunTime:0.0008s ]
INFO: [ view_parse ] --START--
INFO: Run Behavior\ParseTemplateBehavior [ RunTime:0.101442s ]
INFO: [ view_parse ] --END-- [ RunTime:0.101790s ]
INFO: [ view_filter ] --START--
INFO: Run Behavior\WriteHtmlCacheBehavior [ RunTime:0.000865s ]
INFO: [ view_filter ] --END-- [ RunTime:0.001029s ]
INFO: [ app_end ] --START--
INFO: Run Behavior\ShowPageTraceBehavior [ RunTime:0.000812s ]
INFO: [ app_end ] --END-- [ RunTime:0.000978s ]
NOTIC: [8] Constant NOW_TIME already defined D:\file\file\index.php 第 13 行.
NOTIC: [8] Undefined variable: SERVER D:\file\file\index.php 第 15 行.

[ 2017-09-14T22:55:37+08:00 ] 127.0.0.1 /file/index.php/Home/file/css/mine.css
INFO: [ app_init ] --START--
INFO: Run Behavior\BuildLiteBehavior [ RunTime:0.000041s ]
INFO: [ app_init ] --END-- [ RunTime:0.000633s ]
INFO: [ app_begin ] --START--
INFO: Run Behavior\ReadHtmlCacheBehavior [ RunTime:0.000777s ]
INFO: [ app_begin ] --END-- [ RunTime:0.000977s ]
INFO: [ app_end ] --START--
INFO: Run Behavior\ShowPageTraceBehavior [ RunTime:0.000658s ]
INFO: [ app_end ] --END-- [ RunTime:0.000837s ]
NOTIC: [8] Constant NOW_TIME already defined D:\file\file\index.php 第 13 行.
NOTIC: [8] Undefined variable: SERVER D:\file\file\index.php 第 15 行.

[ 2017-09-14T22:55:39+08:00 ] 127.0.0.1 /file/index.php/Home/file/manage?page=2
INFO: [ app_init ] --START--
INFO: Run Behavior\BuildLiteBehavior [ RunTime:0.000040s ]
INFO: [ app_init ] --END-- [ RunTime:0.000626s ]
INFO: [ app_begin ] --START--
INFO: Run Behavior\ReadHtmlCacheBehavior [ RunTime:0.000634s ]
INFO: [ app_begin ] --END-- [ RunTime:0.000831s ]
SQL: SHOW COLUMNS FROM `file_file` [ RunTime:0.0884s ]
SQL: SELECT COUNT(*) AS tp_count FROM `file_file` LIMIT 1   [ RunTime:0.0003s ]
SQL: SELECT * FROM `file_file`  [ RunTime:0.0004s ]
INFO: [ view_parse ] --START--
INFO: Run Behavior\ParseTemplateBehavior [ RunTime:0.011942s ]
INFO: [ view_parse ] --END-- [ RunTime:0.012122s ]
INFO: [ view_filter ] --START--
INFO: Run Behavior\WriteHtmlCacheBehavior [ RunTime:0.000567s ]
INFO: [ view_filter ] --END-- [ RunTime:0.000732s ]
INFO: [ app_end ] --START--
INFO: Run Behavior\ShowPageTraceBehavior [ RunTime:0.000636s ]
INFO: [ app_end ] --END-- [ RunTime:0.000804s ]
NOTIC: [8] Constant NOW_TIME already defined D:\file\file\index.php 第 13 行.
NOTIC: [8] Undefined variable: SERVER D:\file\file\index.php 第 15 行.

[ 2017-09-14T22:55:39+08:00 ] 127.0.0.1 /file/index.php/Home/file/css/mine.css
INFO: [ app_init ] --START--
INFO: Run Behavior\BuildLiteBehavior [ RunTime:0.000039s ]
INFO: [ app_init ] --END-- [ RunTime:0.000687s ]
INFO: [ app_begin ] --START--
INFO: Run Behavior\ReadHtmlCacheBehavior [ RunTime:0.000826s ]
INFO: [ app_begin ] --END-- [ RunTime:0.001020s ]
INFO: [ app_end ] --START--
INFO: Run Behavior\ShowPageTraceBehavior [ RunTime:0.000645s ]
INFO: [ app_end ] --END-- [ RunTime:0.000823s ]
NOTIC: [8] Constant NOW_TIME already defined D:\file\file\index.php 第 13 行.
NOTIC: [8] Undefined variable: SERVER D:\file\file\index.php 第 15 行.

[ 2017-09-14T22:55:41+08:00 ] 127.0.0.1 /file/index.php/Home/file/manage?page=3
INFO: [ app_init ] --START--
INFO: Run Behavior\BuildLiteBehavior [ RunTime:0.000040s ]
INFO: [ app_init ] --END-- [ RunTime:0.000614s ]
INFO: [ app_begin ] --START--
INFO: Run Behavior\ReadHtmlCacheBehavior [ RunTime:0.000647s ]
INFO: [ app_begin ] --END-- [ RunTime:0.000848s ]
SQL: SHOW COLUMNS FROM `file_file` [ RunTime:0.0298s ]
SQL: SELECT COUNT(*) AS tp_count FROM `file_file` LIMIT 1   [ RunTime:0.0003s ]
SQL: SELECT * FROM `file_file`  [ RunTime:0.0003s ]
INFO: [ view_parse ] --START--
INFO: Run Behavior\ParseTemplateBehavior [ RunTime:0.011834s ]
INFO: [ view_parse ] --END-- [ RunTime:0.012042s ]
INFO: [ view_filter ] --START--
INFO: Run Behavior\WriteHtmlCacheBehavior [ RunTime:0.000393s ]
INFO: [ view_filter ] --END-- [ RunTime:0.000556s ]
INFO: [ app_end ] --START--
INFO: Run Behavior\ShowPageTraceBehavior [ RunTime:0.000631s ]
INFO: [ app_end ] --END-- [ RunTime:0.000798s ]
NOTIC: [8] Constant NOW_TIME already defined D:\file\file\index.php 第 13 行.
NOTIC: [8] Undefined variable: SERVER D:\file\file\index.php 第 15 行.

[ 2017-09-14T22:55:41+08:00 ] 127.0.0.1 /file/index.php/Home/file/css/mine.css
INFO: [ app_init ] --START--
INFO: Run Behavior\BuildLiteBehavior [ RunTime:0.000041s ]
INFO: [ app_init ] --END-- [ RunTime:0.000634s ]
INFO: [ app_begin ] --START--
INFO: Run Behavior\ReadHtmlCacheBehavior [ RunTime:0.000646s ]
INFO: [ app_begin ] --END-- [ RunTime:0.000833s ]
INFO: [ app_end ] --START--
INFO: Run Behavior\ShowPageTraceBehavior [ RunTime:0.000670s ]
INFO: [ app_end ] --END-- [ RunTime:0.000893s ]
NOTIC: [8] Constant NOW_TIME already defined D:\file\file\index.php 第 13 行.
NOTIC: [8] Undefined variable: SERVER D:\file\file\index.php 第 15 行.

[ 2017-09-14T22:55:43+08:00 ] 127.0.0.1 /file/index.php/Home/file/manage?page=1
INFO: [ app_init ] --START--
INFO: Run Behavior\BuildLiteBehavior [ RunTime:0.000041s ]
INFO: [ app_init ] --END-- [ RunTime:0.000624s ]
INFO: [ app_begin ] --START--
INFO: Run Behavior\ReadHtmlCacheBehavior [ RunTime:0.000641s ]
INFO: [ app_begin ] --END-- [ RunTime:0.000838s ]
SQL: SHOW COLUMNS FROM `file_file` [ RunTime:0.1661s ]
SQL: SELECT COUNT(*) AS tp_count FROM `file_file` LIMIT 1   [ RunTime:0.0005s ]
SQL: SELECT * FROM `file_file`  [ RunTime:0.0006s ]
INFO: [ view_parse ] --START--
INFO: Run Behavior\ParseTemplateBehavior [ RunTime:0.018614s ]
INFO: [ view_parse ] --END-- [ RunTime:0.018952s ]
INFO: [ view_filter ] --START--
INFO: Run Behavior\WriteHtmlCacheBehavior [ RunTime:0.000919s ]
INFO: [ view_filter ] --END-- [ RunTime:0.001226s ]
INFO: [ app_end ] --START--
INFO: Run Behavior\ShowPageTraceBehavior [ RunTime:0.001202s ]
INFO: [ app_end ] --END-- [ RunTime:0.001516s ]
NOTIC: [8] Constant NOW_TIME already defined D:\file\file\index.php 第 13 行.
NOTIC: [8] Undefined variable: SERVER D:\file\file\index.php 第 15 行.

[ 2017-09-14T22:55:43+08:00 ] 127.0.0.1 /file/index.php/Home/file/css/mine.css
INFO: [ app_init ] --START--
INFO: Run Behavior\BuildLiteBehavior [ RunTime:0.000040s ]
INFO: [ app_init ] --END-- [ RunTime:0.000607s ]
INFO: [ app_begin ] --START--
INFO: Run Behavior\ReadHtmlCacheBehavior [ RunTime:0.000641s ]
INFO: [ app_begin ] --END-- [ RunTime:0.000831s ]
INFO: [ app_end ] --START--
INFO: Run Behavior\ShowPageTraceBehavior [ RunTime:0.000650s ]
INFO: [ app_end ] --END-- [ RunTime:0.000829s ]
NOTIC: [8] Constant NOW_TIME already defined D:\file\file\index.php 第 13 行.
NOTIC: [8] Undefined variable: SERVER D:\file\file\index.php 第 15 行.

[ 2017-09-14T22:59:10+08:00 ] 127.0.0.1 /file/index.php/Home/file/manage
INFO: [ app_init ] --START--
INFO: Run Behavior\BuildLiteBehavior [ RunTime:0.000041s ]
INFO: [ app_init ] --END-- [ RunTime:0.000716s ]
INFO: [ app_begin ] --START--
INFO: Run Behavior\ReadHtmlCacheBehavior [ RunTime:0.000912s ]
INFO: [ app_begin ] --END-- [ RunTime:0.001120s ]
SQL: SHOW COLUMNS FROM `file_file` [ RunTime:0.0135s ]
SQL: SELECT COUNT(*) AS tp_count FROM `file_file` LIMIT 1   [ RunTime:0.0003s ]
SQL: SELECT * FROM `file_file`  [ RunTime:0.0003s ]
INFO: [ view_parse ] --START--
INFO: Run Behavior\ParseTemplateBehavior [ RunTime:0.011894s ]
INFO: [ view_parse ] --END-- [ RunTime:0.012095s ]
INFO: [ view_filter ] --START--
INFO: Run Behavior\WriteHtmlCacheBehavior [ RunTime:0.000565s ]
INFO: [ view_filter ] --END-- [ RunTime:0.000729s ]
INFO: [ app_end ] --START--
INFO: Run Behavior\ShowPageTraceBehavior [ RunTime:0.000860s ]
INFO: [ app_end ] --END-- [ RunTime:0.001030s ]
NOTIC: [8] Constant NOW_TIME already defined D:\file\file\index.php 第 13 行.
NOTIC: [8] Undefined variable: SERVER D:\file\file\index.php 第 15 行.

[ 2017-09-14T22:59:10+08:00 ] 127.0.0.1 /file/index.php/Home/file/css/mine.css
INFO: [ app_init ] --START--
INFO: Run Behavior\BuildLiteBehavior [ RunTime:0.000042s ]
INFO: [ app_init ] --END-- [ RunTime:0.000748s ]
INFO: [ app_begin ] --START--
INFO: Run Behavior\ReadHtmlCacheBehavior [ RunTime:0.000891s ]
INFO: [ app_begin ] --END-- [ RunTime:0.001080s ]
INFO: [ app_end ] --START--
INFO: Run Behavior\ShowPageTraceBehavior [ RunTime:0.000869s ]
INFO: [ app_end ] --END-- [ RunTime:0.001095s ]
NOTIC: [8] Constant NOW_TIME already defined D:\file\file\index.php 第 13 行.
NOTIC: [8] Undefined variable: SERVER D:\file\file\index.php 第 15 行.

[ 2017-09-14T23:01:52+08:00 ] 127.0.0.1 /file/index.php/Home/file/manage
INFO: [ app_init ] --START--
INFO: Run Behavior\BuildLiteBehavior [ RunTime:0.000039s ]
INFO: [ app_init ] --END-- [ RunTime:0.000710s ]
INFO: [ app_begin ] --START--
INFO: Run Behavior\ReadHtmlCacheBehavior [ RunTime:0.000887s ]
INFO: [ app_begin ] --END-- [ RunTime:0.001086s ]
SQL: SHOW COLUMNS FROM `file_file` [ RunTime:0.0135s ]
SQL: SELECT COUNT(*) AS tp_count FROM `file_file` LIMIT 1   [ RunTime:0.0007s ]
SQL: SELECT * FROM `file_file` LIMIT 0,1   [ RunTime:0.0007s ]
INFO: [ view_parse ] --START--
INFO: Run Behavior\ParseTemplateBehavior [ RunTime:0.027825s ]
INFO: [ view_parse ] --END-- [ RunTime:0.028249s ]
INFO: [ view_filter ] --START--
INFO: Run Behavior\WriteHtmlCacheBehavior [ RunTime:0.001339s ]
INFO: [ view_filter ] --END-- [ RunTime:0.001726s ]
INFO: [ app_end ] --START--
INFO: Run Behavior\ShowPageTraceBehavior [ RunTime:0.001281s ]
INFO: [ app_end ] --END-- [ RunTime:0.001692s ]
NOTIC: [8] Constant NOW_TIME already defined D:\file\file\index.php 第 13 行.
NOTIC: [8] Undefined variable: SERVER D:\file\file\index.php 第 15 行.

[ 2017-09-14T23:01:52+08:00 ] 127.0.0.1 /file/index.php/Home/file/css/mine.css
INFO: [ app_init ] --START--
INFO: Run Behavior\BuildLiteBehavior [ RunTime:0.000053s ]
INFO: [ app_init ] --END-- [ RunTime:0.000931s ]
INFO: [ app_begin ] --START--
INFO: Run Behavior\ReadHtmlCacheBehavior [ RunTime:0.001124s ]
INFO: [ app_begin ] --END-- [ RunTime:0.001366s ]
INFO: [ app_end ] --START--
INFO: Run Behavior\ShowPageTraceBehavior [ RunTime:0.001044s ]
INFO: [ app_end ] --END-- [ RunTime:0.001267s ]
NOTIC: [8] Constant NOW_TIME already defined D:\file\file\index.php 第 13 行.
NOTIC: [8] Undefined variable: SERVER D:\file\file\index.php 第 15 行.

[ 2017-09-14T23:01:53+08:00 ] 127.0.0.1 /file/index.php/Home/file/manage?page=2
INFO: [ app_init ] --START--
INFO: Run Behavior\BuildLiteBehavior [ RunTime:0.000039s ]
INFO: [ app_init ] --END-- [ RunTime:0.000603s ]
INFO: [ app_begin ] --START--
INFO: Run Behavior\ReadHtmlCacheBehavior [ RunTime:0.000646s ]
INFO: [ app_begin ] --END-- [ RunTime:0.000845s ]
SQL: SHOW COLUMNS FROM `file_file` [ RunTime:0.0149s ]
SQL: SELECT COUNT(*) AS tp_count FROM `file_file` LIMIT 1   [ RunTime:0.0003s ]
SQL: SELECT * FROM `file_file` LIMIT 1,1   [ RunTime:0.0004s ]
INFO: [ view_parse ] --START--
INFO: Run Behavior\ParseTemplateBehavior [ RunTime:0.011995s ]
INFO: [ view_parse ] --END-- [ RunTime:0.012183s ]
INFO: [ view_filter ] --START--
INFO: Run Behavior\WriteHtmlCacheBehavior [ RunTime:0.000585s ]
INFO: [ view_filter ] --END-- [ RunTime:0.000749s ]
INFO: [ app_end ] --START--
INFO: Run Behavior\ShowPageTraceBehavior [ RunTime:0.000630s ]
INFO: [ app_end ] --END-- [ RunTime:0.000797s ]
NOTIC: [8] Constant NOW_TIME already defined D:\file\file\index.php 第 13 行.
NOTIC: [8] Undefined variable: SERVER D:\file\file\index.php 第 15 行.

[ 2017-09-14T23:01:53+08:00 ] 127.0.0.1 /file/index.php/Home/file/css/mine.css
INFO: [ app_init ] --START--
INFO: Run Behavior\BuildLiteBehavior [ RunTime:0.000041s ]
INFO: [ app_init ] --END-- [ RunTime:0.000628s ]
INFO: [ app_begin ] --START--
INFO: Run Behavior\ReadHtmlCacheBehavior [ RunTime:0.000642s ]
INFO: [ app_begin ] --END-- [ RunTime:0.000827s ]
INFO: [ app_end ] --START--
INFO: Run Behavior\ShowPageTraceBehavior [ RunTime:0.000663s ]
INFO: [ app_end ] --END-- [ RunTime:0.000885s ]
NOTIC: [8] Constant NOW_TIME already defined D:\file\file\index.php 第 13 行.
NOTIC: [8] Undefined variable: SERVER D:\file\file\index.php 第 15 行.

[ 2017-09-14T23:01:54+08:00 ] 127.0.0.1 /file/index.php/Home/file/manage?page=3
INFO: [ app_init ] --START--
INFO: Run Behavior\BuildLiteBehavior [ RunTime:0.000041s ]
INFO: [ app_init ] --END-- [ RunTime:0.000627s ]
INFO: [ app_begin ] --START--
INFO: Run Behavior\ReadHtmlCacheBehavior [ RunTime:0.000650s ]
INFO: [ app_begin ] --END-- [ RunTime:0.000850s ]
SQL: SHOW COLUMNS FROM `file_file` [ RunTime:0.0181s ]
SQL: SELECT COUNT(*) AS tp_count FROM `file_file` LIMIT 1   [ RunTime:0.0003s ]
SQL: SELECT * FROM `file_file` LIMIT 2,1   [ RunTime:0.0003s ]
INFO: [ view_parse ] --START--
INFO: Run Behavior\ParseTemplateBehavior [ RunTime:0.010600s ]
INFO: [ view_parse ] --END-- [ RunTime:0.010833s ]
INFO: [ view_filter ] --START--
INFO: Run Behavior\WriteHtmlCacheBehavior [ RunTime:0.000547s ]
INFO: [ view_filter ] --END-- [ RunTime:0.000817s ]
INFO: [ app_end ] --START--
INFO: Run Behavior\ShowPageTraceBehavior [ RunTime:0.000965s ]
INFO: [ app_end ] --END-- [ RunTime:0.001235s ]
NOTIC: [8] Constant NOW_TIME already defined D:\file\file\index.php 第 13 行.
NOTIC: [8] Undefined variable: SERVER D:\file\file\index.php 第 15 行.

[ 2017-09-14T23:01:54+08:00 ] 127.0.0.1 /file/index.php/Home/file/css/mine.css
INFO: [ app_init ] --START--
INFO: Run Behavior\BuildLiteBehavior [ RunTime:0.000042s ]
INFO: [ app_init ] --END-- [ RunTime:0.000662s ]
INFO: [ app_begin ] --START--
INFO: Run Behavior\ReadHtmlCacheBehavior [ RunTime:0.000662s ]
INFO: [ app_begin ] --END-- [ RunTime:0.000857s ]
INFO: [ app_end ] --START--
INFO: Run Behavior\ShowPageTraceBehavior [ RunTime:0.000683s ]
INFO: [ app_end ] --END-- [ RunTime:0.000872s ]
NOTIC: [8] Constant NOW_TIME already defined D:\file\file\index.php 第 13 行.
NOTIC: [8] Undefined variable: SERVER D:\file\file\index.php 第 15 行.

[ 2017-09-14T23:01:57+08:00 ] 127.0.0.1 /file/index.php/Home/file/manage?page=1
INFO: [ app_init ] --START--
INFO: Run Behavior\BuildLiteBehavior [ RunTime:0.000040s ]
INFO: [ app_init ] --END-- [ RunTime:0.000610s ]
INFO: [ app_begin ] --START--
INFO: Run Behavior\ReadHtmlCacheBehavior [ RunTime:0.000643s ]
INFO: [ app_begin ] --END-- [ RunTime:0.000844s ]
SQL: SHOW COLUMNS FROM `file_file` [ RunTime:0.0745s ]
SQL: SELECT COUNT(*) AS tp_count FROM `file_file` LIMIT 1   [ RunTime:0.0006s ]
SQL: SELECT * FROM `file_file` LIMIT 0,1   [ RunTime:0.0007s ]
INFO: [ view_parse ] --START--
INFO: Run Behavior\ParseTemplateBehavior [ RunTime:0.024820s ]
INFO: [ view_parse ] --END-- [ RunTime:0.025403s ]
INFO: [ view_filter ] --START--
INFO: Run Behavior\WriteHtmlCacheBehavior [ RunTime:0.001494s ]
INFO: [ view_filter ] --END-- [ RunTime:0.002118s ]
INFO: [ app_end ] --START--
INFO: Run Behavior\ShowPageTraceBehavior [ RunTime:0.001547s ]
INFO: [ app_end ] --END-- [ RunTime:0.001943s ]
NOTIC: [8] Constant NOW_TIME already defined D:\file\file\index.php 第 13 行.
NOTIC: [8] Undefined variable: SERVER D:\file\file\index.php 第 15 行.

[ 2017-09-14T23:01:57+08:00 ] 127.0.0.1 /file/index.php/Home/file/css/mine.css
INFO: [ app_init ] --START--
INFO: Run Behavior\BuildLiteBehavior [ RunTime:0.000060s ]
INFO: [ app_init ] --END-- [ RunTime:0.000926s ]
INFO: [ app_begin ] --START--
INFO: Run Behavior\ReadHtmlCacheBehavior [ RunTime:0.000970s ]
INFO: [ app_begin ] --END-- [ RunTime:0.001250s ]
INFO: [ app_end ] --START--
INFO: Run Behavior\ShowPageTraceBehavior [ RunTime:0.001018s ]
INFO: [ app_end ] --END-- [ RunTime:0.001374s ]
NOTIC: [8] Constant NOW_TIME already defined D:\file\file\index.php 第 13 行.
NOTIC: [8] Undefined variable: SERVER D:\file\file\index.php 第 15 行.

[ 2017-09-14T23:02:00+08:00 ] 127.0.0.1 /file/index.php/Home/file/manage?page=3
INFO: [ app_init ] --START--
INFO: Run Behavior\BuildLiteBehavior [ RunTime:0.000040s ]
INFO: [ app_init ] --END-- [ RunTime:0.000621s ]
INFO: [ app_begin ] --START--
INFO: Run Behavior\ReadHtmlCacheBehavior [ RunTime:0.000641s ]
INFO: [ app_begin ] --END-- [ RunTime:0.000837s ]
SQL: SHOW COLUMNS FROM `file_file` [ RunTime:0.0338s ]
SQL: SELECT COUNT(*) AS tp_count FROM `file_file` LIMIT 1   [ RunTime:0.0006s ]
SQL: SELECT * FROM `file_file` LIMIT 2,1   [ RunTime:0.0007s ]
INFO: [ view_parse ] --START--
INFO: Run Behavior\ParseTemplateBehavior [ RunTime:0.023068s ]
INFO: [ view_parse ] --END-- [ RunTime:0.023482s ]
INFO: [ view_filter ] --START--
INFO: Run Behavior\WriteHtmlCacheBehavior [ RunTime:0.000891s ]
INFO: [ view_filter ] --END-- [ RunTime:0.001277s ]
INFO: [ app_end ] --START--
INFO: Run Behavior\ShowPageTraceBehavior [ RunTime:0.001661s ]
INFO: [ app_end ] --END-- [ RunTime:0.002055s ]
NOTIC: [8] Constant NOW_TIME already defined D:\file\file\index.php 第 13 行.
NOTIC: [8] Undefined variable: SERVER D:\file\file\index.php 第 15 行.

[ 2017-09-14T23:02:00+08:00 ] 127.0.0.1 /file/index.php/Home/file/css/mine.css
INFO: [ app_init ] --START--
INFO: Run Behavior\BuildLiteBehavior [ RunTime:0.000061s ]
INFO: [ app_init ] --END-- [ RunTime:0.000973s ]
INFO: [ app_begin ] --START--
INFO: Run Behavior\ReadHtmlCacheBehavior [ RunTime:0.001006s ]
INFO: [ app_begin ] --END-- [ RunTime:0.001305s ]
INFO: [ app_end ] --START--
INFO: Run Behavior\ShowPageTraceBehavior [ RunTime:0.001010s ]
INFO: [ app_end ] --END-- [ RunTime:0.001295s ]
NOTIC: [8] Constant NOW_TIME already defined D:\file\file\index.php 第 13 行.
NOTIC: [8] Undefined variable: SERVER D:\file\file\index.php 第 15 行.

[ 2017-09-14T23:02:02+08:00 ] 127.0.0.1 /file/index.php/Home/file/manage?page=1
INFO: [ app_init ] --START--
INFO: Run Behavior\BuildLiteBehavior [ RunTime:0.000039s ]
INFO: [ app_init ] --END-- [ RunTime:0.000606s ]
INFO: [ app_begin ] --START--
INFO: Run Behavior\ReadHtmlCacheBehavior [ RunTime:0.000639s ]
INFO: [ app_begin ] --END-- [ RunTime:0.000838s ]
SQL: SHOW COLUMNS FROM `file_file` [ RunTime:0.0231s ]
SQL: SELECT COUNT(*) AS tp_count FROM `file_file` LIMIT 1   [ RunTime:0.0003s ]
SQL: SELECT * FROM `file_file` LIMIT 0,1   [ RunTime:0.0003s ]
INFO: [ view_parse ] --START--
INFO: Run Behavior\ParseTemplateBehavior [ RunTime:0.009805s ]
INFO: [ view_parse ] --END-- [ RunTime:0.009983s ]
INFO: [ view_filter ] --START--
INFO: Run Behavior\WriteHtmlCacheBehavior [ RunTime:0.000391s ]
INFO: [ view_filter ] --END-- [ RunTime:0.000552s ]
INFO: [ app_end ] --START--
INFO: Run Behavior\ShowPageTraceBehavior [ RunTime:0.000626s ]
INFO: [ app_end ] --END-- [ RunTime:0.000790s ]
NOTIC: [8] Constant NOW_TIME already defined D:\file\file\index.php 第 13 行.
NOTIC: [8] Undefined variable: SERVER D:\file\file\index.php 第 15 行.

[ 2017-09-14T23:02:02+08:00 ] 127.0.0.1 /file/index.php/Home/file/css/mine.css
INFO: [ app_init ] --START--
INFO: Run Behavior\BuildLiteBehavior [ RunTime:0.000040s ]
INFO: [ app_init ] --END-- [ RunTime:0.000619s ]
INFO: [ app_begin ] --START--
INFO: Run Behavior\ReadHtmlCacheBehavior [ RunTime:0.000633s ]
INFO: [ app_begin ] --END-- [ RunTime:0.000818s ]
INFO: [ app_end ] --START--
INFO: Run Behavior\ShowPageTraceBehavior [ RunTime:0.000661s ]
INFO: [ app_end ] --END-- [ RunTime:0.000882s ]
NOTIC: [8] Constant NOW_TIME already defined D:\file\file\index.php 第 13 行.
NOTIC: [8] Undefined variable: SERVER D:\file\file\index.php 第 15 行.

[ 2017-09-14T23:02:04+08:00 ] 127.0.0.1 /file/index.php/Home/file/manage?page=2
INFO: [ app_init ] --START--
INFO: Run Behavior\BuildLiteBehavior [ RunTime:0.000039s ]
INFO: [ app_init ] --END-- [ RunTime:0.000623s ]
INFO: [ app_begin ] --START--
INFO: Run Behavior\ReadHtmlCacheBehavior [ RunTime:0.000642s ]
INFO: [ app_begin ] --END-- [ RunTime:0.000840s ]
SQL: SHOW COLUMNS FROM `file_file` [ RunTime:0.0407s ]
SQL: SELECT COUNT(*) AS tp_count FROM `file_file` LIMIT 1   [ RunTime:0.0006s ]
SQL: SELECT * FROM `file_file` LIMIT 1,1   [ RunTime:0.0007s ]
INFO: [ view_parse ] --START--
INFO: Run Behavior\ParseTemplateBehavior [ RunTime:0.023016s ]
INFO: [ view_parse ] --END-- [ RunTime:0.023433s ]
INFO: [ view_filter ] --START--
INFO: Run Behavior\WriteHtmlCacheBehavior [ RunTime:0.000905s ]
INFO: [ view_filter ] --END-- [ RunTime:0.001291s ]
INFO: [ app_end ] --START--
INFO: Run Behavior\ShowPageTraceBehavior [ RunTime:0.001487s ]
INFO: [ app_end ] --END-- [ RunTime:0.001880s ]
NOTIC: [8] Constant NOW_TIME already defined D:\file\file\index.php 第 13 行.
NOTIC: [8] Undefined variable: SERVER D:\file\file\index.php 第 15 行.

[ 2017-09-14T23:02:04+08:00 ] 127.0.0.1 /file/index.php/Home/file/css/mine.css
INFO: [ app_init ] --START--
INFO: Run Behavior\BuildLiteBehavior [ RunTime:0.000057s ]
INFO: [ app_init ] --END-- [ RunTime:0.000884s ]
INFO: [ app_begin ] --START--
INFO: Run Behavior\ReadHtmlCacheBehavior [ RunTime:0.000931s ]
INFO: [ app_begin ] --END-- [ RunTime:0.001208s ]
INFO: [ app_end ] --START--
INFO: Run Behavior\ShowPageTraceBehavior [ RunTime:0.000932s ]
INFO: [ app_end ] --END-- [ RunTime:0.001191s ]
NOTIC: [8] Constant NOW_TIME already defined D:\file\file\index.php 第 13 行.
NOTIC: [8] Undefined variable: SERVER D:\file\file\index.php 第 15 行.

[ 2017-09-14T23:02:12+08:00 ] 127.0.0.1 /file/index.php/Home/file/manage
INFO: [ app_init ] --START--
INFO: Run Behavior\BuildLiteBehavior [ RunTime:0.000080s ]
INFO: [ app_init ] --END-- [ RunTime:0.001264s ]
INFO: [ app_begin ] --START--
INFO: Run Behavior\ReadHtmlCacheBehavior [ RunTime:0.001348s ]
INFO: [ app_begin ] --END-- [ RunTime:0.001767s ]
SQL: SHOW COLUMNS FROM `file_file` [ RunTime:0.0118s ]
SQL: SELECT COUNT(*) AS tp_count FROM `file_file` LIMIT 1   [ RunTime:0.0006s ]
SQL: SELECT * FROM `file_file` LIMIT 0,10   [ RunTime:0.0007s ]
INFO: [ view_parse ] --START--
INFO: Run Behavior\ParseTemplateBehavior [ RunTime:0.020618s ]
INFO: [ view_parse ] --END-- [ RunTime:0.021038s ]
INFO: [ view_filter ] --START--
INFO: Run Behavior\WriteHtmlCacheBehavior [ RunTime:0.000827s ]
INFO: [ view_filter ] --END-- [ RunTime:0.001168s ]
INFO: [ app_end ] --START--
INFO: Run Behavior\ShowPageTraceBehavior [ RunTime:0.001318s ]
INFO: [ app_end ] --END-- [ RunTime:0.001667s ]
NOTIC: [8] Constant NOW_TIME already defined D:\file\file\index.php 第 13 行.
NOTIC: [8] Undefined variable: SERVER D:\file\file\index.php 第 15 行.

[ 2017-09-14T23:02:12+08:00 ] 127.0.0.1 /file/index.php/Home/file/css/mine.css
INFO: [ app_init ] --START--
INFO: Run Behavior\BuildLiteBehavior [ RunTime:0.000087s ]
INFO: [ app_init ] --END-- [ RunTime:0.001396s ]
INFO: [ app_begin ] --START--
INFO: Run Behavior\ReadHtmlCacheBehavior [ RunTime:0.000858s ]
INFO: [ app_begin ] --END-- [ RunTime:0.001102s ]
INFO: [ app_end ] --START--
INFO: Run Behavior\ShowPageTraceBehavior [ RunTime:0.000847s ]
INFO: [ app_end ] --END-- [ RunTime:0.001128s ]
NOTIC: [8] Constant NOW_TIME already defined D:\file\file\index.php 第 13 行.
NOTIC: [8] Undefined variable: SERVER D:\file\file\index.php 第 15 行.

[ 2017-09-14T23:02:39+08:00 ] 127.0.0.1 /file/index.php/Home/file/selectfile
INFO: [ app_init ] --START--
INFO: Run Behavior\BuildLiteBehavior [ RunTime:0.000044s ]
INFO: [ app_init ] --END-- [ RunTime:0.000836s ]
INFO: [ app_begin ] --START--
INFO: Run Behavior\ReadHtmlCacheBehavior [ RunTime:0.000645s ]
INFO: [ app_begin ] --END-- [ RunTime:0.000830s ]
SQL: SHOW COLUMNS FROM `file_common_file` [ RunTime:0.0088s ]
SQL: SELECT * FROM `file_common_file`  [ RunTime:0.0004s ]
INFO: [ view_parse ] --START--
INFO: Run Behavior\ParseTemplateBehavior [ RunTime:0.032150s ]
INFO: [ view_parse ] --END-- [ RunTime:0.032348s ]
INFO: [ view_filter ] --START--
INFO: Run Behavior\WriteHtmlCacheBehavior [ RunTime:0.000458s ]
INFO: [ view_filter ] --END-- [ RunTime:0.000622s ]
INFO: [ app_end ] --START--
INFO: Run Behavior\ShowPageTraceBehavior [ RunTime:0.000641s ]
INFO: [ app_end ] --END-- [ RunTime:0.000808s ]
NOTIC: [8] Constant NOW_TIME already defined D:\file\file\index.php 第 13 行.
NOTIC: [8] Undefined variable: SERVER D:\file\file\index.php 第 15 行.

[ 2017-09-14T23:02:39+08:00 ] 127.0.0.1 /file/index.php/Home/file/css/mine.css
INFO: [ app_init ] --START--
INFO: Run Behavior\BuildLiteBehavior [ RunTime:0.000040s ]
INFO: [ app_init ] --END-- [ RunTime:0.000614s ]
INFO: [ app_begin ] --START--
INFO: Run Behavior\ReadHtmlCacheBehavior [ RunTime:0.001509s ]
INFO: [ app_begin ] --END-- [ RunTime:0.001954s ]
INFO: [ app_end ] --START--
INFO: Run Behavior\ShowPageTraceBehavior [ RunTime:0.001570s ]
INFO: [ app_end ] --END-- [ RunTime:0.001991s ]
NOTIC: [8] Constant NOW_TIME already defined D:\file\file\index.php 第 13 行.
NOTIC: [8] Undefined variable: SERVER D:\file\file\index.php 第 15 行.

[ 2017-09-14T23:04:44+08:00 ] 127.0.0.1 /file/index.php/Home/file/selectfile
INFO: [ app_init ] --START--
INFO: Run Behavior\BuildLiteBehavior [ RunTime:0.000057s ]
INFO: [ app_init ] --END-- [ RunTime:0.001025s ]
INFO: [ app_begin ] --START--
INFO: Run Behavior\ReadHtmlCacheBehavior [ RunTime:0.001293s ]
INFO: [ app_begin ] --END-- [ RunTime:0.001571s ]
SQL: SHOW COLUMNS FROM `file_common_file` [ RunTime:0.0956s ]
SQL: SELECT COUNT(*) AS tp_count FROM `file_common_file` LIMIT 1   [ RunTime:0.0007s ]
NOTIC: [8] Undefined variable: pagelist D:\file\file\Home\Controller\FileController.class.php 第 91 行.
SQL: SELECT * FROM `file_common_file` LIMIT 0,10   [ RunTime:0.0007s ]
INFO: [ view_parse ] --START--
INFO: Run Behavior\ParseTemplateBehavior [ RunTime:0.027966s ]
INFO: [ view_parse ] --END-- [ RunTime:0.028448s ]
INFO: [ view_filter ] --START--
INFO: Run Behavior\WriteHtmlCacheBehavior [ RunTime:0.001373s ]
INFO: [ view_filter ] --END-- [ RunTime:0.001762s ]
INFO: [ app_end ] --START--
INFO: Run Behavior\ShowPageTraceBehavior [ RunTime:0.001948s ]
INFO: [ app_end ] --END-- [ RunTime:0.002347s ]
NOTIC: [8] Constant NOW_TIME already defined D:\file\file\index.php 第 13 行.
NOTIC: [8] Undefined variable: SERVER D:\file\file\index.php 第 15 行.

[ 2017-09-14T23:04:44+08:00 ] 127.0.0.1 /file/index.php/Home/file/css/mine.css
INFO: [ app_init ] --START--
INFO: Run Behavior\BuildLiteBehavior [ RunTime:0.000061s ]
INFO: [ app_init ] --END-- [ RunTime:0.001084s ]
INFO: [ app_begin ] --START--
INFO: Run Behavior\ReadHtmlCacheBehavior [ RunTime:0.001440s ]
INFO: [ app_begin ] --END-- [ RunTime:0.001717s ]
INFO: [ app_end ] --START--
INFO: Run Behavior\ShowPageTraceBehavior [ RunTime:0.001835s ]
INFO: [ app_end ] --END-- [ RunTime:0.002250s ]
NOTIC: [8] Constant NOW_TIME already defined D:\file\file\index.php 第 13 行.
NOTIC: [8] Undefined variable: SERVER D:\file\file\index.php 第 15 行.

[ 2017-09-14T23:04:45+08:00 ] 127.0.0.1 /file/index.php/Home/file/selectfile
INFO: [ app_init ] --START--
INFO: Run Behavior\BuildLiteBehavior [ RunTime:0.000038s ]
INFO: [ app_init ] --END-- [ RunTime:0.000604s ]
INFO: [ app_begin ] --START--
INFO: Run Behavior\ReadHtmlCacheBehavior [ RunTime:0.000637s ]
INFO: [ app_begin ] --END-- [ RunTime:0.000826s ]
SQL: SHOW COLUMNS FROM `file_common_file` [ RunTime:0.0057s ]
SQL: SELECT COUNT(*) AS tp_count FROM `file_common_file` LIMIT 1   [ RunTime:0.0003s ]
NOTIC: [8] Undefined variable: pagelist D:\file\file\Home\Controller\FileController.class.php 第 91 行.
SQL: SELECT * FROM `file_common_file` LIMIT 0,10   [ RunTime:0.0003s ]
INFO: [ view_parse ] --START--
INFO: Run Behavior\ParseTemplateBehavior [ RunTime:0.010089s ]
INFO: [ view_parse ] --END-- [ RunTime:0.010288s ]
INFO: [ view_filter ] --START--
INFO: Run Behavior\WriteHtmlCacheBehavior [ RunTime:0.000391s ]
INFO: [ view_filter ] --END-- [ RunTime:0.000554s ]
INFO: [ app_end ] --START--
INFO: Run Behavior\ShowPageTraceBehavior [ RunTime:0.000632s ]
INFO: [ app_end ] --END-- [ RunTime:0.000798s ]
NOTIC: [8] Constant NOW_TIME already defined D:\file\file\index.php 第 13 行.
NOTIC: [8] Undefined variable: SERVER D:\file\file\index.php 第 15 行.

[ 2017-09-14T23:04:45+08:00 ] 127.0.0.1 /file/index.php/Home/file/css/mine.css
INFO: [ app_init ] --START--
INFO: Run Behavior\BuildLiteBehavior [ RunTime:0.000040s ]
INFO: [ app_init ] --END-- [ RunTime:0.000610s ]
INFO: [ app_begin ] --START--
INFO: Run Behavior\ReadHtmlCacheBehavior [ RunTime:0.000701s ]
INFO: [ app_begin ] --END-- [ RunTime:0.000896s ]
INFO: [ app_end ] --START--
INFO: Run Behavior\ShowPageTraceBehavior [ RunTime:0.000677s ]
INFO: [ app_end ] --END-- [ RunTime:0.000860s ]
NOTIC: [8] Constant NOW_TIME already defined D:\file\file\index.php 第 13 行.
NOTIC: [8] Undefined variable: SERVER D:\file\file\index.php 第 15 行.

[ 2017-09-14T23:04:59+08:00 ] 127.0.0.1 /file/index.php/Home/file/selectfile
INFO: [ app_init ] --START--
INFO: Run Behavior\BuildLiteBehavior [ RunTime:0.000038s ]
INFO: [ app_init ] --END-- [ RunTime:0.000608s ]
INFO: [ app_begin ] --START--
INFO: Run Behavior\ReadHtmlCacheBehavior [ RunTime:0.000658s ]
INFO: [ app_begin ] --END-- [ RunTime:0.000848s ]
SQL: SHOW COLUMNS FROM `file_common_file` [ RunTime:0.0135s ]
SQL: SELECT COUNT(*) AS tp_count FROM `file_common_file` LIMIT 1   [ RunTime:0.0006s ]
NOTIC: [8] Undefined variable: pagelist D:\file\file\Home\Controller\FileController.class.php 第 91 行.
SQL: SELECT * FROM `file_common_file` LIMIT 0,10   [ RunTime:0.0007s ]
INFO: [ view_parse ] --START--
INFO: Run Behavior\ParseTemplateBehavior [ RunTime:0.137015s ]
INFO: [ view_parse ] --END-- [ RunTime:0.137360s ]
INFO: [ view_filter ] --START--
INFO: Run Behavior\WriteHtmlCacheBehavior [ RunTime:0.000845s ]
INFO: [ view_filter ] --END-- [ RunTime:0.001009s ]
INFO: [ app_end ] --START--
INFO: Run Behavior\ShowPageTraceBehavior [ RunTime:0.000803s ]
INFO: [ app_end ] --END-- [ RunTime:0.000968s ]
NOTIC: [8] Constant NOW_TIME already defined D:\file\file\index.php 第 13 行.
NOTIC: [8] Undefined variable: SERVER D:\file\file\index.php 第 15 行.

[ 2017-09-14T23:04:59+08:00 ] 127.0.0.1 /file/index.php/Home/file/css/mine.css
INFO: [ app_init ] --START--
INFO: Run Behavior\BuildLiteBehavior [ RunTime:0.000043s ]
INFO: [ app_init ] --END-- [ RunTime:0.000686s ]
INFO: [ app_begin ] --START--
INFO: Run Behavior\ReadHtmlCacheBehavior [ RunTime:0.000659s ]
INFO: [ app_begin ] --END-- [ RunTime:0.000847s ]
INFO: [ app_end ] --START--
INFO: Run Behavior\ShowPageTraceBehavior [ RunTime:0.000744s ]
INFO: [ app_end ] --END-- [ RunTime:0.000972s ]
NOTIC: [8] Constant NOW_TIME already defined D:\file\file\index.php 第 13 行.
NOTIC: [8] Undefined variable: SERVER D:\file\file\index.php 第 15 行.

[ 2017-09-14T23:05:43+08:00 ] 127.0.0.1 /file/index.php/Home/file/selectfile
INFO: [ app_init ] --START--
INFO: Run Behavior\BuildLiteBehavior [ RunTime:0.000092s ]
INFO: [ app_init ] --END-- [ RunTime:0.001638s ]
INFO: [ app_begin ] --START--
INFO: Run Behavior\ReadHtmlCacheBehavior [ RunTime:0.001204s ]
INFO: [ app_begin ] --END-- [ RunTime:0.001488s ]
SQL: SHOW COLUMNS FROM `file_common_file` [ RunTime:0.0379s ]
SQL: SELECT COUNT(*) AS tp_count FROM `file_common_file` LIMIT 1   [ RunTime:0.0004s ]
SQL: SELECT * FROM `file_common_file` LIMIT 0,10   [ RunTime:0.0004s ]
INFO: [ view_parse ] --START--
INFO: Run Behavior\ParseTemplateBehavior [ RunTime:0.025052s ]
INFO: [ view_parse ] --END-- [ RunTime:0.025437s ]
INFO: [ view_filter ] --START--
INFO: Run Behavior\WriteHtmlCacheBehavior [ RunTime:0.000913s ]
INFO: [ view_filter ] --END-- [ RunTime:0.001298s ]
INFO: [ app_end ] --START--
INFO: Run Behavior\ShowPageTraceBehavior [ RunTime:0.001504s ]
INFO: [ app_end ] --END-- [ RunTime:0.001908s ]
NOTIC: [8] Constant NOW_TIME already defined D:\file\file\index.php 第 13 行.
NOTIC: [8] Undefined variable: SERVER D:\file\file\index.php 第 15 行.

[ 2017-09-14T23:05:43+08:00 ] 127.0.0.1 /file/index.php/Home/file/css/mine.css
INFO: [ app_init ] --START--
INFO: Run Behavior\BuildLiteBehavior [ RunTime:0.000061s ]
INFO: [ app_init ] --END-- [ RunTime:0.000913s ]
INFO: [ app_begin ] --START--
INFO: Run Behavior\ReadHtmlCacheBehavior [ RunTime:0.001011s ]
INFO: [ app_begin ] --END-- [ RunTime:0.001385s ]
INFO: [ app_end ] --START--
INFO: Run Behavior\ShowPageTraceBehavior [ RunTime:0.000973s ]
INFO: [ app_end ] --END-- [ RunTime:0.001295s ]
NOTIC: [8] Constant NOW_TIME already defined D:\file\file\index.php 第 13 行.
NOTIC: [8] Undefined variable: SERVER D:\file\file\index.php 第 15 行.

[ 2017-09-14T23:09:58+08:00 ] 127.0.0.1 /file/index.php/Home/Admin/selectcommon_file
INFO: [ app_init ] --START--
INFO: Run Behavior\BuildLiteBehavior [ RunTime:0.000040s ]
INFO: [ app_init ] --END-- [ RunTime:0.000696s ]
INFO: [ app_begin ] --START--
INFO: Run Behavior\ReadHtmlCacheBehavior [ RunTime:0.000879s ]
INFO: [ app_begin ] --END-- [ RunTime:0.001069s ]
SQL: SHOW COLUMNS FROM `file_common_file` [ RunTime:0.0137s ]
SQL: SELECT * FROM `file_common_file`  [ RunTime:0.0008s ]
INFO: [ view_parse ] --START--
INFO: Run Behavior\ParseTemplateBehavior [ RunTime:0.028307s ]
INFO: [ view_parse ] --END-- [ RunTime:0.028689s ]
INFO: [ view_filter ] --START--
INFO: Run Behavior\WriteHtmlCacheBehavior [ RunTime:0.000798s ]
INFO: [ view_filter ] --END-- [ RunTime:0.001021s ]
INFO: [ app_end ] --START--
INFO: Run Behavior\ShowPageTraceBehavior [ RunTime:0.001115s ]
INFO: [ app_end ] --END-- [ RunTime:0.001341s ]
NOTIC: [8] Constant NOW_TIME already defined D:\file\file\index.php 第 13 行.
NOTIC: [8] Undefined variable: SERVER D:\file\file\index.php 第 15 行.

[ 2017-09-14T23:09:58+08:00 ] 127.0.0.1 /file/index.php/Home/Admin/css/mine.css
INFO: [ app_init ] --START--
INFO: Run Behavior\BuildLiteBehavior [ RunTime:0.000054s ]
INFO: [ app_init ] --END-- [ RunTime:0.000954s ]
INFO: [ app_begin ] --START--
INFO: Run Behavior\ReadHtmlCacheBehavior [ RunTime:0.001187s ]
INFO: [ app_begin ] --END-- [ RunTime:0.001439s ]
ERR: 非法操作:css

[ 2017-09-14T23:11:31+08:00 ] 127.0.0.1 /file/index.php/Home/Admin/selectcommon_file
INFO: [ app_init ] --START--
INFO: Run Behavior\BuildLiteBehavior [ RunTime:0.000057s ]
INFO: [ app_init ] --END-- [ RunTime:0.000898s ]
INFO: [ app_begin ] --START--
INFO: Run Behavior\ReadHtmlCacheBehavior [ RunTime:0.000945s ]
INFO: [ app_begin ] --END-- [ RunTime:0.001222s ]
SQL: SHOW COLUMNS FROM `file_common_file` [ RunTime:0.0394s ]
SQL: SELECT COUNT(*) AS tp_count FROM `file_common_file` LIMIT 1   [ RunTime:0.0008s ]
SQL: SELECT * FROM `file_common_file` LIMIT 0,10   [ RunTime:0.0007s ]
INFO: [ view_parse ] --START--
INFO: Run Behavior\ParseTemplateBehavior [ RunTime:0.128127s ]
INFO: [ view_parse ] --END-- [ RunTime:0.128466s ]
INFO: [ view_filter ] --START--
INFO: Run Behavior\WriteHtmlCacheBehavior [ RunTime:0.000856s ]
INFO: [ view_filter ] --END-- [ RunTime:0.001021s ]
INFO: [ app_end ] --START--
INFO: Run Behavior\ShowPageTraceBehavior [ RunTime:0.000806s ]
INFO: [ app_end ] --END-- [ RunTime:0.000972s ]
NOTIC: [8] Constant NOW_TIME already defined D:\file\file\index.php 第 13 行.
NOTIC: [8] Undefined variable: SERVER D:\file\file\index.php 第 15 行.

[ 2017-09-14T23:11:31+08:00 ] 127.0.0.1 /file/index.php/Home/Admin/css/mine.css
INFO: [ app_init ] --START--
INFO: Run Behavior\BuildLiteBehavior [ RunTime:0.000041s ]
INFO: [ app_init ] --END-- [ RunTime:0.000628s ]
INFO: [ app_begin ] --START--
INFO: Run Behavior\ReadHtmlCacheBehavior [ RunTime:0.000649s ]
INFO: [ app_begin ] --END-- [ RunTime:0.000835s ]
ERR: 非法操作:css

[ 2017-09-14T23:14:06+08:00 ] 127.0.0.1 /file/index.php/Home/file/changefile
INFO: [ app_init ] --START--
INFO: Run Behavior\BuildLiteBehavior [ RunTime:0.000040s ]
INFO: [ app_init ] --END-- [ RunTime:0.000696s ]
INFO: [ app_begin ] --START--
INFO: Run Behavior\ReadHtmlCacheBehavior [ RunTime:0.000882s ]
INFO: [ app_begin ] --END-- [ RunTime:0.001072s ]
SQL: SHOW COLUMNS FROM `file_file` [ RunTime:0.0059s ]
INFO: [ view_parse ] --START--
INFO: Run Behavior\ParseTemplateBehavior [ RunTime:0.011775s ]
INFO: [ view_parse ] --END-- [ RunTime:0.011956s ]
INFO: [ view_filter ] --START--
INFO: Run Behavior\WriteHtmlCacheBehavior [ RunTime:0.000567s ]
INFO: [ view_filter ] --END-- [ RunTime:0.000732s ]
INFO: [ app_end ] --START--
INFO: Run Behavior\ShowPageTraceBehavior [ RunTime:0.000812s ]
INFO: [ app_end ] --END-- [ RunTime:0.000980s ]
NOTIC: [8] Constant NOW_TIME already defined D:\file\file\index.php 第 13 行.
NOTIC: [8] Undefined variable: SERVER D:\file\file\index.php 第 15 行.

[ 2017-09-14T23:14:06+08:00 ] 127.0.0.1 /file/index.php/Home/file/css/mine.css
INFO: [ app_init ] --START--
INFO: Run Behavior\BuildLiteBehavior [ RunTime:0.000040s ]
INFO: [ app_init ] --END-- [ RunTime:0.000708s ]
INFO: [ app_begin ] --START--
INFO: Run Behavior\ReadHtmlCacheBehavior [ RunTime:0.000879s ]
INFO: [ app_begin ] --END-- [ RunTime:0.001065s ]
INFO: [ app_end ] --START--
INFO: Run Behavior\ShowPageTraceBehavior [ RunTime:0.000858s ]
INFO: [ app_end ] --END-- [ RunTime:0.001084s ]
NOTIC: [8] Constant NOW_TIME already defined D:\file\file\index.php 第 13 行.
NOTIC: [8] Undefined variable: SERVER D:\file\file\index.php 第 15 行.

[ 2017-09-14T23:14:06+08:00 ] 127.0.0.1 /file/index.php/Home/file/add
INFO: [ app_init ] --START--
INFO: Run Behavior\BuildLiteBehavior [ RunTime:0.000041s ]
INFO: [ app_init ] --END-- [ RunTime:0.000624s ]
INFO: [ app_begin ] --START--
INFO: Run Behavior\ReadHtmlCacheBehavior [ RunTime:0.000642s ]
INFO: [ app_begin ] --END-- [ RunTime:0.000839s ]
INFO: [ view_parse ] --START--
INFO: Run Behavior\ParseTemplateBehavior [ RunTime:0.036629s ]
INFO: [ view_parse ] --END-- [ RunTime:0.036824s ]
INFO: [ view_filter ] --START--
INFO: Run Behavior\WriteHtmlCacheBehavior [ RunTime:0.000653s ]
INFO: [ view_filter ] --END-- [ RunTime:0.000817s ]
INFO: [ app_end ] --START--
INFO: Run Behavior\ShowPageTraceBehavior [ RunTime:0.000641s ]
INFO: [ app_end ] --END-- [ RunTime:0.000808s ]
NOTIC: [8] Constant NOW_TIME already defined D:\file\file\index.php 第 13 行.
NOTIC: [8] Undefined variable: SERVER D:\file\file\index.php 第 15 行.

[ 2017-09-14T23:14:06+08:00 ] 127.0.0.1 /file/index.php/Home/file/css/mine.css
INFO: [ app_init ] --START--
INFO: Run Behavior\BuildLiteBehavior [ RunTime:0.000092s ]
INFO: [ app_init ] --END-- [ RunTime:0.001425s ]
INFO: [ app_begin ] --START--
INFO: Run Behavior\ReadHtmlCacheBehavior [ RunTime:0.001518s ]
INFO: [ app_begin ] --END-- [ RunTime:0.001968s ]
INFO: [ app_end ] --START--
INFO: Run Behavior\ShowPageTraceBehavior [ RunTime:0.001504s ]
INFO: [ app_end ] --END-- [ RunTime:0.001927s ]
NOTIC: [8] Constant NOW_TIME already defined D:\file\file\index.php 第 13 行.
NOTIC: [8] Undefined variable: SERVER D:\file\file\index.php 第 15 行.

[ 2017-09-14T23:14:07+08:00 ] 127.0.0.1 /file/index.php/Home/file/manage
INFO: [ app_init ] --START--
INFO: Run Behavior\BuildLiteBehavior [ RunTime:0.000038s ]
INFO: [ app_init ] --END-- [ RunTime:0.000631s ]
INFO: [ app_begin ] --START--
INFO: Run Behavior\ReadHtmlCacheBehavior [ RunTime:0.000650s ]
INFO: [ app_begin ] --END-- [ RunTime:0.000849s ]
SQL: SHOW COLUMNS FROM `file_file` [ RunTime:0.0275s ]
SQL: SELECT COUNT(*) AS tp_count FROM `file_file` LIMIT 1   [ RunTime:0.0003s ]
SQL: SELECT * FROM `file_file` LIMIT 0,10   [ RunTime:0.0003s ]
INFO: [ view_parse ] --START--
INFO: Run Behavior\ParseTemplateBehavior [ RunTime:0.023325s ]
INFO: [ view_parse ] --END-- [ RunTime:0.023794s ]
INFO: [ view_filter ] --START--
INFO: Run Behavior\WriteHtmlCacheBehavior [ RunTime:0.000913s ]
INFO: [ view_filter ] --END-- [ RunTime:0.001298s ]
INFO: [ app_end ] --START--
INFO: Run Behavior\ShowPageTraceBehavior [ RunTime:0.001469s ]
INFO: [ app_end ] --END-- [ RunTime:0.001860s ]
NOTIC: [8] Constant NOW_TIME already defined D:\file\file\index.php 第 13 行.
NOTIC: [8] Undefined variable: SERVER D:\file\file\index.php 第 15 行.

[ 2017-09-14T23:14:07+08:00 ] 127.0.0.1 /file/index.php/Home/file/css/mine.css
INFO: [ app_init ] --START--
INFO: Run Behavior\BuildLiteBehavior [ RunTime:0.000093s ]
INFO: [ app_init ] --END-- [ RunTime:0.001480s ]
INFO: [ app_begin ] --START--
INFO: Run Behavior\ReadHtmlCacheBehavior [ RunTime:0.001577s ]
INFO: [ app_begin ] --END-- [ RunTime:0.002022s ]
INFO: [ app_end ] --START--
INFO: Run Behavior\ShowPageTraceBehavior [ RunTime:0.001670s ]
INFO: [ app_end ] --END-- [ RunTime:0.002192s ]
NOTIC: [8] Constant NOW_TIME already defined D:\file\file\index.php 第 13 行.
NOTIC: [8] Undefined variable: SERVER D:\file\file\index.php 第 15 行.

[ 2017-09-14T23:14:07+08:00 ] 127.0.0.1 /file/index.php/Home/file/changefile
INFO: [ app_init ] --START--
INFO: Run Behavior\BuildLiteBehavior [ RunTime:0.000040s ]
INFO: [ app_init ] --END-- [ RunTime:0.000618s ]
INFO: [ app_begin ] --START--
INFO: Run Behavior\ReadHtmlCacheBehavior [ RunTime:0.000636s ]
INFO: [ app_begin ] --END-- [ RunTime:0.000821s ]
SQL: SHOW COLUMNS FROM `file_file` [ RunTime:0.0122s ]
INFO: [ view_parse ] --START--
INFO: Run Behavior\ParseTemplateBehavior [ RunTime:0.009914s ]
INFO: [ view_parse ] --END-- [ RunTime:0.010094s ]
INFO: [ view_filter ] --START--
INFO: Run Behavior\WriteHtmlCacheBehavior [ RunTime:0.000377s ]
INFO: [ view_filter ] --END-- [ RunTime:0.000538s ]
INFO: [ app_end ] --START--
INFO: Run Behavior\ShowPageTraceBehavior [ RunTime:0.000627s ]
INFO: [ app_end ] --END-- [ RunTime:0.000796s ]
NOTIC: [8] Constant NOW_TIME already defined D:\file\file\index.php 第 13 行.
NOTIC: [8] Undefined variable: SERVER D:\file\file\index.php 第 15 行.

[ 2017-09-14T23:14:07+08:00 ] 127.0.0.1 /file/index.php/Home/file/css/mine.css
INFO: [ app_init ] --START--
INFO: Run Behavior\BuildLiteBehavior [ RunTime:0.000058s ]
INFO: [ app_init ] --END-- [ RunTime:0.000917s ]
INFO: [ app_begin ] --START--
INFO: Run Behavior\ReadHtmlCacheBehavior [ RunTime:0.000933s ]
INFO: [ app_begin ] --END-- [ RunTime:0.001210s ]
INFO: [ app_end ] --START--
INFO: Run Behavior\ShowPageTraceBehavior [ RunTime:0.000929s ]
INFO: [ app_end ] --END-- [ RunTime:0.001190s ]
NOTIC: [8] Constant NOW_TIME already defined D:\file\file\index.php 第 13 行.
NOTIC: [8] Undefined variable: SERVER D:\file\file\index.php 第 15 行.

[ 2017-09-14T23:14:08+08:00 ] 127.0.0.1 /file/index.php/Home/file/selectfile
INFO: [ app_init ] --START--
INFO: Run Behavior\BuildLiteBehavior [ RunTime:0.000039s ]
INFO: [ app_init ] --END-- [ RunTime:0.000603s ]
INFO: [ app_begin ] --START--
INFO: Run Behavior\ReadHtmlCacheBehavior [ RunTime:0.000635s ]
INFO: [ app_begin ] --END-- [ RunTime:0.000822s ]
SQL: SHOW COLUMNS FROM `file_common_file` [ RunTime:0.0170s ]
SQL: SELECT COUNT(*) AS tp_count FROM `file_common_file` LIMIT 1   [ RunTime:0.0003s ]
SQL: SELECT * FROM `file_common_file` LIMIT 0,10   [ RunTime:0.0003s ]
INFO: [ view_parse ] --START--
INFO: Run Behavior\ParseTemplateBehavior [ RunTime:0.010006s ]
INFO: [ view_parse ] --END-- [ RunTime:0.010208s ]
INFO: [ view_filter ] --START--
INFO: Run Behavior\WriteHtmlCacheBehavior [ RunTime:0.000404s ]
INFO: [ view_filter ] --END-- [ RunTime:0.000567s ]
INFO: [ app_end ] --START--
INFO: Run Behavior\ShowPageTraceBehavior [ RunTime:0.000663s ]
INFO: [ app_end ] --END-- [ RunTime:0.000831s ]
NOTIC: [8] Constant NOW_TIME already defined D:\file\file\index.php 第 13 行.
NOTIC: [8] Undefined variable: SERVER D:\file\file\index.php 第 15 行.

[ 2017-09-14T23:14:08+08:00 ] 127.0.0.1 /file/index.php/Home/file/css/mine.css
INFO: [ app_init ] --START--
INFO: Run Behavior\BuildLiteBehavior [ RunTime:0.000067s ]
INFO: [ app_init ] --END-- [ RunTime:0.000893s ]
INFO: [ app_begin ] --START--
INFO: Run Behavior\ReadHtmlCacheBehavior [ RunTime:0.000730s ]
INFO: [ app_begin ] --END-- [ RunTime:0.000930s ]
INFO: [ app_end ] --START--
INFO: Run Behavior\ShowPageTraceBehavior [ RunTime:0.000827s ]
INFO: [ app_end ] --END-- [ RunTime:0.001069s ]
NOTIC: [8] Constant NOW_TIME already defined D:\file\file\index.php 第 13 行.
NOTIC: [8] Undefined variable: SERVER D:\file\file\index.php 第 15 行.

[ 2017-09-14T23:14:12+08:00 ] 127.0.0.1 /file/index.php/Home/Index/left.html
INFO: [ app_init ] --START--
INFO: Run Behavior\BuildLiteBehavior [ RunTime:0.000040s ]
INFO: [ app_init ] --END-- [ RunTime:0.000604s ]
INFO: [ app_begin ] --START--
INFO: Run Behavior\ReadHtmlCacheBehavior [ RunTime:0.000645s ]
INFO: [ app_begin ] --END-- [ RunTime:0.000848s ]
INFO: [ view_parse ] --START--
INFO: Run Behavior\ParseTemplateBehavior [ RunTime:0.009916s ]
INFO: [ view_parse ] --END-- [ RunTime:0.010097s ]
INFO: [ view_filter ] --START--
INFO: Run Behavior\WriteHtmlCacheBehavior [ RunTime:0.000378s ]
INFO: [ view_filter ] --END-- [ RunTime:0.000540s ]
INFO: [ app_end ] --START--
INFO: Run Behavior\ShowPageTraceBehavior [ RunTime:0.000647s ]
INFO: [ app_end ] --END-- [ RunTime:0.000820s ]
NOTIC: [8] Constant NOW_TIME already defined D:\file\file\index.php 第 13 行.
NOTIC: [8] Undefined variable: SERVER D:\file\file\index.php 第 15 行.

[ 2017-09-14T23:16:21+08:00 ] 127.0.0.1 /file/index.php/Home/Admin/selectcommon_file
INFO: [ app_init ] --START--
INFO: Run Behavior\BuildLiteBehavior [ RunTime:0.000039s ]
INFO: [ app_init ] --END-- [ RunTime:0.000690s ]
INFO: [ app_begin ] --START--
INFO: Run Behavior\ReadHtmlCacheBehavior [ RunTime:0.000875s ]
INFO: [ app_begin ] --END-- [ RunTime:0.001066s ]
SQL: SHOW COLUMNS FROM `file_common_file` [ RunTime:0.0192s ]
SQL: SELECT COUNT(*) AS tp_count FROM `file_common_file` LIMIT 1   [ RunTime:0.0003s ]
SQL: SELECT * FROM `file_common_file` LIMIT 0,10   [ RunTime:0.0003s ]
INFO: [ view_parse ] --START--
INFO: Run Behavior\ParseTemplateBehavior [ RunTime:0.017772s ]
INFO: [ view_parse ] --END-- [ RunTime:0.018109s ]
INFO: [ view_filter ] --START--
INFO: Run Behavior\WriteHtmlCacheBehavior [ RunTime:0.001361s ]
INFO: [ view_filter ] --END-- [ RunTime:0.001751s ]
INFO: [ app_end ] --START--
INFO: Run Behavior\ShowPageTraceBehavior [ RunTime:0.001924s ]
INFO: [ app_end ] --END-- [ RunTime:0.002321s ]
NOTIC: [8] Constant NOW_TIME already defined D:\file\file\index.php 第 13 行.
NOTIC: [8] Undefined variable: SERVER D:\file\file\index.php 第 15 行.

[ 2017-09-14T23:16:21+08:00 ] 127.0.0.1 /file/index.php/Home/Admin/css/mine.css
INFO: [ app_init ] --START--
INFO: Run Behavior\BuildLiteBehavior [ RunTime:0.000094s ]
INFO: [ app_init ] --END-- [ RunTime:0.001659s ]
INFO: [ app_begin ] --START--
INFO: Run Behavior\ReadHtmlCacheBehavior [ RunTime:0.002099s ]
INFO: [ app_begin ] --END-- [ RunTime:0.002618s ]
ERR: 非法操作:css

[ 2017-09-14T23:16:22+08:00 ] 127.0.0.1 /file/index.php/Home/Admin/changecommon_file
INFO: [ app_init ] --START--
INFO: Run Behavior\BuildLiteBehavior [ RunTime:0.000040s ]
INFO: [ app_init ] --END-- [ RunTime:0.000608s ]
INFO: [ app_begin ] --START--
INFO: Run Behavior\ReadHtmlCacheBehavior [ RunTime:0.000645s ]
INFO: [ app_begin ] --END-- [ RunTime:0.000835s ]
SQL: SHOW COLUMNS FROM `file_common_file` [ RunTime:0.0234s ]
INFO: [ view_parse ] --START--
INFO: Run Behavior\ParseTemplateBehavior [ RunTime:0.048526s ]
INFO: [ view_parse ] --END-- [ RunTime:0.048971s ]
INFO: [ view_filter ] --START--
INFO: Run Behavior\WriteHtmlCacheBehavior [ RunTime:0.001027s ]
INFO: [ view_filter ] --END-- [ RunTime:0.001414s ]
INFO: [ app_end ] --START--
INFO: Run Behavior\ShowPageTraceBehavior [ RunTime:0.001497s ]
INFO: [ app_end ] --END-- [ RunTime:0.001894s ]
NOTIC: [8] Constant NOW_TIME already defined D:\file\file\index.php 第 13 行.
NOTIC: [8] Undefined variable: SERVER D:\file\file\index.php 第 15 行.

[ 2017-09-14T23:16:22+08:00 ] 127.0.0.1 /file/index.php/Home/Admin/css/mine.css
INFO: [ app_init ] --START--
INFO: Run Behavior\BuildLiteBehavior [ RunTime:0.000057s ]
INFO: [ app_init ] --END-- [ RunTime:0.001341s ]
INFO: [ app_begin ] --START--
INFO: Run Behavior\ReadHtmlCacheBehavior [ RunTime:0.000933s ]
INFO: [ app_begin ] --END-- [ RunTime:0.001208s ]
ERR: 非法操作:css

[ 2017-09-14T23:16:23+08:00 ] 127.0.0.1 /file/index.php/Home/Admin/selectcommon_file
INFO: [ app_init ] --START--
INFO: Run Behavior\BuildLiteBehavior [ RunTime:0.000038s ]
INFO: [ app_init ] --END-- [ RunTime:0.000598s ]
INFO: [ app_begin ] --START--
INFO: Run Behavior\ReadHtmlCacheBehavior [ RunTime:0.000636s ]
INFO: [ app_begin ] --END-- [ RunTime:0.000824s ]
SQL: SHOW COLUMNS FROM `file_common_file` [ RunTime:0.0335s ]
SQL: SELECT COUNT(*) AS tp_count FROM `file_common_file` LIMIT 1   [ RunTime:0.0003s ]
SQL: SELECT * FROM `file_common_file` LIMIT 0,10   [ RunTime:0.0003s ]
INFO: [ view_parse ] --START--
INFO: Run Behavior\ParseTemplateBehavior [ RunTime:0.011039s ]
INFO: [ view_parse ] --END-- [ RunTime:0.011275s ]
INFO: [ view_filter ] --START--
INFO: Run Behavior\WriteHtmlCacheBehavior [ RunTime:0.000397s ]
INFO: [ view_filter ] --END-- [ RunTime:0.000560s ]
INFO: [ app_end ] --START--
INFO: Run Behavior\ShowPageTraceBehavior [ RunTime:0.000627s ]
INFO: [ app_end ] --END-- [ RunTime:0.000794s ]
NOTIC: [8] Constant NOW_TIME already defined D:\file\file\index.php 第 13 行.
NOTIC: [8] Undefined variable: SERVER D:\file\file\index.php 第 15 行.

[ 2017-09-14T23:16:23+08:00 ] 127.0.0.1 /file/index.php/Home/Admin/css/mine.css
INFO: [ app_init ] --START--
INFO: Run Behavior\BuildLiteBehavior [ RunTime:0.000040s ]
INFO: [ app_init ] --END-- [ RunTime:0.000628s ]
INFO: [ app_begin ] --START--
INFO: Run Behavior\ReadHtmlCacheBehavior [ RunTime:0.000636s ]
INFO: [ app_begin ] --END-- [ RunTime:0.000822s ]
ERR: 非法操作:css

[ 2017-09-14T23:16:27+08:00 ] 127.0.0.1 /file/index.php/Home/User/changemessage
INFO: [ app_init ] --START--
INFO: Run Behavior\BuildLiteBehavior [ RunTime:0.000040s ]
INFO: [ app_init ] --END-- [ RunTime:0.000611s ]
INFO: [ app_begin ] --START--
INFO: Run Behavior\ReadHtmlCacheBehavior [ RunTime:0.000637s ]
INFO: [ app_begin ] --END-- [ RunTime:0.000826s ]
SQL: SHOW COLUMNS FROM `file_user` [ RunTime:0.0328s ]
INFO: [ view_parse ] --START--
INFO: Run Behavior\ParseTemplateBehavior [ RunTime:0.043191s ]
INFO: [ view_parse ] --END-- [ RunTime:0.043549s ]
INFO: [ view_filter ] --START--
INFO: Run Behavior\WriteHtmlCacheBehavior [ RunTime:0.000706s ]
INFO: [ view_filter ] --END-- [ RunTime:0.000966s ]
INFO: [ app_end ] --START--
INFO: Run Behavior\ShowPageTraceBehavior [ RunTime:0.001016s ]
INFO: [ app_end ] --END-- [ RunTime:0.001282s ]
NOTIC: [8] Constant NOW_TIME already defined D:\file\file\index.php 第 13 行.
NOTIC: [8] Undefined variable: SERVER D:\file\file\index.php 第 15 行.

[ 2017-09-14T23:19:49+08:00 ] 127.0.0.1 /file/index.php/Home/Admin/selectcommon_file
INFO: [ app_init ] --START--
INFO: Run Behavior\BuildLiteBehavior [ RunTime:0.000039s ]
INFO: [ app_init ] --END-- [ RunTime:0.000688s ]
INFO: [ app_begin ] --START--
INFO: Run Behavior\ReadHtmlCacheBehavior [ RunTime:0.000876s ]
INFO: [ app_begin ] --END-- [ RunTime:0.001070s ]
SQL: SHOW COLUMNS FROM `file_common_file` [ RunTime:0.0059s ]
SQL: SELECT COUNT(*) AS tp_count FROM `file_common_file` LIMIT 1   [ RunTime:0.0003s ]
SQL: SELECT * FROM `file_common_file` LIMIT 0,10   [ RunTime:0.0003s ]
INFO: [ view_parse ] --START--
INFO: Run Behavior\ParseTemplateBehavior [ RunTime:0.011871s ]
INFO: [ view_parse ] --END-- [ RunTime:0.012073s ]
INFO: [ view_filter ] --START--
INFO: Run Behavior\WriteHtmlCacheBehavior [ RunTime:0.000579s ]
INFO: [ view_filter ] --END-- [ RunTime:0.000743s ]
INFO: [ app_end ] --START--
INFO: Run Behavior\ShowPageTraceBehavior [ RunTime:0.000811s ]
INFO: [ app_end ] --END-- [ RunTime:0.000978s ]
NOTIC: [8] Constant NOW_TIME already defined D:\file\file\index.php 第 13 行.
NOTIC: [8] Undefined variable: SERVER D:\file\file\index.php 第 15 行.

[ 2017-09-14T23:19:49+08:00 ] 127.0.0.1 /file/index.php/Home/Admin/css/mine.css
INFO: [ app_init ] --START--
INFO: Run Behavior\BuildLiteBehavior [ RunTime:0.000040s ]
INFO: [ app_init ] --END-- [ RunTime:0.000704s ]
INFO: [ app_begin ] --START--
INFO: Run Behavior\ReadHtmlCacheBehavior [ RunTime:0.000890s ]
INFO: [ app_begin ] --END-- [ RunTime:0.001078s ]
ERR: 非法操作:css

[ 2017-09-14T23:19:50+08:00 ] 127.0.0.1 /file/index.php/Home/Admin/changecommon_file
INFO: [ app_init ] --START--
INFO: Run Behavior\BuildLiteBehavior [ RunTime:0.000039s ]
INFO: [ app_init ] --END-- [ RunTime:0.000601s ]
INFO: [ app_begin ] --START--
INFO: Run Behavior\ReadHtmlCacheBehavior [ RunTime:0.000671s ]
INFO: [ app_begin ] --END-- [ RunTime:0.000874s ]
SQL: SHOW COLUMNS FROM `file_common_file` [ RunTime:0.0060s ]
INFO: [ view_parse ] --START--
INFO: Run Behavior\ParseTemplateBehavior [ RunTime:0.009957s ]
INFO: [ view_parse ] --END-- [ RunTime:0.010136s ]
INFO: [ view_filter ] --START--
INFO: Run Behavior\WriteHtmlCacheBehavior [ RunTime:0.000388s ]
INFO: [ view_filter ] --END-- [ RunTime:0.000551s ]
INFO: [ app_end ] --START--
INFO: Run Behavior\ShowPageTraceBehavior [ RunTime:0.000630s ]
INFO: [ app_end ] --END-- [ RunTime:0.000798s ]
NOTIC: [8] Constant NOW_TIME already defined D:\file\file\index.php 第 13 行.
NOTIC: [8] Undefined variable: SERVER D:\file\file\index.php 第 15 行.

[ 2017-09-14T23:19:50+08:00 ] 127.0.0.1 /file/index.php/Home/Admin/css/mine.css
INFO: [ app_init ] --START--
INFO: Run Behavior\BuildLiteBehavior [ RunTime:0.000094s ]
INFO: [ app_init ] --END-- [ RunTime:0.001464s ]
INFO: [ app_begin ] --START--
INFO: Run Behavior\ReadHtmlCacheBehavior [ RunTime:0.001622s ]
INFO: [ app_begin ] --END-- [ RunTime:0.002066s ]
ERR: 非法操作:css

[ 2017-09-14T23:24:19+08:00 ] 127.0.0.1 /file/index.php/Home/Index/left.html
INFO: [ app_init ] --START--
INFO: Run Behavior\BuildLiteBehavior [ RunTime:0.000044s ]
INFO: [ app_init ] --END-- [ RunTime:0.001290s ]
INFO: [ app_begin ] --START--
INFO: Run Behavior\ReadHtmlCacheBehavior [ RunTime:0.001000s ]
INFO: [ app_begin ] --END-- [ RunTime:0.001224s ]
INFO: [ view_parse ] --START--
INFO: Run Behavior\ParseTemplateBehavior [ RunTime:0.012981s ]
INFO: [ view_parse ] --END-- [ RunTime:0.013187s ]
INFO: [ view_filter ] --START--
INFO: Run Behavior\WriteHtmlCacheBehavior [ RunTime:0.000629s ]
INFO: [ view_filter ] --END-- [ RunTime:0.000811s ]
INFO: [ app_end ] --START--
INFO: Run Behavior\ShowPageTraceBehavior [ RunTime:0.000943s ]
INFO: [ app_end ] --END-- [ RunTime:0.001138s ]
NOTIC: [8] Constant NOW_TIME already defined D:\file\file\index.php 第 13 行.
NOTIC: [8] Undefined variable: SERVER D:\file\file\index.php 第 15 行.

[ 2017-09-14T23:37:03+08:00 ] 127.0.0.1 /file/index.php/Home/Index/left.html
INFO: [ app_init ] --START--
INFO: Run Behavior\BuildLiteBehavior [ RunTime:0.000062s ]
INFO: [ app_init ] --END-- [ RunTime:0.001102s ]
INFO: [ app_begin ] --START--
INFO: Run Behavior\ReadHtmlCacheBehavior [ RunTime:0.001399s ]
INFO: [ app_begin ] --END-- [ RunTime:0.001756s ]
INFO: [ view_parse ] --START--
INFO: Run Behavior\ParseTemplateBehavior [ RunTime:0.016292s ]
INFO: [ view_parse ] --END-- [ RunTime:0.016617s ]
INFO: [ view_filter ] --START--
INFO: Run Behavior\WriteHtmlCacheBehavior [ RunTime:0.000872s ]
INFO: [ view_filter ] --END-- [ RunTime:0.001157s ]
INFO: [ app_end ] --START--
INFO: Run Behavior\ShowPageTraceBehavior [ RunTime:0.001361s ]
INFO: [ app_end ] --END-- [ RunTime:0.001617s ]
NOTIC: [8] Constant NOW_TIME already defined D:\file\file\index.php 第 13 行.
NOTIC: [8] Undefined variable: SERVER D:\file\file\index.php 第 15 行.

[ 2017-09-14T23:37:25+08:00 ] 127.0.0.1 /file/index.php/Home/Index/index.html
INFO: [ app_init ] --START--
INFO: Run Behavior\BuildLiteBehavior [ RunTime:0.000043s ]
INFO: [ app_init ] --END-- [ RunTime:0.000819s ]
INFO: [ app_begin ] --START--
INFO: Run Behavior\ReadHtmlCacheBehavior [ RunTime:0.000675s ]
INFO: [ app_begin ] --END-- [ RunTime:0.000856s ]
INFO: [ view_parse ] --START--
INFO: Run Behavior\ParseTemplateBehavior [ RunTime:0.010200s ]
INFO: [ view_parse ] --END-- [ RunTime:0.010387s ]
INFO: [ view_filter ] --START--
INFO: Run Behavior\WriteHtmlCacheBehavior [ RunTime:0.000409s ]
INFO: [ view_filter ] --END-- [ RunTime:0.000571s ]
INFO: [ app_end ] --START--
INFO: Run Behavior\ShowPageTraceBehavior [ RunTime:0.000661s ]
INFO: [ app_end ] --END-- [ RunTime:0.000832s ]
NOTIC: [8] Constant NOW_TIME already defined D:\file\file\index.php 第 13 行.
NOTIC: [8] Undefined variable: SERVER D:\file\file\index.php 第 15 行.

[ 2017-09-14T23:37:25+08:00 ] 127.0.0.1 /file/index.php/Home/Index/head.html
INFO: [ app_init ] --START--
INFO: Run Behavior\BuildLiteBehavior [ RunTime:0.000065s ]
INFO: [ app_init ] --END-- [ RunTime:0.000985s ]
INFO: [ app_begin ] --START--
INFO: Run Behavior\ReadHtmlCacheBehavior [ RunTime:0.000675s ]
INFO: [ app_begin ] --END-- [ RunTime:0.000874s ]
INFO: [ view_parse ] --START--
INFO: Run Behavior\ParseTemplateBehavior [ RunTime:0.012786s ]
INFO: [ view_parse ] --END-- [ RunTime:0.013000s ]
INFO: [ view_filter ] --START--
INFO: Run Behavior\WriteHtmlCacheBehavior [ RunTime:0.000386s ]
INFO: [ view_filter ] --END-- [ RunTime:0.000553s ]
INFO: [ app_end ] --START--
INFO: Run Behavior\ShowPageTraceBehavior [ RunTime:0.000645s ]
INFO: [ app_end ] --END-- [ RunTime:0.000814s ]
NOTIC: [8] Constant NOW_TIME already defined D:\file\file\index.php 第 13 行.
NOTIC: [8] Undefined variable: SERVER D:\file\file\index.php 第 15 行.

[ 2017-09-14T23:37:25+08:00 ] 127.0.0.1 /file/index.php/Home/Index/left.html
INFO: [ app_init ] --START--
INFO: Run Behavior\BuildLiteBehavior [ RunTime:0.000064s ]
INFO: [ app_init ] --END-- [ RunTime:0.001086s ]
INFO: [ app_begin ] --START--
INFO: Run Behavior\ReadHtmlCacheBehavior [ RunTime:0.000914s ]
INFO: [ app_begin ] --END-- [ RunTime:0.001109s ]
INFO: [ view_parse ] --START--
INFO: Run Behavior\ParseTemplateBehavior [ RunTime:0.012417s ]
INFO: [ view_parse ] --END-- [ RunTime:0.012611s ]
INFO: [ view_filter ] --START--
INFO: Run Behavior\WriteHtmlCacheBehavior [ RunTime:0.000573s ]
INFO: [ view_filter ] --END-- [ RunTime:0.000736s ]
INFO: [ app_end ] --START--
INFO: Run Behavior\ShowPageTraceBehavior [ RunTime:0.000949s ]
INFO: [ app_end ] --END-- [ RunTime:0.001128s ]
NOTIC: [8] Constant NOW_TIME already defined D:\file\file\index.php 第 13 行.
NOTIC: [8] Undefined variable: SERVER D:\file\file\index.php 第 15 行.

[ 2017-09-14T23:37:25+08:00 ] 127.0.0.1 /file/index.php/Home/Index/right.html
INFO: [ app_init ] --START--
INFO: Run Behavior\BuildLiteBehavior [ RunTime:0.000038s ]
INFO: [ app_init ] --END-- [ RunTime:0.000718s ]
INFO: [ app_begin ] --START--
INFO: Run Behavior\ReadHtmlCacheBehavior [ RunTime:0.000892s ]
INFO: [ app_begin ] --END-- [ RunTime:0.001071s ]
INFO: [ view_parse ] --START--
INFO: Run Behavior\ParseTemplateBehavior [ RunTime:0.012053s ]
INFO: [ view_parse ] --END-- [ RunTime:0.012242s ]
INFO: [ view_filter ] --START--
INFO: Run Behavior\WriteHtmlCacheBehavior [ RunTime:0.000610s ]
INFO: [ view_filter ] --END-- [ RunTime:0.000820s ]
INFO: [ app_end ] --START--
INFO: Run Behavior\ShowPageTraceBehavior [ RunTime:0.000923s ]
INFO: [ app_end ] --END-- [ RunTime:0.001151s ]
NOTIC: [8] Constant NOW_TIME already defined D:\file\file\index.php 第 13 行.
NOTIC: [8] Undefined variable: SERVER D:\file\file\index.php 第 15 行.

[ 2017-09-14T23:37:27+08:00 ] 127.0.0.1 /file/index.php/Home/Admin/changecommon_file
INFO: [ app_init ] --START--
INFO: Run Behavior\BuildLiteBehavior [ RunTime:0.000061s ]
INFO: [ app_init ] --END-- [ RunTime:0.000747s ]
INFO: [ app_begin ] --START--
INFO: Run Behavior\ReadHtmlCacheBehavior [ RunTime:0.000741s ]
INFO: [ app_begin ] --END-- [ RunTime:0.000937s ]
SQL: SHOW COLUMNS FROM `file_common_file` [ RunTime:0.0318s ]
INFO: [ view_parse ] --START--
INFO: Run Behavior\ParseTemplateBehavior [ RunTime:0.010242s ]
INFO: [ view_parse ] --END-- [ RunTime:0.010433s ]
INFO: [ view_filter ] --START--
INFO: Run Behavior\WriteHtmlCacheBehavior [ RunTime:0.000385s ]
INFO: [ view_filter ] --END-- [ RunTime:0.000559s ]
INFO: [ app_end ] --START--
INFO: Run Behavior\ShowPageTraceBehavior [ RunTime:0.000638s ]
INFO: [ app_end ] --END-- [ RunTime:0.000808s ]
NOTIC: [8] Constant NOW_TIME already defined D:\file\file\index.php 第 13 行.
NOTIC: [8] Undefined variable: SERVER D:\file\file\index.php 第 15 行.

[ 2017-09-14T23:37:27+08:00 ] 127.0.0.1 /file/index.php/Home/Admin/css/mine.css
INFO: [ app_init ] --START--
INFO: Run Behavior\BuildLiteBehavior [ RunTime:0.000041s ]
INFO: [ app_init ] --END-- [ RunTime:0.000622s ]
INFO: [ app_begin ] --START--
INFO: Run Behavior\ReadHtmlCacheBehavior [ RunTime:0.000661s ]
INFO: [ app_begin ] --END-- [ RunTime:0.000853s ]
ERR: 非法操作:css

[ 2017-09-14T23:37:28+08:00 ] 127.0.0.1 /file/index.php/Home/Admin/selectcommon_file
INFO: [ app_init ] --START--
INFO: Run Behavior\BuildLiteBehavior [ RunTime:0.000036s ]
INFO: [ app_init ] --END-- [ RunTime:0.000593s ]
INFO: [ app_begin ] --START--
INFO: Run Behavior\ReadHtmlCacheBehavior [ RunTime:0.000626s ]
INFO: [ app_begin ] --END-- [ RunTime:0.000805s ]
SQL: SHOW COLUMNS FROM `file_common_file` [ RunTime:0.0100s ]
SQL: SELECT COUNT(*) AS tp_count FROM `file_common_file` LIMIT 1   [ RunTime:0.0003s ]
SQL: SELECT * FROM `file_common_file` LIMIT 0,10   [ RunTime:0.0003s ]
INFO: [ view_parse ] --START--
INFO: Run Behavior\ParseTemplateBehavior [ RunTime:0.009987s ]
INFO: [ view_parse ] --END-- [ RunTime:0.010169s ]
INFO: [ view_filter ] --START--
INFO: Run Behavior\WriteHtmlCacheBehavior [ RunTime:0.000382s ]
INFO: [ view_filter ] --END-- [ RunTime:0.000544s ]
INFO: [ app_end ] --START--
INFO: Run Behavior\ShowPageTraceBehavior [ RunTime:0.000630s ]
INFO: [ app_end ] --END-- [ RunTime:0.000796s ]
NOTIC: [8] Constant NOW_TIME already defined D:\file\file\index.php 第 13 行.
NOTIC: [8] Undefined variable: SERVER D:\file\file\index.php 第 15 行.

[ 2017-09-14T23:37:28+08:00 ] 127.0.0.1 /file/index.php/Home/Admin/css/mine.css
INFO: [ app_init ] --START--
INFO: Run Behavior\BuildLiteBehavior [ RunTime:0.000088s ]
INFO: [ app_init ] --END-- [ RunTime:0.001454s ]
INFO: [ app_begin ] --START--
INFO: Run Behavior\ReadHtmlCacheBehavior [ RunTime:0.001519s ]
INFO: [ app_begin ] --END-- [ RunTime:0.001935s ]
ERR: 非法操作:css

[ 2017-09-14T23:37:28+08:00 ] 127.0.0.1 /file/index.php/Home/Index/left.html
INFO: [ app_init ] --START--
INFO: Run Behavior\BuildLiteBehavior [ RunTime:0.000037s ]
INFO: [ app_init ] --END-- [ RunTime:0.000598s ]
INFO: [ app_begin ] --START--
INFO: Run Behavior\ReadHtmlCacheBehavior [ RunTime:0.000633s ]
INFO: [ app_begin ] --END-- [ RunTime:0.000822s ]
INFO: [ view_parse ] --START--
INFO: Run Behavior\ParseTemplateBehavior [ RunTime:0.009930s ]
INFO: [ view_parse ] --END-- [ RunTime:0.010109s ]
INFO: [ view_filter ] --START--
INFO: Run Behavior\WriteHtmlCacheBehavior [ RunTime:0.000385s ]
INFO: [ view_filter ] --END-- [ RunTime:0.000546s ]
INFO: [ app_end ] --START--
INFO: Run Behavior\ShowPageTraceBehavior [ RunTime:0.000647s ]
INFO: [ app_end ] --END-- [ RunTime:0.000821s ]
NOTIC: [8] Constant NOW_TIME already defined D:\file\file\index.php 第 13 行.
NOTIC: [8] Undefined variable: SERVER D:\file\file\index.php 第 15 行.

[ 2017-09-14T23:37:57+08:00 ] 127.0.0.1 /file/index.php/Home/User/changemessage
INFO: [ app_init ] --START--
INFO: Run Behavior\BuildLiteBehavior [ RunTime:0.000037s ]
INFO: [ app_init ] --END-- [ RunTime:0.000601s ]
INFO: [ app_begin ] --START--
INFO: Run Behavior\ReadHtmlCacheBehavior [ RunTime:0.000629s ]
INFO: [ app_begin ] --END-- [ RunTime:0.000806s ]
SQL: SHOW COLUMNS FROM `file_user` [ RunTime:0.1192s ]
INFO: [ view_parse ] --START--
INFO: Run Behavior\ParseTemplateBehavior [ RunTime:0.023565s ]
INFO: [ view_parse ] --END-- [ RunTime:0.023989s ]
INFO: [ view_filter ] --START--
INFO: Run Behavior\WriteHtmlCacheBehavior [ RunTime:0.000897s ]
INFO: [ view_filter ] --END-- [ RunTime:0.001282s ]
INFO: [ app_end ] --START--
INFO: Run Behavior\ShowPageTraceBehavior [ RunTime:0.001491s ]
INFO: [ app_end ] --END-- [ RunTime:0.001890s ]
NOTIC: [8] Constant NOW_TIME already defined D:\file\file\index.php 第 13 行.
NOTIC: [8] Undefined variable: SERVER D:\file\file\index.php 第 15 行.

[ 2017-09-14T23:37:58+08:00 ] 127.0.0.1 /file/index.php/Home/Index/left.html
INFO: [ app_init ] --START--
INFO: Run Behavior\BuildLiteBehavior [ RunTime:0.000035s ]
INFO: [ app_init ] --END-- [ RunTime:0.000593s ]
INFO: [ app_begin ] --START--
INFO: Run Behavior\ReadHtmlCacheBehavior [ RunTime:0.000631s ]
INFO: [ app_begin ] --END-- [ RunTime:0.000819s ]
INFO: [ view_parse ] --START--
INFO: Run Behavior\ParseTemplateBehavior [ RunTime:0.185607s ]
INFO: [ view_parse ] --END-- [ RunTime:0.185799s ]
INFO: [ view_filter ] --START--
INFO: Run Behavior\WriteHtmlCacheBehavior [ RunTime:0.000867s ]
INFO: [ view_filter ] --END-- [ RunTime:0.001032s ]
INFO: [ app_end ] --START--
INFO: Run Behavior\ShowPageTraceBehavior [ RunTime:0.000860s ]
INFO: [ app_end ] --END-- [ RunTime:0.001035s ]
NOTIC: [8] Constant NOW_TIME already defined D:\file\file\index.php 第 13 行.
NOTIC: [8] Undefined variable: SERVER D:\file\file\index.php 第 15 行.

[ 2017-09-14T23:38:16+08:00 ] 127.0.0.1 /file/index.php/Home/Index/index.html
INFO: [ app_init ] --START--
INFO: Run Behavior\BuildLiteBehavior [ RunTime:0.000038s ]
INFO: [ app_init ] --END-- [ RunTime:0.000616s ]
INFO: [ app_begin ] --START--
INFO: Run Behavior\ReadHtmlCacheBehavior [ RunTime:0.000651s ]
INFO: [ app_begin ] --END-- [ RunTime:0.000833s ]
INFO: [ view_parse ] --START--
INFO: Run Behavior\ParseTemplateBehavior [ RunTime:0.009997s ]
INFO: [ view_parse ] --END-- [ RunTime:0.010177s ]
INFO: [ view_filter ] --START--
INFO: Run Behavior\WriteHtmlCacheBehavior [ RunTime:0.000381s ]
INFO: [ view_filter ] --END-- [ RunTime:0.000544s ]
INFO: [ app_end ] --START--
INFO: Run Behavior\ShowPageTraceBehavior [ RunTime:0.000644s ]
INFO: [ app_end ] --END-- [ RunTime:0.000811s ]
NOTIC: [8] Constant NOW_TIME already defined D:\file\file\index.php 第 13 行.
NOTIC: [8] Undefined variable: SERVER D:\file\file\index.php 第 15 行.

[ 2017-09-14T23:38:16+08:00 ] 127.0.0.1 /file/index.php/Home/Index/head.html
INFO: [ app_init ] --START--
INFO: Run Behavior\BuildLiteBehavior [ RunTime:0.000039s ]
INFO: [ app_init ] --END-- [ RunTime:0.000656s ]
INFO: [ app_begin ] --START--
INFO: Run Behavior\ReadHtmlCacheBehavior [ RunTime:0.000992s ]
INFO: [ app_begin ] --END-- [ RunTime:0.001329s ]
INFO: [ view_parse ] --START--
INFO: Run Behavior\ParseTemplateBehavior [ RunTime:0.009987s ]
INFO: [ view_parse ] --END-- [ RunTime:0.010181s ]
INFO: [ view_filter ] --START--
INFO: Run Behavior\WriteHtmlCacheBehavior [ RunTime:0.000379s ]
INFO: [ view_filter ] --END-- [ RunTime:0.000541s ]
INFO: [ app_end ] --START--
INFO: Run Behavior\ShowPageTraceBehavior [ RunTime:0.000636s ]
INFO: [ app_end ] --END-- [ RunTime:0.000804s ]
NOTIC: [8] Constant NOW_TIME already defined D:\file\file\index.php 第 13 行.
NOTIC: [8] Undefined variable: SERVER D:\file\file\index.php 第 15 行.

[ 2017-09-14T23:38:16+08:00 ] 127.0.0.1 /file/index.php/Home/Index/left.html
INFO: [ app_init ] --START--
INFO: Run Behavior\BuildLiteBehavior [ RunTime:0.000040s ]
INFO: [ app_init ] --END-- [ RunTime:0.000721s ]
INFO: [ app_begin ] --START--
INFO: Run Behavior\ReadHtmlCacheBehavior [ RunTime:0.001037s ]
INFO: [ app_begin ] --END-- [ RunTime:0.001246s ]
INFO: [ view_parse ] --START--
INFO: Run Behavior\ParseTemplateBehavior [ RunTime:0.011832s ]
INFO: [ view_parse ] --END-- [ RunTime:0.012026s ]
INFO: [ view_filter ] --START--
INFO: Run Behavior\WriteHtmlCacheBehavior [ RunTime:0.000383s ]
INFO: [ view_filter ] --END-- [ RunTime:0.000545s ]
INFO: [ app_end ] --START--
INFO: Run Behavior\ShowPageTraceBehavior [ RunTime:0.000655s ]
INFO: [ app_end ] --END-- [ RunTime:0.000829s ]
NOTIC: [8] Constant NOW_TIME already defined D:\file\file\index.php 第 13 行.
NOTIC: [8] Undefined variable: SERVER D:\file\file\index.php 第 15 行.

[ 2017-09-14T23:38:16+08:00 ] 127.0.0.1 /file/index.php/Home/Index/right.html
INFO: [ app_init ] --START--
INFO: Run Behavior\BuildLiteBehavior [ RunTime:0.000042s ]
INFO: [ app_init ] --END-- [ RunTime:0.000648s ]
INFO: [ app_begin ] --START--
INFO: Run Behavior\ReadHtmlCacheBehavior [ RunTime:0.000718s ]
INFO: [ app_begin ] --END-- [ RunTime:0.000924s ]
INFO: [ view_parse ] --START--
INFO: Run Behavior\ParseTemplateBehavior [ RunTime:0.023045s ]
INFO: [ view_parse ] --END-- [ RunTime:0.023459s ]
INFO: [ view_filter ] --START--
INFO: Run Behavior\WriteHtmlCacheBehavior [ RunTime:0.000926s ]
INFO: [ view_filter ] --END-- [ RunTime:0.001310s ]
INFO: [ app_end ] --START--
INFO: Run Behavior\ShowPageTraceBehavior [ RunTime:0.001630s ]
INFO: [ app_end ] --END-- [ RunTime:0.002180s ]
NOTIC: [8] Constant NOW_TIME already defined D:\file\file\index.php 第 13 行.
NOTIC: [8] Undefined variable: SERVER D:\file\file\index.php 第 15 行.

[ 2017-09-14T23:38:18+08:00 ] 127.0.0.1 /file/index.php/Home/Admin/showuser
INFO: [ app_init ] --START--
INFO: Run Behavior\BuildLiteBehavior [ RunTime:0.000038s ]
INFO: [ app_init ] --END-- [ RunTime:0.000613s ]
INFO: [ app_begin ] --START--
INFO: Run Behavior\ReadHtmlCacheBehavior [ RunTime:0.000647s ]
INFO: [ app_begin ] --END-- [ RunTime:0.000841s ]
SQL: SHOW COLUMNS FROM `file_user` [ RunTime:0.4317s ]
SQL: SELECT COUNT(*) AS tp_count FROM `file_user` LIMIT 1   [ RunTime:0.0007s ]
SQL: SELECT * FROM `file_user` LIMIT 0,10   [ RunTime:0.0007s ]
INFO: [ view_parse ] --START--
NOTIC: [2] filemtime(): stat failed for D:/file/file/Runtime/Cache\0156386e4a57d9ccef0c3f5edcfb4347032f1f0a.file.showuser.html.php D:\file\ThinkPHP\Library\Vendor\Smarty\sysplugins\smarty_resource.php 第 683 行.
NOTIC: [2] unlink(D:/file/file/Runtime/Cache\0156386e4a57d9ccef0c3f5edcfb4347032f1f0a.file.showuser.html.php): No such file or directory D:\file\ThinkPHP\Library\Vendor\Smarty\sysplugins\smarty_internal_write_file.php 第 49 行.
INFO: Run Behavior\ParseTemplateBehavior [ RunTime:0.111214s ]
INFO: [ view_parse ] --END-- [ RunTime:0.111505s ]
INFO: [ view_filter ] --START--
INFO: Run Behavior\WriteHtmlCacheBehavior [ RunTime:0.000830s ]
INFO: [ view_filter ] --END-- [ RunTime:0.000996s ]
INFO: [ app_end ] --START--
INFO: Run Behavior\ShowPageTraceBehavior [ RunTime:0.000795s ]
INFO: [ app_end ] --END-- [ RunTime:0.000960s ]
NOTIC: [8] Constant NOW_TIME already defined D:\file\file\index.php 第 13 行.
NOTIC: [8] Undefined variable: SERVER D:\file\file\index.php 第 15 行.

[ 2017-09-14T23:50:38+08:00 ] 127.0.0.1 /file/index.php/Home/Index/index.html
INFO: [ app_init ] --START--
INFO: Run Behavior\BuildLiteBehavior [ RunTime:0.000047s ]
INFO: [ app_init ] --END-- [ RunTime:0.001049s ]
INFO: [ app_begin ] --START--
INFO: Run Behavior\ReadHtmlCacheBehavior [ RunTime:0.001029s ]
INFO: [ app_begin ] --END-- [ RunTime:0.001289s ]
INFO: [ view_parse ] --START--
INFO: Run Behavior\ParseTemplateBehavior [ RunTime:0.013554s ]
INFO: [ view_parse ] --END-- [ RunTime:0.013815s ]
INFO: [ view_filter ] --START--
INFO: Run Behavior\WriteHtmlCacheBehavior [ RunTime:0.000585s ]
INFO: [ view_filter ] --END-- [ RunTime:0.000750s ]
INFO: [ app_end ] --START--
INFO: Run Behavior\ShowPageTraceBehavior [ RunTime:0.000846s ]
INFO: [ app_end ] --END-- [ RunTime:0.001014s ]
NOTIC: [8] Constant NOW_TIME already defined D:\file\file\index.php 第 13 行.
NOTIC: [8] Undefined variable: SERVER D:\file\file\index.php 第 15 行.

[ 2017-09-14T23:50:38+08:00 ] 127.0.0.1 /file/index.php/Home/Index/head.html
INFO: [ app_init ] --START--
INFO: Run Behavior\BuildLiteBehavior [ RunTime:0.000064s ]
INFO: [ app_init ] --END-- [ RunTime:0.000940s ]
INFO: [ app_begin ] --START--
INFO: Run Behavior\ReadHtmlCacheBehavior [ RunTime:0.000973s ]
INFO: [ app_begin ] --END-- [ RunTime:0.001306s ]
INFO: [ view_parse ] --START--
INFO: Run Behavior\ParseTemplateBehavior [ RunTime:0.011796s ]
INFO: [ view_parse ] --END-- [ RunTime:0.012085s ]
INFO: [ view_filter ] --START--
INFO: Run Behavior\WriteHtmlCacheBehavior [ RunTime:0.000437s ]
INFO: [ view_filter ] --END-- [ RunTime:0.000679s ]
INFO: [ app_end ] --START--
INFO: Run Behavior\ShowPageTraceBehavior [ RunTime:0.001165s ]
INFO: [ app_end ] --END-- [ RunTime:0.001460s ]
NOTIC: [8] Constant NOW_TIME already defined D:\file\file\index.php 第 13 行.
NOTIC: [8] Undefined variable: SERVER D:\file\file\index.php 第 15 行.

[ 2017-09-14T23:50:38+08:00 ] 127.0.0.1 /file/index.php/Home/Index/left.html
INFO: [ app_init ] --START--
INFO: Run Behavior\BuildLiteBehavior [ RunTime:0.000041s ]
INFO: [ app_init ] --END-- [ RunTime:0.000823s ]
INFO: [ app_begin ] --START--
INFO: Run Behavior\ReadHtmlCacheBehavior [ RunTime:0.001373s ]
INFO: [ app_begin ] --END-- [ RunTime:0.001708s ]
INFO: [ view_parse ] --START--
INFO: Run Behavior\ParseTemplateBehavior [ RunTime:0.013634s ]
INFO: [ view_parse ] --END-- [ RunTime:0.013886s ]
INFO: [ view_filter ] --START--
INFO: Run Behavior\WriteHtmlCacheBehavior [ RunTime:0.000585s ]
INFO: [ view_filter ] --END-- [ RunTime:0.000748s ]
INFO: [ app_end ] --START--
INFO: Run Behavior\ShowPageTraceBehavior [ RunTime:0.000868s ]
INFO: [ app_end ] --END-- [ RunTime:0.001047s ]
NOTIC: [8] Constant NOW_TIME already defined D:\file\file\index.php 第 13 行.
NOTIC: [8] Undefined variable: SERVER D:\file\file\index.php 第 15 行.

[ 2017-09-14T23:50:38+08:00 ] 127.0.0.1 /file/index.php/Home/Index/right.html
INFO: [ app_init ] --START--
INFO: Run Behavior\BuildLiteBehavior [ RunTime:0.000042s ]
INFO: [ app_init ] --END-- [ RunTime:0.000721s ]
INFO: [ app_begin ] --START--
INFO: Run Behavior\ReadHtmlCacheBehavior [ RunTime:0.001386s ]
INFO: [ app_begin ] --END-- [ RunTime:0.001727s ]
INFO: [ view_parse ] --START--
INFO: Run Behavior\ParseTemplateBehavior [ RunTime:0.011913s ]
INFO: [ view_parse ] --END-- [ RunTime:0.012103s ]
INFO: [ view_filter ] --START--
INFO: Run Behavior\WriteHtmlCacheBehavior [ RunTime:0.000584s ]
INFO: [ view_filter ] --END-- [ RunTime:0.000749s ]
INFO: [ app_end ] --START--
INFO: Run Behavior\ShowPageTraceBehavior [ RunTime:0.000835s ]
INFO: [ app_end ] --END-- [ RunTime:0.001004s ]
NOTIC: [8] Constant NOW_TIME already defined D:\file\file\index.php 第 13 行.
NOTIC: [8] Undefined variable: SERVER D:\file\file\index.php 第 15 行.

[ 2017-09-14T23:50:40+08:00 ] 127.0.0.1 /file/index.php/Home/Admin/showuser
INFO: [ app_init ] --START--
INFO: Run Behavior\BuildLiteBehavior [ RunTime:0.000040s ]
INFO: [ app_init ] --END-- [ RunTime:0.000623s ]
INFO: [ app_begin ] --START--
INFO: Run Behavior\ReadHtmlCacheBehavior [ RunTime:0.000651s ]
INFO: [ app_begin ] --END-- [ RunTime:0.000849s ]
SQL: SHOW COLUMNS FROM `file_user` [ RunTime:0.0339s ]
SQL: SELECT COUNT(*) AS tp_count FROM `file_user` LIMIT 1   [ RunTime:0.0003s ]
SQL: SELECT * FROM `file_user` LIMIT 0,10   [ RunTime:0.0003s ]

[ 2017-09-14T23:51:13+08:00 ] 127.0.0.1 /file/index.php/Home/Admin/showuser
INFO: [ app_init ] --START--
INFO: Run Behavior\BuildLiteBehavior [ RunTime:0.000036s ]
INFO: [ app_init ] --END-- [ RunTime:0.000607s ]
INFO: [ app_begin ] --START--
INFO: Run Behavior\ReadHtmlCacheBehavior [ RunTime:0.000641s ]
INFO: [ app_begin ] --END-- [ RunTime:0.000827s ]
SQL: SHOW COLUMNS FROM `file_user` [ RunTime:0.0568s ]
SQL: SELECT COUNT(*) AS tp_count FROM `file_user` LIMIT 1   [ RunTime:0.0007s ]
SQL: SELECT * FROM `file_user` LIMIT 0,10   [ RunTime:0.0005s ]

[ 2017-09-14T23:51:15+08:00 ] 127.0.0.1 /file/index.php/Home/Admin/showuser
INFO: [ app_init ] --START--
INFO: Run Behavior\BuildLiteBehavior [ RunTime:0.000036s ]
INFO: [ app_init ] --END-- [ RunTime:0.000605s ]
INFO: [ app_begin ] --START--
INFO: Run Behavior\ReadHtmlCacheBehavior [ RunTime:0.000643s ]
INFO: [ app_begin ] --END-- [ RunTime:0.000828s ]
SQL: SHOW COLUMNS FROM `file_user` [ RunTime:0.0158s ]
SQL: SELECT COUNT(*) AS tp_count FROM `file_user` LIMIT 1   [ RunTime:0.0003s ]
SQL: SELECT * FROM `file_user` LIMIT 0,10   [ RunTime:0.0003s ]

[ 2017-09-14T23:51:15+08:00 ] 127.0.0.1 /file/index.php/Home/Admin/showuser
INFO: [ app_init ] --START--
INFO: Run Behavior\BuildLiteBehavior [ RunTime:0.000036s ]
INFO: [ app_init ] --END-- [ RunTime:0.000602s ]
INFO: [ app_begin ] --START--
INFO: Run Behavior\ReadHtmlCacheBehavior [ RunTime:0.000633s ]
INFO: [ app_begin ] --END-- [ RunTime:0.000821s ]
SQL: SHOW COLUMNS FROM `file_user` [ RunTime:0.0063s ]
SQL: SELECT COUNT(*) AS tp_count FROM `file_user` LIMIT 1   [ RunTime:0.0003s ]
SQL: SELECT * FROM `file_user` LIMIT 0,10   [ RunTime:0.0003s ]

[ 2017-09-14T23:52:28+08:00 ] 127.0.0.1 /file/index.php/Home/user/register
INFO: [ app_init ] --START--
INFO: Run Behavior\BuildLiteBehavior [ RunTime:0.000039s ]
INFO: [ app_init ] --END-- [ RunTime:0.000642s ]
INFO: [ app_begin ] --START--
INFO: Run Behavior\ReadHtmlCacheBehavior [ RunTime:0.000655s ]
INFO: [ app_begin ] --END-- [ RunTime:0.000835s ]
SQL: SHOW COLUMNS FROM `file_user` [ RunTime:0.0062s ]
INFO: [ view_parse ] --START--
INFO: Run Behavior\ParseTemplateBehavior [ RunTime:0.050390s ]
INFO: [ view_parse ] --END-- [ RunTime:0.050585s ]
INFO: [ view_filter ] --START--
INFO: Run Behavior\WriteHtmlCacheBehavior [ RunTime:0.000458s ]
INFO: [ view_filter ] --END-- [ RunTime:0.000622s ]
INFO: [ app_end ] --START--
INFO: Run Behavior\ShowPageTraceBehavior [ RunTime:0.000640s ]
INFO: [ app_end ] --END-- [ RunTime:0.000805s ]
NOTIC: [8] Constant NOW_TIME already defined D:\file\file\index.php 第 13 行.
NOTIC: [8] Undefined variable: SERVER D:\file\file\index.php 第 15 行.

[ 2017-09-14T23:52:39+08:00 ] 127.0.0.1 /file/index.php/Home/Admin/test
INFO: [ app_init ] --START--
INFO: Run Behavior\BuildLiteBehavior [ RunTime:0.000038s ]
INFO: [ app_init ] --END-- [ RunTime:0.000696s ]
INFO: [ app_begin ] --START--
INFO: Run Behavior\ReadHtmlCacheBehavior [ RunTime:0.000880s ]
INFO: [ app_begin ] --END-- [ RunTime:0.001066s ]

[ 2017-09-14T23:53:54+08:00 ] 127.0.0.1 /file/index.php/Home/Admin/test
INFO: [ app_init ] --START--
INFO: Run Behavior\BuildLiteBehavior [ RunTime:0.000066s ]
INFO: [ app_init ] --END-- [ RunTime:0.001164s ]
INFO: [ app_begin ] --START--
INFO: Run Behavior\ReadHtmlCacheBehavior [ RunTime:0.001033s ]
INFO: [ app_begin ] --END-- [ RunTime:0.001230s ]
INFO: [ app_end ] --START--
INFO: Run Behavior\ShowPageTraceBehavior [ RunTime:0.001010s ]
INFO: [ app_end ] --END-- [ RunTime:0.001337s ]
NOTIC: [8] Constant NOW_TIME already defined D:\file\file\index.php 第 13 行.
NOTIC: [8] Undefined variable: SERVER D:\file\file\index.php 第 15 行.

