[ 2017-09-21T22:23:53+08:00 ] 127.0.0.1 /file/index.php/Home/index/login
INFO: [ app_init ] --START--
INFO: Run Behavior\BuildLiteBehavior [ RunTime:0.000040s ]
INFO: [ app_init ] --END-- [ RunTime:0.000691s ]
INFO: [ app_begin ] --START--
INFO: Run Behavior\ReadHtmlCacheBehavior [ RunTime:0.000814s ]
INFO: [ app_begin ] --END-- [ RunTime:0.000992s ]
INFO: [ app_end ] --START--
INFO: Run Behavior\ShowPageTraceBehavior [ RunTime:0.000746s ]
INFO: [ app_end ] --END-- [ RunTime:0.000942s ]
NOTIC: [8] Constant NOW_TIME already defined D:\file\file\index.php 第 13 行.
NOTIC: [8] Undefined variable: SERVER D:\file\file\index.php 第 15 行.

[ 2017-09-21T22:24:00+08:00 ] 127.0.0.1 /file/index.php/Home/user/register
INFO: [ app_init ] --START--
INFO: Run Behavior\BuildLiteBehavior [ RunTime:0.000061s ]
INFO: [ app_init ] --END-- [ RunTime:0.000780s ]
INFO: [ app_begin ] --START--
INFO: Run Behavior\ReadHtmlCacheBehavior [ RunTime:0.000640s ]
INFO: [ app_begin ] --END-- [ RunTime:0.000829s ]
SQL: SHOW COLUMNS FROM `file_user` [ RunTime:0.0402s ]
INFO: [ view_parse ] --START--
INFO: Run Behavior\ParseTemplateBehavior [ RunTime:0.024440s ]
INFO: [ view_parse ] --END-- [ RunTime:0.024636s ]
INFO: [ view_filter ] --START--
INFO: Run Behavior\WriteHtmlCacheBehavior [ RunTime:0.000597s ]
INFO: [ view_filter ] --END-- [ RunTime:0.000770s ]
INFO: [ app_end ] --START--
INFO: Run Behavior\ShowPageTraceBehavior [ RunTime:0.000639s ]
INFO: [ app_end ] --END-- [ RunTime:0.000808s ]
NOTIC: [8] Constant NOW_TIME already defined D:\file\file\index.php 第 13 行.
NOTIC: [8] Undefined variable: SERVER D:\file\file\index.php 第 15 行.

[ 2017-09-21T22:24:01+08:00 ] 127.0.0.1 /file/index.php/Home/user/login
INFO: [ app_init ] --START--
INFO: Run Behavior\BuildLiteBehavior [ RunTime:0.000039s ]
INFO: [ app_init ] --END-- [ RunTime:0.000568s ]
INFO: [ app_begin ] --START--
INFO: Run Behavior\ReadHtmlCacheBehavior [ RunTime:0.000625s ]
INFO: [ app_begin ] --END-- [ RunTime:0.000821s ]
INFO: [ view_parse ] --START--
INFO: Run Behavior\ParseTemplateBehavior [ RunTime:0.009223s ]
INFO: [ view_parse ] --END-- [ RunTime:0.009399s ]
INFO: [ view_filter ] --START--
INFO: Run Behavior\WriteHtmlCacheBehavior [ RunTime:0.000326s ]
INFO: [ view_filter ] --END-- [ RunTime:0.000488s ]
INFO: [ app_end ] --START--
INFO: Run Behavior\ShowPageTraceBehavior [ RunTime:0.000578s ]
INFO: [ app_end ] --END-- [ RunTime:0.000745s ]
NOTIC: [8] Constant NOW_TIME already defined D:\file\file\index.php 第 13 行.
NOTIC: [8] Undefined variable: SERVER D:\file\file\index.php 第 15 行.

[ 2017-09-21T22:24:01+08:00 ] 127.0.0.1 /file/index.php/Home/user/verifyImg
INFO: [ app_init ] --START--
INFO: Run Behavior\BuildLiteBehavior [ RunTime:0.000065s ]
INFO: [ app_init ] --END-- [ RunTime:0.000911s ]
INFO: [ app_begin ] --START--
INFO: Run Behavior\ReadHtmlCacheBehavior [ RunTime:0.000596s ]
INFO: [ app_begin ] --END-- [ RunTime:0.000773s ]
INFO: [ app_end ] --START--
INFO: Run Behavior\ShowPageTraceBehavior [ RunTime:0.000647s ]
INFO: [ app_end ] --END-- [ RunTime:0.000886s ]
NOTIC: [8] Constant NOW_TIME already defined D:\file\file\index.php 第 13 行.
NOTIC: [8] Undefined variable: SERVER D:\file\file\index.php 第 15 行.

[ 2017-09-21T22:24:08+08:00 ] 127.0.0.1 /file/index.php/Home/user/login
INFO: [ app_init ] --START--
INFO: Run Behavior\BuildLiteBehavior [ RunTime:0.000038s ]
INFO: [ app_init ] --END-- [ RunTime:0.000623s ]
INFO: [ app_begin ] --START--
INFO: Run Behavior\ReadHtmlCacheBehavior [ RunTime:0.000792s ]
INFO: [ app_begin ] --END-- [ RunTime:0.000987s ]
SQL: SHOW COLUMNS FROM `file_user` [ RunTime:0.0048s ]
SQL: SELECT * FROM `file_user` WHERE `user_name` = 'monkey' LIMIT 1   [ RunTime:0.0004s ]

[ 2017-09-21T22:24:08+08:00 ] 127.0.0.1 /file/index.php/Home/Index/index.html
INFO: [ app_init ] --START--
INFO: Run Behavior\BuildLiteBehavior [ RunTime:0.000078s ]
INFO: [ app_init ] --END-- [ RunTime:0.001164s ]
INFO: [ app_begin ] --START--
INFO: Run Behavior\ReadHtmlCacheBehavior [ RunTime:0.000834s ]
INFO: [ app_begin ] --END-- [ RunTime:0.001158s ]
INFO: [ view_parse ] --START--
INFO: Run Behavior\ParseTemplateBehavior [ RunTime:0.010608s ]
INFO: [ view_parse ] --END-- [ RunTime:0.010792s ]
INFO: [ view_filter ] --START--
INFO: Run Behavior\WriteHtmlCacheBehavior [ RunTime:0.000476s ]
INFO: [ view_filter ] --END-- [ RunTime:0.000641s ]
INFO: [ app_end ] --START--
INFO: Run Behavior\ShowPageTraceBehavior [ RunTime:0.000728s ]
INFO: [ app_end ] --END-- [ RunTime:0.000899s ]
NOTIC: [8] Constant NOW_TIME already defined D:\file\file\index.php 第 13 行.
NOTIC: [8] Undefined variable: SERVER D:\file\file\index.php 第 15 行.

[ 2017-09-21T22:24:08+08:00 ] 127.0.0.1 /file/index.php/Home/Index/head.html
INFO: [ app_init ] --START--
INFO: Run Behavior\BuildLiteBehavior [ RunTime:0.000058s ]
INFO: [ app_init ] --END-- [ RunTime:0.000870s ]
INFO: [ app_begin ] --START--
INFO: Run Behavior\ReadHtmlCacheBehavior [ RunTime:0.000904s ]
INFO: [ app_begin ] --END-- [ RunTime:0.001232s ]
INFO: [ view_parse ] --START--
INFO: Run Behavior\ParseTemplateBehavior [ RunTime:0.013326s ]
INFO: [ view_parse ] --END-- [ RunTime:0.013598s ]
INFO: [ view_filter ] --START--
INFO: Run Behavior\WriteHtmlCacheBehavior [ RunTime:0.000416s ]
INFO: [ view_filter ] --END-- [ RunTime:0.000593s ]
INFO: [ app_end ] --START--
INFO: Run Behavior\ShowPageTraceBehavior [ RunTime:0.000594s ]
INFO: [ app_end ] --END-- [ RunTime:0.000761s ]
NOTIC: [8] Constant NOW_TIME already defined D:\file\file\index.php 第 13 行.
NOTIC: [8] Undefined variable: SERVER D:\file\file\index.php 第 15 行.

[ 2017-09-21T22:24:08+08:00 ] 127.0.0.1 /file/index.php/Home/Index/left.html
INFO: [ app_init ] --START--
INFO: Run Behavior\BuildLiteBehavior [ RunTime:0.000065s ]
INFO: [ app_init ] --END-- [ RunTime:0.001149s ]
INFO: [ app_begin ] --START--
INFO: Run Behavior\ReadHtmlCacheBehavior [ RunTime:0.001205s ]
INFO: [ app_begin ] --END-- [ RunTime:0.001538s ]
SQL: select * from file_admin where admin_id=2 [ RunTime:0.2614s ]
SQL: select * from file_role where role_id=1 [ RunTime:0.0428s ]
SQL: select * from file_auth where auth_level = 0 and auth_id in (1,3,4,5,6,7,12,13) [ RunTime:0.0055s ]
SQL: select * from file_auth where auth_level = 1 and auth_id in (1,3,4,5,6,7,12,13) [ RunTime:0.0009s ]
INFO: [ view_parse ] --START--
INFO: Run Behavior\ParseTemplateBehavior [ RunTime:0.026328s ]
INFO: [ view_parse ] --END-- [ RunTime:0.026761s ]
INFO: [ view_filter ] --START--
INFO: Run Behavior\WriteHtmlCacheBehavior [ RunTime:0.001156s ]
INFO: [ view_filter ] --END-- [ RunTime:0.001551s ]
INFO: [ app_end ] --START--
INFO: Run Behavior\ShowPageTraceBehavior [ RunTime:0.001718s ]
INFO: [ app_end ] --END-- [ RunTime:0.002127s ]
NOTIC: [8] Constant NOW_TIME already defined D:\file\file\index.php 第 13 行.
NOTIC: [8] Undefined variable: SERVER D:\file\file\index.php 第 15 行.

[ 2017-09-21T22:24:08+08:00 ] 127.0.0.1 /file/index.php/Home/Index/right.html
INFO: [ app_init ] --START--
INFO: Run Behavior\BuildLiteBehavior [ RunTime:0.000064s ]
INFO: [ app_init ] --END-- [ RunTime:0.001024s ]
INFO: [ app_begin ] --START--
INFO: Run Behavior\ReadHtmlCacheBehavior [ RunTime:0.001257s ]
INFO: [ app_begin ] --END-- [ RunTime:0.001526s ]
INFO: [ view_parse ] --START--
INFO: Run Behavior\ParseTemplateBehavior [ RunTime:0.010650s ]
INFO: [ view_parse ] --END-- [ RunTime:0.010884s ]
INFO: [ view_filter ] --START--
INFO: Run Behavior\WriteHtmlCacheBehavior [ RunTime:0.000471s ]
INFO: [ view_filter ] --END-- [ RunTime:0.000635s ]
INFO: [ app_end ] --START--
INFO: Run Behavior\ShowPageTraceBehavior [ RunTime:0.000718s ]
INFO: [ app_end ] --END-- [ RunTime:0.000884s ]
NOTIC: [8] Constant NOW_TIME already defined D:\file\file\index.php 第 13 行.
NOTIC: [8] Undefined variable: SERVER D:\file\file\index.php 第 15 行.

[ 2017-09-21T22:24:14+08:00 ] 127.0.0.1 /file/index.php/Home/File/changefile
INFO: [ app_init ] --START--
INFO: Run Behavior\BuildLiteBehavior [ RunTime:0.000045s ]
INFO: [ app_init ] --END-- [ RunTime:0.000585s ]
INFO: [ app_begin ] --START--
INFO: Run Behavior\ReadHtmlCacheBehavior [ RunTime:0.000579s ]
INFO: [ app_begin ] --END-- [ RunTime:0.000757s ]
SQL: SHOW COLUMNS FROM `file_file` [ RunTime:0.0600s ]
INFO: [ view_parse ] --START--
INFO: Run Behavior\ParseTemplateBehavior [ RunTime:0.047148s ]
INFO: [ view_parse ] --END-- [ RunTime:0.047488s ]
INFO: [ view_filter ] --START--
INFO: Run Behavior\WriteHtmlCacheBehavior [ RunTime:0.000935s ]
INFO: [ view_filter ] --END-- [ RunTime:0.001331s ]
INFO: [ app_end ] --START--
INFO: Run Behavior\ShowPageTraceBehavior [ RunTime:0.001375s ]
INFO: [ app_end ] --END-- [ RunTime:0.001783s ]
NOTIC: [8] Constant NOW_TIME already defined D:\file\file\index.php 第 13 行.
NOTIC: [8] Undefined variable: SERVER D:\file\file\index.php 第 15 行.

[ 2017-09-21T22:24:14+08:00 ] 127.0.0.1 /file/index.php/Home/File/css/mine.css
INFO: [ app_init ] --START--
INFO: Run Behavior\BuildLiteBehavior [ RunTime:0.000041s ]
INFO: [ app_init ] --END-- [ RunTime:0.000633s ]
INFO: [ app_begin ] --START--
INFO: Run Behavior\ReadHtmlCacheBehavior [ RunTime:0.000757s ]
INFO: [ app_begin ] --END-- [ RunTime:0.000935s ]
INFO: [ app_end ] --START--
INFO: Run Behavior\ShowPageTraceBehavior [ RunTime:0.000742s ]
INFO: [ app_end ] --END-- [ RunTime:0.000920s ]
NOTIC: [8] Constant NOW_TIME already defined D:\file\file\index.php 第 13 行.
NOTIC: [8] Undefined variable: SERVER D:\file\file\index.php 第 15 行.

[ 2017-09-21T22:24:15+08:00 ] 127.0.0.1 /file/index.php/Home/File/selectfile
INFO: [ app_init ] --START--
INFO: Run Behavior\BuildLiteBehavior [ RunTime:0.000038s ]
INFO: [ app_init ] --END-- [ RunTime:0.000560s ]
INFO: [ app_begin ] --START--
INFO: Run Behavior\ReadHtmlCacheBehavior [ RunTime:0.000602s ]
INFO: [ app_begin ] --END-- [ RunTime:0.000825s ]
SQL: SHOW COLUMNS FROM `file_common_file` [ RunTime:0.0541s ]
SQL: SELECT COUNT(*) AS tp_count FROM `file_common_file` LIMIT 1   [ RunTime:0.0003s ]
SQL: SELECT * FROM `file_common_file` LIMIT 0,10   [ RunTime:0.0003s ]
INFO: [ view_parse ] --START--
INFO: Run Behavior\ParseTemplateBehavior [ RunTime:0.045273s ]
INFO: [ view_parse ] --END-- [ RunTime:0.045634s ]
INFO: [ view_filter ] --START--
INFO: Run Behavior\WriteHtmlCacheBehavior [ RunTime:0.001273s ]
INFO: [ view_filter ] --END-- [ RunTime:0.001669s ]
INFO: [ app_end ] --START--
INFO: Run Behavior\ShowPageTraceBehavior [ RunTime:0.001386s ]
INFO: [ app_end ] --END-- [ RunTime:0.001797s ]
NOTIC: [8] Constant NOW_TIME already defined D:\file\file\index.php 第 13 行.
NOTIC: [8] Undefined variable: SERVER D:\file\file\index.php 第 15 行.

[ 2017-09-21T22:24:15+08:00 ] 127.0.0.1 /file/index.php/Home/File/css/mine.css
INFO: [ app_init ] --START--
INFO: Run Behavior\BuildLiteBehavior [ RunTime:0.000052s ]
INFO: [ app_init ] --END-- [ RunTime:0.000688s ]
INFO: [ app_begin ] --START--
INFO: Run Behavior\ReadHtmlCacheBehavior [ RunTime:0.000693s ]
INFO: [ app_begin ] --END-- [ RunTime:0.000905s ]
INFO: [ app_end ] --START--
INFO: Run Behavior\ShowPageTraceBehavior [ RunTime:0.000703s ]
INFO: [ app_end ] --END-- [ RunTime:0.000917s ]
NOTIC: [8] Constant NOW_TIME already defined D:\file\file\index.php 第 13 行.
NOTIC: [8] Undefined variable: SERVER D:\file\file\index.php 第 15 行.

[ 2017-09-21T22:24:16+08:00 ] 127.0.0.1 /file/index.php/Home/File/download/%E5%9B%BE%E7%89%87.image/jpeg
INFO: [ app_init ] --START--
INFO: Run Behavior\BuildLiteBehavior [ RunTime:0.000038s ]
INFO: [ app_init ] --END-- [ RunTime:0.000558s ]
INFO: [ app_begin ] --START--
INFO: Run Behavior\ReadHtmlCacheBehavior [ RunTime:0.000610s ]
INFO: [ app_begin ] --END-- [ RunTime:0.000803s ]
INFO: [ app_end ] --START--
INFO: Run Behavior\ShowPageTraceBehavior [ RunTime:0.000597s ]
INFO: [ app_end ] --END-- [ RunTime:0.000781s ]
NOTIC: [8] Constant NOW_TIME already defined D:\file\file\index.php 第 13 行.
NOTIC: [8] Undefined variable: SERVER D:\file\file\index.php 第 15 行.

[ 2017-09-21T22:24:17+08:00 ] 127.0.0.1 /file/index.php/Home/File/css/mine.css
INFO: [ app_init ] --START--
INFO: Run Behavior\BuildLiteBehavior [ RunTime:0.000038s ]
INFO: [ app_init ] --END-- [ RunTime:0.000558s ]
INFO: [ app_begin ] --START--
INFO: Run Behavior\ReadHtmlCacheBehavior [ RunTime:0.000588s ]
INFO: [ app_begin ] --END-- [ RunTime:0.000770s ]
INFO: [ app_end ] --START--
INFO: Run Behavior\ShowPageTraceBehavior [ RunTime:0.000598s ]
INFO: [ app_end ] --END-- [ RunTime:0.000778s ]
NOTIC: [8] Constant NOW_TIME already defined D:\file\file\index.php 第 13 行.
NOTIC: [8] Undefined variable: SERVER D:\file\file\index.php 第 15 行.

