[ 2017-12-25T18:13:53+08:00 ] 127.0.0.1 /file/index.php/Home/user/register
INFO: [ app_init ] --START--
INFO: Run Behavior\BuildLiteBehavior [ RunTime:0.000060s ]
INFO: [ app_init ] --END-- [ RunTime:0.000962s ]
INFO: [ app_begin ] --START--
INFO: Run Behavior\ReadHtmlCacheBehavior [ RunTime:0.001340s ]
INFO: [ app_begin ] --END-- [ RunTime:0.001616s ]
SQL: SHOW COLUMNS FROM `file_user` [ RunTime:0.0071s ]
INFO: [ view_parse ] --START--
INFO: Run Behavior\ParseTemplateBehavior [ RunTime:0.015834s ]
INFO: [ view_parse ] --END-- [ RunTime:0.016092s ]
INFO: [ view_filter ] --START--
INFO: Run Behavior\WriteHtmlCacheBehavior [ RunTime:0.000731s ]
INFO: [ view_filter ] --END-- [ RunTime:0.000898s ]
INFO: [ app_end ] --START--
INFO: Run Behavior\ShowPageTraceBehavior [ RunTime:0.001035s ]
INFO: [ app_end ] --END-- [ RunTime:0.001204s ]
NOTIC: [8] Constant NOW_TIME already defined D:\file\file\index.php 第 13 行.
NOTIC: [8] Undefined variable: SERVER D:\file\file\index.php 第 15 行.

[ 2017-12-25T18:13:54+08:00 ] 127.0.0.1 /file/index.php/Home/user/login
INFO: [ app_init ] --START--
INFO: Run Behavior\BuildLiteBehavior [ RunTime:0.000039s ]
INFO: [ app_init ] --END-- [ RunTime:0.000670s ]
INFO: [ app_begin ] --START--
INFO: Run Behavior\ReadHtmlCacheBehavior [ RunTime:0.000909s ]
INFO: [ app_begin ] --END-- [ RunTime:0.001100s ]
INFO: [ view_parse ] --START--
INFO: Run Behavior\ParseTemplateBehavior [ RunTime:0.016685s ]
INFO: [ view_parse ] --END-- [ RunTime:0.016869s ]
INFO: [ view_filter ] --START--
INFO: Run Behavior\WriteHtmlCacheBehavior [ RunTime:0.000679s ]
INFO: [ view_filter ] --END-- [ RunTime:0.000843s ]
INFO: [ app_end ] --START--
INFO: Run Behavior\ShowPageTraceBehavior [ RunTime:0.000919s ]
INFO: [ app_end ] --END-- [ RunTime:0.001087s ]
NOTIC: [8] Constant NOW_TIME already defined D:\file\file\index.php 第 13 行.
NOTIC: [8] Undefined variable: SERVER D:\file\file\index.php 第 15 行.

[ 2017-12-25T18:13:54+08:00 ] 127.0.0.1 /file/index.php/Home/user/verifyImg
INFO: [ app_init ] --START--
INFO: Run Behavior\BuildLiteBehavior [ RunTime:0.000040s ]
INFO: [ app_init ] --END-- [ RunTime:0.000691s ]
INFO: [ app_begin ] --START--
INFO: Run Behavior\ReadHtmlCacheBehavior [ RunTime:0.001031s ]
INFO: [ app_begin ] --END-- [ RunTime:0.001286s ]
INFO: [ app_end ] --START--
INFO: Run Behavior\ShowPageTraceBehavior [ RunTime:0.001000s ]
INFO: [ app_end ] --END-- [ RunTime:0.001194s ]
NOTIC: [8] Constant NOW_TIME already defined D:\file\file\index.php 第 13 行.
NOTIC: [8] Undefined variable: SERVER D:\file\file\index.php 第 15 行.

[ 2017-12-25T18:13:56+08:00 ] 127.0.0.1 /file/index.php/Home/user/register
INFO: [ app_init ] --START--
INFO: Run Behavior\BuildLiteBehavior [ RunTime:0.000039s ]
INFO: [ app_init ] --END-- [ RunTime:0.000664s ]
INFO: [ app_begin ] --START--
INFO: Run Behavior\ReadHtmlCacheBehavior [ RunTime:0.000906s ]
INFO: [ app_begin ] --END-- [ RunTime:0.001083s ]
SQL: SHOW COLUMNS FROM `file_user` [ RunTime:0.0525s ]
INFO: [ view_parse ] --START--
INFO: Run Behavior\ParseTemplateBehavior [ RunTime:0.014793s ]
INFO: [ view_parse ] --END-- [ RunTime:0.014980s ]
INFO: [ view_filter ] --START--
INFO: Run Behavior\WriteHtmlCacheBehavior [ RunTime:0.000676s ]
INFO: [ view_filter ] --END-- [ RunTime:0.000843s ]
INFO: [ app_end ] --START--
INFO: Run Behavior\ShowPageTraceBehavior [ RunTime:0.000914s ]
INFO: [ app_end ] --END-- [ RunTime:0.001081s ]
NOTIC: [8] Constant NOW_TIME already defined D:\file\file\index.php 第 13 行.
NOTIC: [8] Undefined variable: SERVER D:\file\file\index.php 第 15 行.

[ 2017-12-25T18:13:56+08:00 ] 127.0.0.1 /file/index.php/Home/user/register
INFO: [ app_init ] --START--
INFO: Run Behavior\BuildLiteBehavior [ RunTime:0.000057s ]
INFO: [ app_init ] --END-- [ RunTime:0.000802s ]
INFO: [ app_begin ] --START--
INFO: Run Behavior\ReadHtmlCacheBehavior [ RunTime:0.000893s ]
INFO: [ app_begin ] --END-- [ RunTime:0.001089s ]
SQL: SHOW COLUMNS FROM `file_user` [ RunTime:0.0258s ]
NOTIC: [8] Undefined index: validate D:\file\ThinkPHP\Library\Think\Model.class.php 第 1185 行.
INFO: [ view_parse ] --START--
INFO: Run Behavior\ParseTemplateBehavior [ RunTime:0.014863s ]
INFO: [ view_parse ] --END-- [ RunTime:0.015056s ]
INFO: [ view_filter ] --START--
INFO: Run Behavior\WriteHtmlCacheBehavior [ RunTime:0.000680s ]
INFO: [ view_filter ] --END-- [ RunTime:0.000844s ]
NOTIC: [8] Undefined offset: 5 D:\file\file\Home\Controller\UserController.class.php 第 18 行.
NOTIC: [8] Undefined offset: 5 D:\file\file\Home\Controller\UserController.class.php 第 21 行.
NOTIC: [8] Undefined offset: 5 D:\file\file\Home\Controller\UserController.class.php 第 24 行.
NOTIC: [8] Undefined offset: 5 D:\file\file\Home\Controller\UserController.class.php 第 27 行.
NOTIC: [8] Undefined offset: 5 D:\file\file\Home\Controller\UserController.class.php 第 30 行.
NOTIC: [8] Undefined offset: 5 D:\file\file\Home\Controller\UserController.class.php 第 33 行.
NOTIC: [8] Undefined offset: 6 D:\file\file\Home\Controller\UserController.class.php 第 18 行.
NOTIC: [8] Undefined offset: 6 D:\file\file\Home\Controller\UserController.class.php 第 21 行.
NOTIC: [8] Undefined offset: 6 D:\file\file\Home\Controller\UserController.class.php 第 24 行.
NOTIC: [8] Undefined offset: 6 D:\file\file\Home\Controller\UserController.class.php 第 27 行.
NOTIC: [8] Undefined offset: 6 D:\file\file\Home\Controller\UserController.class.php 第 30 行.
NOTIC: [8] Undefined offset: 6 D:\file\file\Home\Controller\UserController.class.php 第 33 行.
INFO: [ app_end ] --START--
INFO: Run Behavior\ShowPageTraceBehavior [ RunTime:0.000917s ]
INFO: [ app_end ] --END-- [ RunTime:0.001084s ]
NOTIC: [8] Constant NOW_TIME already defined D:\file\file\index.php 第 13 行.
NOTIC: [8] Undefined variable: SERVER D:\file\file\index.php 第 15 行.

[ 2017-12-25T18:13:57+08:00 ] 127.0.0.1 /file/index.php/Home/user/register
INFO: [ app_init ] --START--
INFO: Run Behavior\BuildLiteBehavior [ RunTime:0.000038s ]
INFO: [ app_init ] --END-- [ RunTime:0.000690s ]
INFO: [ app_begin ] --START--
INFO: Run Behavior\ReadHtmlCacheBehavior [ RunTime:0.000948s ]
INFO: [ app_begin ] --END-- [ RunTime:0.001148s ]
SQL: SHOW COLUMNS FROM `file_user` [ RunTime:0.0062s ]
NOTIC: [8] Undefined index: validate D:\file\ThinkPHP\Library\Think\Model.class.php 第 1185 行.
INFO: [ view_parse ] --START--
INFO: Run Behavior\ParseTemplateBehavior [ RunTime:0.015061s ]
INFO: [ view_parse ] --END-- [ RunTime:0.015248s ]
INFO: [ view_filter ] --START--
INFO: Run Behavior\WriteHtmlCacheBehavior [ RunTime:0.000676s ]
INFO: [ view_filter ] --END-- [ RunTime:0.000840s ]
NOTIC: [8] Undefined offset: 5 D:\file\file\Home\Controller\UserController.class.php 第 18 行.
NOTIC: [8] Undefined offset: 5 D:\file\file\Home\Controller\UserController.class.php 第 21 行.
NOTIC: [8] Undefined offset: 5 D:\file\file\Home\Controller\UserController.class.php 第 24 行.
NOTIC: [8] Undefined offset: 5 D:\file\file\Home\Controller\UserController.class.php 第 27 行.
NOTIC: [8] Undefined offset: 5 D:\file\file\Home\Controller\UserController.class.php 第 30 行.
NOTIC: [8] Undefined offset: 5 D:\file\file\Home\Controller\UserController.class.php 第 33 行.
NOTIC: [8] Undefined offset: 6 D:\file\file\Home\Controller\UserController.class.php 第 18 行.
NOTIC: [8] Undefined offset: 6 D:\file\file\Home\Controller\UserController.class.php 第 21 行.
NOTIC: [8] Undefined offset: 6 D:\file\file\Home\Controller\UserController.class.php 第 24 行.
NOTIC: [8] Undefined offset: 6 D:\file\file\Home\Controller\UserController.class.php 第 27 行.
NOTIC: [8] Undefined offset: 6 D:\file\file\Home\Controller\UserController.class.php 第 30 行.
NOTIC: [8] Undefined offset: 6 D:\file\file\Home\Controller\UserController.class.php 第 33 行.
INFO: [ app_end ] --START--
INFO: Run Behavior\ShowPageTraceBehavior [ RunTime:0.000921s ]
INFO: [ app_end ] --END-- [ RunTime:0.001089s ]
NOTIC: [8] Constant NOW_TIME already defined D:\file\file\index.php 第 13 行.
NOTIC: [8] Undefined variable: SERVER D:\file\file\index.php 第 15 行.

[ 2017-12-25T18:13:58+08:00 ] 127.0.0.1 /file/index.php/Home/user/register
INFO: [ app_init ] --START--
INFO: Run Behavior\BuildLiteBehavior [ RunTime:0.000110s ]
INFO: [ app_init ] --END-- [ RunTime:0.000962s ]
INFO: [ app_begin ] --START--
INFO: Run Behavior\ReadHtmlCacheBehavior [ RunTime:0.000940s ]
INFO: [ app_begin ] --END-- [ RunTime:0.001155s ]
SQL: SHOW COLUMNS FROM `file_user` [ RunTime:0.0060s ]
NOTIC: [8] Undefined index: validate D:\file\ThinkPHP\Library\Think\Model.class.php 第 1185 行.
INFO: [ view_parse ] --START--
INFO: Run Behavior\ParseTemplateBehavior [ RunTime:0.015516s ]
INFO: [ view_parse ] --END-- [ RunTime:0.015703s ]
INFO: [ view_filter ] --START--
INFO: Run Behavior\WriteHtmlCacheBehavior [ RunTime:0.000672s ]
INFO: [ view_filter ] --END-- [ RunTime:0.000837s ]
NOTIC: [8] Undefined offset: 5 D:\file\file\Home\Controller\UserController.class.php 第 18 行.
NOTIC: [8] Undefined offset: 5 D:\file\file\Home\Controller\UserController.class.php 第 21 行.
NOTIC: [8] Undefined offset: 5 D:\file\file\Home\Controller\UserController.class.php 第 24 行.
NOTIC: [8] Undefined offset: 5 D:\file\file\Home\Controller\UserController.class.php 第 27 行.
NOTIC: [8] Undefined offset: 5 D:\file\file\Home\Controller\UserController.class.php 第 30 行.
NOTIC: [8] Undefined offset: 5 D:\file\file\Home\Controller\UserController.class.php 第 33 行.
NOTIC: [8] Undefined offset: 6 D:\file\file\Home\Controller\UserController.class.php 第 18 行.
NOTIC: [8] Undefined offset: 6 D:\file\file\Home\Controller\UserController.class.php 第 21 行.
NOTIC: [8] Undefined offset: 6 D:\file\file\Home\Controller\UserController.class.php 第 24 行.
NOTIC: [8] Undefined offset: 6 D:\file\file\Home\Controller\UserController.class.php 第 27 行.
NOTIC: [8] Undefined offset: 6 D:\file\file\Home\Controller\UserController.class.php 第 30 行.
NOTIC: [8] Undefined offset: 6 D:\file\file\Home\Controller\UserController.class.php 第 33 行.
INFO: [ app_end ] --START--
INFO: Run Behavior\ShowPageTraceBehavior [ RunTime:0.000925s ]
INFO: [ app_end ] --END-- [ RunTime:0.001094s ]
NOTIC: [8] Constant NOW_TIME already defined D:\file\file\index.php 第 13 行.
NOTIC: [8] Undefined variable: SERVER D:\file\file\index.php 第 15 行.

