[ 2017-11-27T21:32:03+08:00 ] 127.0.0.1 /file/index.php/Home/user/register
INFO: [ app_init ] --START--
INFO: Run Behavior\BuildLiteBehavior [ RunTime:0.000046s ]
INFO: [ app_init ] --END-- [ RunTime:0.284005s ]
INFO: [ app_begin ] --START--
INFO: Run Behavior\ReadHtmlCacheBehavior [ RunTime:0.014366s ]
INFO: [ app_begin ] --END-- [ RunTime:0.014607s ]
ERR: SQLSTATE[HY000] [2002] ÓÉÓÚÄ¿±ê¼ÆËã»ú»ý¼«¾Ü¾ø£¬ÎÞ·¨Á¬½Ó¡£


[ 2017-11-27T21:32:14+08:00 ] 127.0.0.1 /file/index.php/Home/user/register
INFO: [ app_init ] --START--
INFO: Run Behavior\BuildLiteBehavior [ RunTime:0.000040s ]
INFO: [ app_init ] --END-- [ RunTime:0.000568s ]
INFO: [ app_begin ] --START--
INFO: Run Behavior\ReadHtmlCacheBehavior [ RunTime:0.000591s ]
INFO: [ app_begin ] --END-- [ RunTime:0.000771s ]
SQL: SHOW COLUMNS FROM `file_user` [ RunTime:0.0655s ]
INFO: [ view_parse ] --START--
INFO: Run Behavior\ParseTemplateBehavior [ RunTime:0.115202s ]
INFO: [ view_parse ] --END-- [ RunTime:0.115451s ]
INFO: [ view_filter ] --START--
INFO: Run Behavior\WriteHtmlCacheBehavior [ RunTime:0.016584s ]
INFO: [ view_filter ] --END-- [ RunTime:0.016822s ]
INFO: [ app_end ] --START--
INFO: Run Behavior\ShowPageTraceBehavior [ RunTime:0.000993s ]
INFO: [ app_end ] --END-- [ RunTime:0.001166s ]
NOTIC: [8] Constant NOW_TIME already defined D:\file\file\index.php ç¬¬ 13 è¡Œ.
NOTIC: [8] Undefined variable: SERVER D:\file\file\index.php ç¬¬ 15 è¡Œ.

[ 2017-11-27T21:32:16+08:00 ] 127.0.0.1 /file/index.php/Home/user/login
INFO: [ app_init ] --START--
INFO: Run Behavior\BuildLiteBehavior [ RunTime:0.000063s ]
INFO: [ app_init ] --END-- [ RunTime:0.000997s ]
INFO: [ app_begin ] --START--
INFO: Run Behavior\ReadHtmlCacheBehavior [ RunTime:0.000923s ]
INFO: [ app_begin ] --END-- [ RunTime:0.001308s ]
INFO: [ view_parse ] --START--
INFO: Run Behavior\ParseTemplateBehavior [ RunTime:0.139798s ]
INFO: [ view_parse ] --END-- [ RunTime:0.140112s ]
INFO: [ view_filter ] --START--
INFO: Run Behavior\WriteHtmlCacheBehavior [ RunTime:0.000551s ]
INFO: [ view_filter ] --END-- [ RunTime:0.000837s ]
INFO: [ app_end ] --START--
INFO: Run Behavior\ShowPageTraceBehavior [ RunTime:0.000912s ]
INFO: [ app_end ] --END-- [ RunTime:0.001202s ]
NOTIC: [8] Constant NOW_TIME already defined D:\file\file\index.php ç¬¬ 13 è¡Œ.
NOTIC: [8] Undefined variable: SERVER D:\file\file\index.php ç¬¬ 15 è¡Œ.

[ 2017-11-27T21:32:17+08:00 ] 127.0.0.1 /file/index.php/Home/user/verifyImg
INFO: [ app_init ] --START--
INFO: Run Behavior\BuildLiteBehavior [ RunTime:0.000041s ]
INFO: [ app_init ] --END-- [ RunTime:0.000602s ]
INFO: [ app_begin ] --START--
INFO: Run Behavior\ReadHtmlCacheBehavior [ RunTime:0.000620s ]
INFO: [ app_begin ] --END-- [ RunTime:0.000808s ]
INFO: [ app_end ] --START--
INFO: Run Behavior\ShowPageTraceBehavior [ RunTime:0.000667s ]
INFO: [ app_end ] --END-- [ RunTime:0.000870s ]
NOTIC: [8] Constant NOW_TIME already defined D:\file\file\index.php ç¬¬ 13 è¡Œ.
NOTIC: [8] Undefined variable: SERVER D:\file\file\index.php ç¬¬ 15 è¡Œ.

[ 2017-11-27T21:32:30+08:00 ] 127.0.0.1 /file/index.php/Home/user/login
INFO: [ app_init ] --START--
INFO: Run Behavior\BuildLiteBehavior [ RunTime:0.000043s ]
INFO: [ app_init ] --END-- [ RunTime:0.000648s ]
INFO: [ app_begin ] --START--
INFO: Run Behavior\ReadHtmlCacheBehavior [ RunTime:0.000651s ]
INFO: [ app_begin ] --END-- [ RunTime:0.000871s ]
SQL: SHOW COLUMNS FROM `file_user` [ RunTime:0.2747s ]
SQL: SELECT * FROM `file_user` WHERE `user_name` = 'monkey' LIMIT 1   [ RunTime:0.0616s ]

[ 2017-11-27T21:32:31+08:00 ] 127.0.0.1 /file/index.php/Home/Index/index.html
INFO: [ app_init ] --START--
INFO: Run Behavior\BuildLiteBehavior [ RunTime:0.000040s ]
INFO: [ app_init ] --END-- [ RunTime:0.000571s ]
INFO: [ app_begin ] --START--
INFO: Run Behavior\ReadHtmlCacheBehavior [ RunTime:0.000595s ]
INFO: [ app_begin ] --END-- [ RunTime:0.000777s ]
INFO: [ view_parse ] --START--
INFO: Run Behavior\ParseTemplateBehavior [ RunTime:0.041836s ]
INFO: [ view_parse ] --END-- [ RunTime:0.042169s ]
INFO: [ view_filter ] --START--
INFO: Run Behavior\WriteHtmlCacheBehavior [ RunTime:0.000503s ]
INFO: [ view_filter ] --END-- [ RunTime:0.000734s ]
INFO: [ app_end ] --START--
INFO: Run Behavior\ShowPageTraceBehavior [ RunTime:0.000779s ]
INFO: [ app_end ] --END-- [ RunTime:0.000993s ]
NOTIC: [8] Constant NOW_TIME already defined D:\file\file\index.php ç¬¬ 13 è¡Œ.
NOTIC: [8] Undefined variable: SERVER D:\file\file\index.php ç¬¬ 15 è¡Œ.

[ 2017-11-27T21:32:31+08:00 ] 127.0.0.1 /file/index.php/Home/Index/head.html
INFO: [ app_init ] --START--
INFO: Run Behavior\BuildLiteBehavior [ RunTime:0.000089s ]
INFO: [ app_init ] --END-- [ RunTime:0.001007s ]
INFO: [ app_begin ] --START--
INFO: Run Behavior\ReadHtmlCacheBehavior [ RunTime:0.001310s ]
INFO: [ app_begin ] --END-- [ RunTime:0.001792s ]
INFO: [ view_parse ] --START--
INFO: Run Behavior\ParseTemplateBehavior [ RunTime:0.087841s ]
INFO: [ view_parse ] --END-- [ RunTime:0.088097s ]
INFO: [ view_filter ] --START--
INFO: Run Behavior\WriteHtmlCacheBehavior [ RunTime:0.000399s ]
INFO: [ view_filter ] --END-- [ RunTime:0.000579s ]
INFO: [ app_end ] --START--
INFO: Run Behavior\ShowPageTraceBehavior [ RunTime:0.000616s ]
INFO: [ app_end ] --END-- [ RunTime:0.000788s ]
NOTIC: [8] Constant NOW_TIME already defined D:\file\file\index.php ç¬¬ 13 è¡Œ.
NOTIC: [8] Undefined variable: SERVER D:\file\file\index.php ç¬¬ 15 è¡Œ.

[ 2017-11-27T21:32:31+08:00 ] 127.0.0.1 /file/index.php/Home/Index/left.html
INFO: [ app_init ] --START--
INFO: Run Behavior\BuildLiteBehavior [ RunTime:0.000069s ]
INFO: [ app_init ] --END-- [ RunTime:0.000981s ]
INFO: [ app_begin ] --START--
INFO: Run Behavior\ReadHtmlCacheBehavior [ RunTime:0.001380s ]
INFO: [ app_begin ] --END-- [ RunTime:0.001742s ]
SQL: select * from file_admin where admin_id=2 [ RunTime:0.2014s ]
SQL: select * from file_role where role_id=1 [ RunTime:0.0772s ]
SQL: select * from file_auth where auth_level = 0 and auth_id in (1,3,4,5,6,7,12,13) [ RunTime:0.0030s ]
SQL: select * from file_auth where auth_level = 1 and auth_id in (1,3,4,5,6,7,12,13) [ RunTime:0.0004s ]
INFO: [ view_parse ] --START--
INFO: Run Behavior\ParseTemplateBehavior [ RunTime:0.010970s ]
INFO: [ view_parse ] --END-- [ RunTime:0.011158s ]
INFO: [ view_filter ] --START--
INFO: Run Behavior\WriteHtmlCacheBehavior [ RunTime:0.000470s ]
INFO: [ view_filter ] --END-- [ RunTime:0.000638s ]
INFO: [ app_end ] --START--
INFO: Run Behavior\ShowPageTraceBehavior [ RunTime:0.000721s ]
INFO: [ app_end ] --END-- [ RunTime:0.000892s ]
NOTIC: [8] Constant NOW_TIME already defined D:\file\file\index.php ç¬¬ 13 è¡Œ.
NOTIC: [8] Undefined variable: SERVER D:\file\file\index.php ç¬¬ 15 è¡Œ.

[ 2017-11-27T21:32:31+08:00 ] 127.0.0.1 /file/index.php/Home/Index/right.html
INFO: [ app_init ] --START--
INFO: Run Behavior\BuildLiteBehavior [ RunTime:0.000067s ]
INFO: [ app_init ] --END-- [ RunTime:0.001014s ]
INFO: [ app_begin ] --START--
INFO: Run Behavior\ReadHtmlCacheBehavior [ RunTime:0.000790s ]
INFO: [ app_begin ] --END-- [ RunTime:0.000981s ]
INFO: [ view_parse ] --START--
INFO: Run Behavior\ParseTemplateBehavior [ RunTime:0.039174s ]
INFO: [ view_parse ] --END-- [ RunTime:0.039461s ]
INFO: [ view_filter ] --START--
INFO: Run Behavior\WriteHtmlCacheBehavior [ RunTime:0.000520s ]
INFO: [ view_filter ] --END-- [ RunTime:0.000686s ]
INFO: [ app_end ] --START--
INFO: Run Behavior\ShowPageTraceBehavior [ RunTime:0.000716s ]
INFO: [ app_end ] --END-- [ RunTime:0.000885s ]
NOTIC: [8] Constant NOW_TIME already defined D:\file\file\index.php ç¬¬ 13 è¡Œ.
NOTIC: [8] Undefined variable: SERVER D:\file\file\index.php ç¬¬ 15 è¡Œ.

[ 2017-11-27T21:32:36+08:00 ] 127.0.0.1 /file/index.php/Home/File/manage
INFO: [ app_init ] --START--
INFO: Run Behavior\BuildLiteBehavior [ RunTime:0.000038s ]
INFO: [ app_init ] --END-- [ RunTime:0.000643s ]
INFO: [ app_begin ] --START--
INFO: Run Behavior\ReadHtmlCacheBehavior [ RunTime:0.000600s ]
INFO: [ app_begin ] --END-- [ RunTime:0.000789s ]
SQL: SHOW COLUMNS FROM `file_file` [ RunTime:0.0630s ]
SQL: SELECT COUNT(*) AS tp_count FROM `file_file` LIMIT 1   [ RunTime:0.0320s ]
SQL: SELECT * FROM `file_file` WHERE `file_user` = 'monkey' LIMIT 0,10   [ RunTime:0.0004s ]
INFO: [ view_parse ] --START--
INFO: Run Behavior\ParseTemplateBehavior [ RunTime:0.042193s ]
INFO: [ view_parse ] --END-- [ RunTime:0.042398s ]
INFO: [ view_filter ] --START--
INFO: Run Behavior\WriteHtmlCacheBehavior [ RunTime:0.000376s ]
INFO: [ view_filter ] --END-- [ RunTime:0.000540s ]
INFO: [ app_end ] --START--
INFO: Run Behavior\ShowPageTraceBehavior [ RunTime:0.000576s ]
INFO: [ app_end ] --END-- [ RunTime:0.000746s ]
NOTIC: [8] Constant NOW_TIME already defined D:\file\file\index.php ç¬¬ 13 è¡Œ.
NOTIC: [8] Undefined variable: SERVER D:\file\file\index.php ç¬¬ 15 è¡Œ.

[ 2017-11-27T21:52:15+08:00 ] 127.0.0.1 /file/index.php/Home/Index/index.html
INFO: [ app_init ] --START--
INFO: Run Behavior\BuildLiteBehavior [ RunTime:0.000075s ]
INFO: [ app_init ] --END-- [ RunTime:0.000710s ]
INFO: [ app_begin ] --START--
INFO: Run Behavior\ReadHtmlCacheBehavior [ RunTime:0.000771s ]
INFO: [ app_begin ] --END-- [ RunTime:0.000949s ]
INFO: [ view_parse ] --START--
INFO: Run Behavior\ParseTemplateBehavior [ RunTime:0.010908s ]
INFO: [ view_parse ] --END-- [ RunTime:0.011094s ]
INFO: [ view_filter ] --START--
INFO: Run Behavior\WriteHtmlCacheBehavior [ RunTime:0.000456s ]
INFO: [ view_filter ] --END-- [ RunTime:0.000617s ]
INFO: [ app_end ] --START--
INFO: Run Behavior\ShowPageTraceBehavior [ RunTime:0.000708s ]
INFO: [ app_end ] --END-- [ RunTime:0.000874s ]
NOTIC: [8] Constant NOW_TIME already defined D:\file\file\index.php ç¬¬ 13 è¡Œ.
NOTIC: [8] Undefined variable: SERVER D:\file\file\index.php ç¬¬ 15 è¡Œ.

[ 2017-11-27T21:52:16+08:00 ] 127.0.0.1 /file/index.php/Home/Index/head.html
INFO: [ app_init ] --START--
INFO: Run Behavior\BuildLiteBehavior [ RunTime:0.000066s ]
INFO: [ app_init ] --END-- [ RunTime:0.000892s ]
INFO: [ app_begin ] --START--
INFO: Run Behavior\ReadHtmlCacheBehavior [ RunTime:0.000883s ]
INFO: [ app_begin ] --END-- [ RunTime:0.001217s ]
INFO: [ view_parse ] --START--
INFO: Run Behavior\ParseTemplateBehavior [ RunTime:0.011330s ]
INFO: [ view_parse ] --END-- [ RunTime:0.011586s ]
INFO: [ view_filter ] --START--
INFO: Run Behavior\WriteHtmlCacheBehavior [ RunTime:0.000328s ]
INFO: [ view_filter ] --END-- [ RunTime:0.000499s ]
INFO: [ app_end ] --START--
INFO: Run Behavior\ShowPageTraceBehavior [ RunTime:0.000565s ]
INFO: [ app_end ] --END-- [ RunTime:0.000728s ]
NOTIC: [8] Constant NOW_TIME already defined D:\file\file\index.php ç¬¬ 13 è¡Œ.
NOTIC: [8] Undefined variable: SERVER D:\file\file\index.php ç¬¬ 15 è¡Œ.

[ 2017-11-27T21:52:16+08:00 ] 127.0.0.1 /file/index.php/Home/Index/left.html
INFO: [ app_init ] --START--
INFO: Run Behavior\BuildLiteBehavior [ RunTime:0.000040s ]
INFO: [ app_init ] --END-- [ RunTime:0.000612s ]
INFO: [ app_begin ] --START--
INFO: Run Behavior\ReadHtmlCacheBehavior [ RunTime:0.000779s ]
INFO: [ app_begin ] --END-- [ RunTime:0.000977s ]
SQL: select * from file_admin where admin_id=2 [ RunTime:0.0006s ]
SQL: select * from file_role where role_id=1 [ RunTime:0.0003s ]
SQL: select * from file_auth where auth_level = 0 and auth_id in (1,3,4,5,6,7,12,13) [ RunTime:0.0004s ]
SQL: select * from file_auth where auth_level = 1 and auth_id in (1,3,4,5,6,7,12,13) [ RunTime:0.0003s ]
INFO: [ view_parse ] --START--
INFO: Run Behavior\ParseTemplateBehavior [ RunTime:0.011032s ]
INFO: [ view_parse ] --END-- [ RunTime:0.011218s ]
INFO: [ view_filter ] --START--
INFO: Run Behavior\WriteHtmlCacheBehavior [ RunTime:0.000449s ]
INFO: [ view_filter ] --END-- [ RunTime:0.000613s ]
INFO: [ app_end ] --START--
INFO: Run Behavior\ShowPageTraceBehavior [ RunTime:0.000693s ]
INFO: [ app_end ] --END-- [ RunTime:0.000863s ]
NOTIC: [8] Constant NOW_TIME already defined D:\file\file\index.php ç¬¬ 13 è¡Œ.
NOTIC: [8] Undefined variable: SERVER D:\file\file\index.php ç¬¬ 15 è¡Œ.

[ 2017-11-27T21:52:16+08:00 ] 127.0.0.1 /file/index.php/Home/Index/right.html
INFO: [ app_init ] --START--
INFO: Run Behavior\BuildLiteBehavior [ RunTime:0.000066s ]
INFO: [ app_init ] --END-- [ RunTime:0.000956s ]
INFO: [ app_begin ] --START--
INFO: Run Behavior\ReadHtmlCacheBehavior [ RunTime:0.000908s ]
INFO: [ app_begin ] --END-- [ RunTime:0.001153s ]
INFO: [ view_parse ] --START--
INFO: Run Behavior\ParseTemplateBehavior [ RunTime:0.012237s ]
INFO: [ view_parse ] --END-- [ RunTime:0.012493s ]
INFO: [ view_filter ] --START--
INFO: Run Behavior\WriteHtmlCacheBehavior [ RunTime:0.000494s ]
INFO: [ view_filter ] --END-- [ RunTime:0.000686s ]
INFO: [ app_end ] --START--
INFO: Run Behavior\ShowPageTraceBehavior [ RunTime:0.001016s ]
INFO: [ app_end ] --END-- [ RunTime:0.001251s ]
NOTIC: [8] Constant NOW_TIME already defined D:\file\file\index.php ç¬¬ 13 è¡Œ.
NOTIC: [8] Undefined variable: SERVER D:\file\file\index.php ç¬¬ 15 è¡Œ.

[ 2017-11-27T21:52:17+08:00 ] 127.0.0.1 /file/index.php/Home/File/manage
INFO: [ app_init ] --START--
INFO: Run Behavior\BuildLiteBehavior [ RunTime:0.000037s ]
INFO: [ app_init ] --END-- [ RunTime:0.000548s ]
INFO: [ app_begin ] --START--
INFO: Run Behavior\ReadHtmlCacheBehavior [ RunTime:0.000576s ]
INFO: [ app_begin ] --END-- [ RunTime:0.000765s ]
SQL: SHOW COLUMNS FROM `file_file` [ RunTime:0.0564s ]
SQL: SELECT COUNT(*) AS tp_count FROM `file_file` LIMIT 1   [ RunTime:0.0003s ]
SQL: SELECT * FROM `file_file` WHERE `file_user` = 'monkey' LIMIT 0,10   [ RunTime:0.0003s ]
INFO: [ view_parse ] --START--
NOTIC: [8] Undefined index: file D:\file\file\Runtime\Cache\d92262506e7c8376a9115ae105e8dee7adfc62ad.file.manage.html.php ç¬¬ 73 è¡Œ.
NOTIC: [8] Trying to get property of non-object D:\file\file\Runtime\Cache\d92262506e7c8376a9115ae105e8dee7adfc62ad.file.manage.html.php ç¬¬ 73 è¡Œ.
NOTIC: [8] Undefined index: file D:\file\file\Runtime\Cache\d92262506e7c8376a9115ae105e8dee7adfc62ad.file.manage.html.php ç¬¬ 75 è¡Œ.
NOTIC: [8] Trying to get property of non-object D:\file\file\Runtime\Cache\d92262506e7c8376a9115ae105e8dee7adfc62ad.file.manage.html.php ç¬¬ 75 è¡Œ.
NOTIC: [8] Undefined index: file D:\file\file\Runtime\Cache\d92262506e7c8376a9115ae105e8dee7adfc62ad.file.manage.html.php ç¬¬ 77 è¡Œ.
NOTIC: [8] Trying to get property of non-object D:\file\file\Runtime\Cache\d92262506e7c8376a9115ae105e8dee7adfc62ad.file.manage.html.php ç¬¬ 77 è¡Œ.
NOTIC: [8] Undefined index: v D:\file\file\Runtime\Cache\d92262506e7c8376a9115ae105e8dee7adfc62ad.file.manage.html.php ç¬¬ 79 è¡Œ.
NOTIC: [8] Trying to get property of non-object D:\file\file\Runtime\Cache\d92262506e7c8376a9115ae105e8dee7adfc62ad.file.manage.html.php ç¬¬ 79 è¡Œ.
NOTIC: [8] Undefined index: v D:\file\file\Runtime\Cache\d92262506e7c8376a9115ae105e8dee7adfc62ad.file.manage.html.php ç¬¬ 81 è¡Œ.
NOTIC: [8] Trying to get property of non-object D:\file\file\Runtime\Cache\d92262506e7c8376a9115ae105e8dee7adfc62ad.file.manage.html.php ç¬¬ 81 è¡Œ.
NOTIC: [8] Undefined index: v D:\file\file\Runtime\Cache\d92262506e7c8376a9115ae105e8dee7adfc62ad.file.manage.html.php ç¬¬ 83 è¡Œ.
NOTIC: [8] Trying to get property of non-object D:\file\file\Runtime\Cache\d92262506e7c8376a9115ae105e8dee7adfc62ad.file.manage.html.php ç¬¬ 83 è¡Œ.
INFO: Run Behavior\ParseTemplateBehavior [ RunTime:0.092076s ]
INFO: [ view_parse ] --END-- [ RunTime:0.092261s ]
INFO: [ view_filter ] --START--
INFO: Run Behavior\WriteHtmlCacheBehavior [ RunTime:0.000636s ]
INFO: [ view_filter ] --END-- [ RunTime:0.000800s ]
INFO: [ app_end ] --START--
INFO: Run Behavior\ShowPageTraceBehavior [ RunTime:0.000691s ]
INFO: [ app_end ] --END-- [ RunTime:0.000858s ]
NOTIC: [8] Constant NOW_TIME already defined D:\file\file\index.php ç¬¬ 13 è¡Œ.
NOTIC: [8] Undefined variable: SERVER D:\file\file\index.php ç¬¬ 15 è¡Œ.

[ 2017-11-27T21:53:02+08:00 ] 127.0.0.1 /file/index.php/Home/Index/index.html
INFO: [ app_init ] --START--
INFO: Run Behavior\BuildLiteBehavior [ RunTime:0.000039s ]
INFO: [ app_init ] --END-- [ RunTime:0.000606s ]
INFO: [ app_begin ] --START--
INFO: Run Behavior\ReadHtmlCacheBehavior [ RunTime:0.001071s ]
INFO: [ app_begin ] --END-- [ RunTime:0.001314s ]
INFO: [ view_parse ] --START--
INFO: Run Behavior\ParseTemplateBehavior [ RunTime:0.013036s ]
INFO: [ view_parse ] --END-- [ RunTime:0.013228s ]
INFO: [ view_filter ] --START--
INFO: Run Behavior\WriteHtmlCacheBehavior [ RunTime:0.000338s ]
INFO: [ view_filter ] --END-- [ RunTime:0.000501s ]
INFO: [ app_end ] --START--
INFO: Run Behavior\ShowPageTraceBehavior [ RunTime:0.000615s ]
INFO: [ app_end ] --END-- [ RunTime:0.000810s ]
NOTIC: [8] Constant NOW_TIME already defined D:\file\file\index.php ç¬¬ 13 è¡Œ.
NOTIC: [8] Undefined variable: SERVER D:\file\file\index.php ç¬¬ 15 è¡Œ.

[ 2017-11-27T21:53:02+08:00 ] 127.0.0.1 /file/index.php/Home/Index/head.html
INFO: [ app_init ] --START--
INFO: Run Behavior\BuildLiteBehavior [ RunTime:0.000082s ]
INFO: [ app_init ] --END-- [ RunTime:0.001094s ]
INFO: [ app_begin ] --START--
INFO: Run Behavior\ReadHtmlCacheBehavior [ RunTime:0.000987s ]
INFO: [ app_begin ] --END-- [ RunTime:0.001452s ]
INFO: [ view_parse ] --START--
INFO: Run Behavior\ParseTemplateBehavior [ RunTime:0.013522s ]
INFO: [ view_parse ] --END-- [ RunTime:0.013781s ]
INFO: [ view_filter ] --START--
INFO: Run Behavior\WriteHtmlCacheBehavior [ RunTime:0.000511s ]
INFO: [ view_filter ] --END-- [ RunTime:0.000791s ]
INFO: [ app_end ] --START--
INFO: Run Behavior\ShowPageTraceBehavior [ RunTime:0.000713s ]
INFO: [ app_end ] --END-- [ RunTime:0.000964s ]
NOTIC: [8] Constant NOW_TIME already defined D:\file\file\index.php ç¬¬ 13 è¡Œ.
NOTIC: [8] Undefined variable: SERVER D:\file\file\index.php ç¬¬ 15 è¡Œ.

[ 2017-11-27T21:53:02+08:00 ] 127.0.0.1 /file/index.php/Home/Index/left.html
INFO: [ app_init ] --START--
INFO: Run Behavior\BuildLiteBehavior [ RunTime:0.000063s ]
INFO: [ app_init ] --END-- [ RunTime:0.000870s ]
INFO: [ app_begin ] --START--
INFO: Run Behavior\ReadHtmlCacheBehavior [ RunTime:0.000810s ]
INFO: [ app_begin ] --END-- [ RunTime:0.001170s ]
SQL: select * from file_admin where admin_id=2 [ RunTime:0.0004s ]
SQL: select * from file_role where role_id=1 [ RunTime:0.0003s ]
SQL: select * from file_auth where auth_level = 0 and auth_id in (1,3,4,5,6,7,12,13) [ RunTime:0.0004s ]
SQL: select * from file_auth where auth_level = 1 and auth_id in (1,3,4,5,6,7,12,13) [ RunTime:0.0004s ]
INFO: [ view_parse ] --START--
INFO: Run Behavior\ParseTemplateBehavior [ RunTime:0.009467s ]
INFO: [ view_parse ] --END-- [ RunTime:0.009650s ]
INFO: [ view_filter ] --START--
INFO: Run Behavior\WriteHtmlCacheBehavior [ RunTime:0.000323s ]
INFO: [ view_filter ] --END-- [ RunTime:0.000484s ]
INFO: [ app_end ] --START--
INFO: Run Behavior\ShowPageTraceBehavior [ RunTime:0.000568s ]
INFO: [ app_end ] --END-- [ RunTime:0.000736s ]
NOTIC: [8] Constant NOW_TIME already defined D:\file\file\index.php ç¬¬ 13 è¡Œ.
NOTIC: [8] Undefined variable: SERVER D:\file\file\index.php ç¬¬ 15 è¡Œ.

[ 2017-11-27T21:53:02+08:00 ] 127.0.0.1 /file/index.php/Home/Index/right.html
INFO: [ app_init ] --START--
INFO: Run Behavior\BuildLiteBehavior [ RunTime:0.000068s ]
INFO: [ app_init ] --END-- [ RunTime:0.000881s ]
INFO: [ app_begin ] --START--
INFO: Run Behavior\ReadHtmlCacheBehavior [ RunTime:0.000627s ]
INFO: [ app_begin ] --END-- [ RunTime:0.000809s ]
INFO: [ view_parse ] --START--
INFO: Run Behavior\ParseTemplateBehavior [ RunTime:0.010765s ]
INFO: [ view_parse ] --END-- [ RunTime:0.010976s ]
INFO: [ view_filter ] --START--
INFO: Run Behavior\WriteHtmlCacheBehavior [ RunTime:0.000456s ]
INFO: [ view_filter ] --END-- [ RunTime:0.000623s ]
INFO: [ app_end ] --START--
INFO: Run Behavior\ShowPageTraceBehavior [ RunTime:0.000886s ]
INFO: [ app_end ] --END-- [ RunTime:0.001128s ]
NOTIC: [8] Constant NOW_TIME already defined D:\file\file\index.php ç¬¬ 13 è¡Œ.
NOTIC: [8] Undefined variable: SERVER D:\file\file\index.php ç¬¬ 15 è¡Œ.

[ 2017-11-27T21:53:03+08:00 ] 127.0.0.1 /file/index.php/Home/File/manage
INFO: [ app_init ] --START--
INFO: Run Behavior\BuildLiteBehavior [ RunTime:0.000037s ]
INFO: [ app_init ] --END-- [ RunTime:0.000548s ]
INFO: [ app_begin ] --START--
INFO: Run Behavior\ReadHtmlCacheBehavior [ RunTime:0.000570s ]
INFO: [ app_begin ] --END-- [ RunTime:0.000756s ]
SQL: SHOW COLUMNS FROM `file_file` [ RunTime:0.0045s ]
SQL: SELECT COUNT(*) AS tp_count FROM `file_file` LIMIT 1   [ RunTime:0.0003s ]
SQL: SELECT * FROM `file_file` WHERE `file_user` = 'monkey' LIMIT 0,10   [ RunTime:0.0003s ]
INFO: [ view_parse ] --START--
NOTIC: [8] Undefined index: file D:\file\file\Runtime\Cache\d92262506e7c8376a9115ae105e8dee7adfc62ad.file.manage.html.php ç¬¬ 73 è¡Œ.
NOTIC: [8] Trying to get property of non-object D:\file\file\Runtime\Cache\d92262506e7c8376a9115ae105e8dee7adfc62ad.file.manage.html.php ç¬¬ 73 è¡Œ.
NOTIC: [8] Undefined index: file D:\file\file\Runtime\Cache\d92262506e7c8376a9115ae105e8dee7adfc62ad.file.manage.html.php ç¬¬ 75 è¡Œ.
NOTIC: [8] Trying to get property of non-object D:\file\file\Runtime\Cache\d92262506e7c8376a9115ae105e8dee7adfc62ad.file.manage.html.php ç¬¬ 75 è¡Œ.
NOTIC: [8] Undefined index: file D:\file\file\Runtime\Cache\d92262506e7c8376a9115ae105e8dee7adfc62ad.file.manage.html.php ç¬¬ 77 è¡Œ.
NOTIC: [8] Trying to get property of non-object D:\file\file\Runtime\Cache\d92262506e7c8376a9115ae105e8dee7adfc62ad.file.manage.html.php ç¬¬ 77 è¡Œ.
NOTIC: [8] Undefined index: v D:\file\file\Runtime\Cache\d92262506e7c8376a9115ae105e8dee7adfc62ad.file.manage.html.php ç¬¬ 79 è¡Œ.
NOTIC: [8] Trying to get property of non-object D:\file\file\Runtime\Cache\d92262506e7c8376a9115ae105e8dee7adfc62ad.file.manage.html.php ç¬¬ 79 è¡Œ.
NOTIC: [8] Undefined index: v D:\file\file\Runtime\Cache\d92262506e7c8376a9115ae105e8dee7adfc62ad.file.manage.html.php ç¬¬ 81 è¡Œ.
NOTIC: [8] Trying to get property of non-object D:\file\file\Runtime\Cache\d92262506e7c8376a9115ae105e8dee7adfc62ad.file.manage.html.php ç¬¬ 81 è¡Œ.
NOTIC: [8] Undefined index: v D:\file\file\Runtime\Cache\d92262506e7c8376a9115ae105e8dee7adfc62ad.file.manage.html.php ç¬¬ 83 è¡Œ.
NOTIC: [8] Trying to get property of non-object D:\file\file\Runtime\Cache\d92262506e7c8376a9115ae105e8dee7adfc62ad.file.manage.html.php ç¬¬ 83 è¡Œ.
INFO: Run Behavior\ParseTemplateBehavior [ RunTime:0.090883s ]
INFO: [ view_parse ] --END-- [ RunTime:0.091066s ]
INFO: [ view_filter ] --START--
INFO: Run Behavior\WriteHtmlCacheBehavior [ RunTime:0.000637s ]
INFO: [ view_filter ] --END-- [ RunTime:0.000801s ]
INFO: [ app_end ] --START--
INFO: Run Behavior\ShowPageTraceBehavior [ RunTime:0.000681s ]
INFO: [ app_end ] --END-- [ RunTime:0.000845s ]
NOTIC: [8] Constant NOW_TIME already defined D:\file\file\index.php ç¬¬ 13 è¡Œ.
NOTIC: [8] Undefined variable: SERVER D:\file\file\index.php ç¬¬ 15 è¡Œ.

[ 2017-11-27T22:03:23+08:00 ] 127.0.0.1 /file/index.php/Home/Index/index.html
INFO: [ app_init ] --START--
INFO: Run Behavior\BuildLiteBehavior [ RunTime:0.000040s ]
INFO: [ app_init ] --END-- [ RunTime:0.000666s ]
INFO: [ app_begin ] --START--
INFO: Run Behavior\ReadHtmlCacheBehavior [ RunTime:0.000764s ]
INFO: [ app_begin ] --END-- [ RunTime:0.000996s ]
INFO: [ view_parse ] --START--
INFO: Run Behavior\ParseTemplateBehavior [ RunTime:0.013929s ]
INFO: [ view_parse ] --END-- [ RunTime:0.014190s ]
INFO: [ view_filter ] --START--
INFO: Run Behavior\WriteHtmlCacheBehavior [ RunTime:0.000473s ]
INFO: [ view_filter ] --END-- [ RunTime:0.000638s ]
INFO: [ app_end ] --START--
INFO: Run Behavior\ShowPageTraceBehavior [ RunTime:0.000713s ]
INFO: [ app_end ] --END-- [ RunTime:0.000879s ]
NOTIC: [8] Constant NOW_TIME already defined D:\file\file\index.php ç¬¬ 13 è¡Œ.
NOTIC: [8] Undefined variable: SERVER D:\file\file\index.php ç¬¬ 15 è¡Œ.

[ 2017-11-27T22:03:23+08:00 ] 127.0.0.1 /file/index.php/Home/Index/head.html
INFO: [ app_init ] --START--
INFO: Run Behavior\BuildLiteBehavior [ RunTime:0.000039s ]
INFO: [ app_init ] --END-- [ RunTime:0.000632s ]
INFO: [ app_begin ] --START--
INFO: Run Behavior\ReadHtmlCacheBehavior [ RunTime:0.000593s ]
INFO: [ app_begin ] --END-- [ RunTime:0.000784s ]
INFO: [ view_parse ] --START--
INFO: Run Behavior\ParseTemplateBehavior [ RunTime:0.009415s ]
INFO: [ view_parse ] --END-- [ RunTime:0.009623s ]
INFO: [ view_filter ] --START--
INFO: Run Behavior\WriteHtmlCacheBehavior [ RunTime:0.000330s ]
INFO: [ view_filter ] --END-- [ RunTime:0.000496s ]
INFO: [ app_end ] --START--
INFO: Run Behavior\ShowPageTraceBehavior [ RunTime:0.000809s ]
INFO: [ app_end ] --END-- [ RunTime:0.001001s ]
NOTIC: [8] Constant NOW_TIME already defined D:\file\file\index.php ç¬¬ 13 è¡Œ.
NOTIC: [8] Undefined variable: SERVER D:\file\file\index.php ç¬¬ 15 è¡Œ.

[ 2017-11-27T22:03:23+08:00 ] 127.0.0.1 /file/index.php/Home/Index/left.html
INFO: [ app_init ] --START--
INFO: Run Behavior\BuildLiteBehavior [ RunTime:0.000039s ]
INFO: [ app_init ] --END-- [ RunTime:0.000641s ]
INFO: [ app_begin ] --START--
INFO: Run Behavior\ReadHtmlCacheBehavior [ RunTime:0.000755s ]
INFO: [ app_begin ] --END-- [ RunTime:0.000964s ]
SQL: select * from file_admin where admin_id=2 [ RunTime:0.0006s ]
SQL: select * from file_role where role_id=1 [ RunTime:0.0003s ]
SQL: select * from file_auth where auth_level = 0 and auth_id in (1,3,4,5,6,7,12,13) [ RunTime:0.0004s ]
SQL: select * from file_auth where auth_level = 1 and auth_id in (1,3,4,5,6,7,12,13) [ RunTime:0.0004s ]
INFO: [ view_parse ] --START--
INFO: Run Behavior\ParseTemplateBehavior [ RunTime:0.012650s ]
INFO: [ view_parse ] --END-- [ RunTime:0.012842s ]
INFO: [ view_filter ] --START--
INFO: Run Behavior\WriteHtmlCacheBehavior [ RunTime:0.000461s ]
INFO: [ view_filter ] --END-- [ RunTime:0.000624s ]
INFO: [ app_end ] --START--
INFO: Run Behavior\ShowPageTraceBehavior [ RunTime:0.000694s ]
INFO: [ app_end ] --END-- [ RunTime:0.000863s ]
NOTIC: [8] Constant NOW_TIME already defined D:\file\file\index.php ç¬¬ 13 è¡Œ.
NOTIC: [8] Undefined variable: SERVER D:\file\file\index.php ç¬¬ 15 è¡Œ.

[ 2017-11-27T22:03:23+08:00 ] 127.0.0.1 /file/index.php/Home/Index/right.html
INFO: [ app_init ] --START--
INFO: Run Behavior\BuildLiteBehavior [ RunTime:0.000067s ]
INFO: [ app_init ] --END-- [ RunTime:0.001007s ]
INFO: [ app_begin ] --START--
INFO: Run Behavior\ReadHtmlCacheBehavior [ RunTime:0.001079s ]
INFO: [ app_begin ] --END-- [ RunTime:0.001466s ]
INFO: [ view_parse ] --START--
INFO: Run Behavior\ParseTemplateBehavior [ RunTime:0.010501s ]
INFO: [ view_parse ] --END-- [ RunTime:0.010691s ]
INFO: [ view_filter ] --START--
INFO: Run Behavior\WriteHtmlCacheBehavior [ RunTime:0.000455s ]
INFO: [ view_filter ] --END-- [ RunTime:0.000619s ]
INFO: [ app_end ] --START--
INFO: Run Behavior\ShowPageTraceBehavior [ RunTime:0.000701s ]
INFO: [ app_end ] --END-- [ RunTime:0.000868s ]
NOTIC: [8] Constant NOW_TIME already defined D:\file\file\index.php ç¬¬ 13 è¡Œ.
NOTIC: [8] Undefined variable: SERVER D:\file\file\index.php ç¬¬ 15 è¡Œ.

[ 2017-11-27T22:03:24+08:00 ] 127.0.0.1 /file/index.php/Home/File/manage
INFO: [ app_init ] --START--
INFO: Run Behavior\BuildLiteBehavior [ RunTime:0.000038s ]
INFO: [ app_init ] --END-- [ RunTime:0.000546s ]
INFO: [ app_begin ] --START--
INFO: Run Behavior\ReadHtmlCacheBehavior [ RunTime:0.000580s ]
INFO: [ app_begin ] --END-- [ RunTime:0.000767s ]
SQL: SHOW COLUMNS FROM `file_file` [ RunTime:0.0049s ]
SQL: SELECT COUNT(*) AS tp_count FROM `file_file` LIMIT 1   [ RunTime:0.0003s ]
SQL: SELECT * FROM `file_file` WHERE `file_user` = 'monkey' LIMIT 0,10   [ RunTime:0.0003s ]
INFO: [ view_parse ] --START--
NOTIC: [8] Undefined index: file D:\file\file\Runtime\Cache\d92262506e7c8376a9115ae105e8dee7adfc62ad.file.manage.html.php ç¬¬ 72 è¡Œ.
NOTIC: [8] Trying to get property of non-object D:\file\file\Runtime\Cache\d92262506e7c8376a9115ae105e8dee7adfc62ad.file.manage.html.php ç¬¬ 72 è¡Œ.
NOTIC: [8] Undefined index: file D:\file\file\Runtime\Cache\d92262506e7c8376a9115ae105e8dee7adfc62ad.file.manage.html.php ç¬¬ 74 è¡Œ.
NOTIC: [8] Trying to get property of non-object D:\file\file\Runtime\Cache\d92262506e7c8376a9115ae105e8dee7adfc62ad.file.manage.html.php ç¬¬ 74 è¡Œ.
NOTIC: [8] Undefined index: file D:\file\file\Runtime\Cache\d92262506e7c8376a9115ae105e8dee7adfc62ad.file.manage.html.php ç¬¬ 76 è¡Œ.
NOTIC: [8] Trying to get property of non-object D:\file\file\Runtime\Cache\d92262506e7c8376a9115ae105e8dee7adfc62ad.file.manage.html.php ç¬¬ 76 è¡Œ.
NOTIC: [8] Undefined index: file D:\file\file\Runtime\Cache\d92262506e7c8376a9115ae105e8dee7adfc62ad.file.manage.html.php ç¬¬ 78 è¡Œ.
NOTIC: [8] Trying to get property of non-object D:\file\file\Runtime\Cache\d92262506e7c8376a9115ae105e8dee7adfc62ad.file.manage.html.php ç¬¬ 78 è¡Œ.
NOTIC: [8] Undefined index: file D:\file\file\Runtime\Cache\d92262506e7c8376a9115ae105e8dee7adfc62ad.file.manage.html.php ç¬¬ 80 è¡Œ.
NOTIC: [8] Trying to get property of non-object D:\file\file\Runtime\Cache\d92262506e7c8376a9115ae105e8dee7adfc62ad.file.manage.html.php ç¬¬ 80 è¡Œ.
NOTIC: [8] Undefined index: file D:\file\file\Runtime\Cache\d92262506e7c8376a9115ae105e8dee7adfc62ad.file.manage.html.php ç¬¬ 82 è¡Œ.
NOTIC: [8] Trying to get property of non-object D:\file\file\Runtime\Cache\d92262506e7c8376a9115ae105e8dee7adfc62ad.file.manage.html.php ç¬¬ 82 è¡Œ.
INFO: Run Behavior\ParseTemplateBehavior [ RunTime:0.094089s ]
INFO: [ view_parse ] --END-- [ RunTime:0.094273s ]
INFO: [ view_filter ] --START--
INFO: Run Behavior\WriteHtmlCacheBehavior [ RunTime:0.000646s ]
INFO: [ view_filter ] --END-- [ RunTime:0.000815s ]
INFO: [ app_end ] --START--
INFO: Run Behavior\ShowPageTraceBehavior [ RunTime:0.000690s ]
INFO: [ app_end ] --END-- [ RunTime:0.000865s ]
NOTIC: [8] Constant NOW_TIME already defined D:\file\file\index.php ç¬¬ 13 è¡Œ.
NOTIC: [8] Undefined variable: SERVER D:\file\file\index.php ç¬¬ 15 è¡Œ.

[ 2017-11-27T22:13:10+08:00 ] 127.0.0.1 /file/index.php/Home/Index/index.html
INFO: [ app_init ] --START--
INFO: Run Behavior\BuildLiteBehavior [ RunTime:0.000039s ]
INFO: [ app_init ] --END-- [ RunTime:0.000663s ]
INFO: [ app_begin ] --START--
INFO: Run Behavior\ReadHtmlCacheBehavior [ RunTime:0.000820s ]
INFO: [ app_begin ] --END-- [ RunTime:0.001029s ]
INFO: [ view_parse ] --START--
INFO: Run Behavior\ParseTemplateBehavior [ RunTime:0.011660s ]
INFO: [ view_parse ] --END-- [ RunTime:0.011877s ]
INFO: [ view_filter ] --START--
INFO: Run Behavior\WriteHtmlCacheBehavior [ RunTime:0.000536s ]
INFO: [ view_filter ] --END-- [ RunTime:0.000740s ]
INFO: [ app_end ] --START--
INFO: Run Behavior\ShowPageTraceBehavior [ RunTime:0.000800s ]
INFO: [ app_end ] --END-- [ RunTime:0.000972s ]
NOTIC: [8] Constant NOW_TIME already defined D:\file\file\index.php ç¬¬ 13 è¡Œ.
NOTIC: [8] Undefined variable: SERVER D:\file\file\index.php ç¬¬ 15 è¡Œ.

[ 2017-11-27T22:13:10+08:00 ] 127.0.0.1 /file/index.php/Home/Index/head.html
INFO: [ app_init ] --START--
INFO: Run Behavior\BuildLiteBehavior [ RunTime:0.000063s ]
INFO: [ app_init ] --END-- [ RunTime:0.000892s ]
INFO: [ app_begin ] --START--
INFO: Run Behavior\ReadHtmlCacheBehavior [ RunTime:0.000593s ]
INFO: [ app_begin ] --END-- [ RunTime:0.000788s ]
INFO: [ view_parse ] --START--
INFO: Run Behavior\ParseTemplateBehavior [ RunTime:0.010564s ]
INFO: [ view_parse ] --END-- [ RunTime:0.010845s ]
INFO: [ view_filter ] --START--
INFO: Run Behavior\WriteHtmlCacheBehavior [ RunTime:0.000445s ]
INFO: [ view_filter ] --END-- [ RunTime:0.000660s ]
INFO: [ app_end ] --START--
INFO: Run Behavior\ShowPageTraceBehavior [ RunTime:0.000969s ]
INFO: [ app_end ] --END-- [ RunTime:0.001191s ]
NOTIC: [8] Constant NOW_TIME already defined D:\file\file\index.php ç¬¬ 13 è¡Œ.
NOTIC: [8] Undefined variable: SERVER D:\file\file\index.php ç¬¬ 15 è¡Œ.

[ 2017-11-27T22:13:10+08:00 ] 127.0.0.1 /file/index.php/Home/Index/left.html
INFO: [ app_init ] --START--
INFO: Run Behavior\BuildLiteBehavior [ RunTime:0.000063s ]
INFO: [ app_init ] --END-- [ RunTime:0.000982s ]
INFO: [ app_begin ] --START--
INFO: Run Behavior\ReadHtmlCacheBehavior [ RunTime:0.001133s ]
INFO: [ app_begin ] --END-- [ RunTime:0.001468s ]
SQL: select * from file_admin where admin_id=2 [ RunTime:0.0005s ]
SQL: select * from file_role where role_id=1 [ RunTime:0.0003s ]
SQL: select * from file_auth where auth_level = 0 and auth_id in (1,3,4,5,6,7,12,13) [ RunTime:0.0005s ]
SQL: select * from file_auth where auth_level = 1 and auth_id in (1,3,4,5,6,7,12,13) [ RunTime:0.0004s ]
INFO: [ view_parse ] --START--
INFO: Run Behavior\ParseTemplateBehavior [ RunTime:0.011949s ]
INFO: [ view_parse ] --END-- [ RunTime:0.012168s ]
INFO: [ view_filter ] --START--
INFO: Run Behavior\WriteHtmlCacheBehavior [ RunTime:0.000451s ]
INFO: [ view_filter ] --END-- [ RunTime:0.000616s ]
INFO: [ app_end ] --START--
INFO: Run Behavior\ShowPageTraceBehavior [ RunTime:0.000893s ]
INFO: [ app_end ] --END-- [ RunTime:0.001123s ]
NOTIC: [8] Constant NOW_TIME already defined D:\file\file\index.php ç¬¬ 13 è¡Œ.
NOTIC: [8] Undefined variable: SERVER D:\file\file\index.php ç¬¬ 15 è¡Œ.

[ 2017-11-27T22:13:10+08:00 ] 127.0.0.1 /file/index.php/Home/Index/right.html
INFO: [ app_init ] --START--
INFO: Run Behavior\BuildLiteBehavior [ RunTime:0.000066s ]
INFO: [ app_init ] --END-- [ RunTime:0.000901s ]
INFO: [ app_begin ] --START--
INFO: Run Behavior\ReadHtmlCacheBehavior [ RunTime:0.000832s ]
INFO: [ app_begin ] --END-- [ RunTime:0.001090s ]
INFO: [ view_parse ] --START--
INFO: Run Behavior\ParseTemplateBehavior [ RunTime:0.013730s ]
INFO: [ view_parse ] --END-- [ RunTime:0.013993s ]
INFO: [ view_filter ] --START--
INFO: Run Behavior\WriteHtmlCacheBehavior [ RunTime:0.000667s ]
INFO: [ view_filter ] --END-- [ RunTime:0.000957s ]
INFO: [ app_end ] --START--
INFO: Run Behavior\ShowPageTraceBehavior [ RunTime:0.000815s ]
INFO: [ app_end ] --END-- [ RunTime:0.001040s ]
NOTIC: [8] Constant NOW_TIME already defined D:\file\file\index.php ç¬¬ 13 è¡Œ.
NOTIC: [8] Undefined variable: SERVER D:\file\file\index.php ç¬¬ 15 è¡Œ.

[ 2017-11-27T22:13:11+08:00 ] 127.0.0.1 /file/index.php/Home/File/manage
INFO: [ app_init ] --START--
INFO: Run Behavior\BuildLiteBehavior [ RunTime:0.000038s ]
INFO: [ app_init ] --END-- [ RunTime:0.000553s ]
INFO: [ app_begin ] --START--
INFO: Run Behavior\ReadHtmlCacheBehavior [ RunTime:0.000584s ]
INFO: [ app_begin ] --END-- [ RunTime:0.000775s ]
SQL: SHOW COLUMNS FROM `file_file` [ RunTime:0.0047s ]
SQL: SELECT COUNT(*) AS tp_count FROM `file_file` LIMIT 1   [ RunTime:0.0003s ]
SQL: SELECT * FROM `file_file` WHERE `file_user` = 'monkey' LIMIT 0,10   [ RunTime:0.0003s ]
INFO: [ view_parse ] --START--
NOTIC: [8] Undefined index: file D:\file\file\Runtime\Cache\d92262506e7c8376a9115ae105e8dee7adfc62ad.file.manage.html.php ç¬¬ 72 è¡Œ.
NOTIC: [8] Trying to get property of non-object D:\file\file\Runtime\Cache\d92262506e7c8376a9115ae105e8dee7adfc62ad.file.manage.html.php ç¬¬ 72 è¡Œ.
NOTIC: [8] Undefined index: file D:\file\file\Runtime\Cache\d92262506e7c8376a9115ae105e8dee7adfc62ad.file.manage.html.php ç¬¬ 74 è¡Œ.
NOTIC: [8] Trying to get property of non-object D:\file\file\Runtime\Cache\d92262506e7c8376a9115ae105e8dee7adfc62ad.file.manage.html.php ç¬¬ 74 è¡Œ.
NOTIC: [8] Undefined index: file D:\file\file\Runtime\Cache\d92262506e7c8376a9115ae105e8dee7adfc62ad.file.manage.html.php ç¬¬ 76 è¡Œ.
NOTIC: [8] Trying to get property of non-object D:\file\file\Runtime\Cache\d92262506e7c8376a9115ae105e8dee7adfc62ad.file.manage.html.php ç¬¬ 76 è¡Œ.
NOTIC: [8] Undefined index: file D:\file\file\Runtime\Cache\d92262506e7c8376a9115ae105e8dee7adfc62ad.file.manage.html.php ç¬¬ 78 è¡Œ.
NOTIC: [8] Trying to get property of non-object D:\file\file\Runtime\Cache\d92262506e7c8376a9115ae105e8dee7adfc62ad.file.manage.html.php ç¬¬ 78 è¡Œ.
NOTIC: [8] Undefined index: file D:\file\file\Runtime\Cache\d92262506e7c8376a9115ae105e8dee7adfc62ad.file.manage.html.php ç¬¬ 80 è¡Œ.
NOTIC: [8] Trying to get property of non-object D:\file\file\Runtime\Cache\d92262506e7c8376a9115ae105e8dee7adfc62ad.file.manage.html.php ç¬¬ 80 è¡Œ.
NOTIC: [8] Undefined index: file D:\file\file\Runtime\Cache\d92262506e7c8376a9115ae105e8dee7adfc62ad.file.manage.html.php ç¬¬ 82 è¡Œ.
NOTIC: [8] Trying to get property of non-object D:\file\file\Runtime\Cache\d92262506e7c8376a9115ae105e8dee7adfc62ad.file.manage.html.php ç¬¬ 82 è¡Œ.
INFO: Run Behavior\ParseTemplateBehavior [ RunTime:0.098993s ]
INFO: [ view_parse ] --END-- [ RunTime:0.099178s ]
INFO: [ view_filter ] --START--
INFO: Run Behavior\WriteHtmlCacheBehavior [ RunTime:0.000634s ]
INFO: [ view_filter ] --END-- [ RunTime:0.000800s ]
INFO: [ app_end ] --START--
INFO: Run Behavior\ShowPageTraceBehavior [ RunTime:0.000686s ]
INFO: [ app_end ] --END-- [ RunTime:0.000851s ]
NOTIC: [8] Constant NOW_TIME already defined D:\file\file\index.php ç¬¬ 13 è¡Œ.
NOTIC: [8] Undefined variable: SERVER D:\file\file\index.php ç¬¬ 15 è¡Œ.

[ 2017-11-27T22:19:51+08:00 ] 127.0.0.1 /file/index.php/Home/Index/index.html
INFO: [ app_init ] --START--
INFO: Run Behavior\BuildLiteBehavior [ RunTime:0.000038s ]
INFO: [ app_init ] --END-- [ RunTime:0.000618s ]
INFO: [ app_begin ] --START--
INFO: Run Behavior\ReadHtmlCacheBehavior [ RunTime:0.000962s ]
INFO: [ app_begin ] --END-- [ RunTime:0.001203s ]
INFO: [ view_parse ] --START--
INFO: Run Behavior\ParseTemplateBehavior [ RunTime:0.010856s ]
INFO: [ view_parse ] --END-- [ RunTime:0.011049s ]
INFO: [ view_filter ] --START--
INFO: Run Behavior\WriteHtmlCacheBehavior [ RunTime:0.000460s ]
INFO: [ view_filter ] --END-- [ RunTime:0.000624s ]
INFO: [ app_end ] --START--
INFO: Run Behavior\ShowPageTraceBehavior [ RunTime:0.000708s ]
INFO: [ app_end ] --END-- [ RunTime:0.000875s ]
NOTIC: [8] Constant NOW_TIME already defined D:\file\file\index.php ç¬¬ 13 è¡Œ.
NOTIC: [8] Undefined variable: SERVER D:\file\file\index.php ç¬¬ 15 è¡Œ.

[ 2017-11-27T22:19:51+08:00 ] 127.0.0.1 /file/index.php/Home/Index/head.html
INFO: [ app_init ] --START--
INFO: Run Behavior\BuildLiteBehavior [ RunTime:0.000071s ]
INFO: [ app_init ] --END-- [ RunTime:0.000884s ]
INFO: [ app_begin ] --START--
INFO: Run Behavior\ReadHtmlCacheBehavior [ RunTime:0.000884s ]
INFO: [ app_begin ] --END-- [ RunTime:0.001221s ]
INFO: [ view_parse ] --START--
INFO: Run Behavior\ParseTemplateBehavior [ RunTime:0.012162s ]
INFO: [ view_parse ] --END-- [ RunTime:0.012403s ]
INFO: [ view_filter ] --START--
INFO: Run Behavior\WriteHtmlCacheBehavior [ RunTime:0.000323s ]
INFO: [ view_filter ] --END-- [ RunTime:0.000487s ]
INFO: [ app_end ] --START--
INFO: Run Behavior\ShowPageTraceBehavior [ RunTime:0.000574s ]
INFO: [ app_end ] --END-- [ RunTime:0.000741s ]
NOTIC: [8] Constant NOW_TIME already defined D:\file\file\index.php ç¬¬ 13 è¡Œ.
NOTIC: [8] Undefined variable: SERVER D:\file\file\index.php ç¬¬ 15 è¡Œ.

[ 2017-11-27T22:19:51+08:00 ] 127.0.0.1 /file/index.php/Home/Index/left.html
INFO: [ app_init ] --START--
INFO: Run Behavior\BuildLiteBehavior [ RunTime:0.000064s ]
INFO: [ app_init ] --END-- [ RunTime:0.000984s ]
INFO: [ app_begin ] --START--
INFO: Run Behavior\ReadHtmlCacheBehavior [ RunTime:0.000781s ]
INFO: [ app_begin ] --END-- [ RunTime:0.000978s ]
SQL: select * from file_admin where admin_id=2 [ RunTime:0.0004s ]
SQL: select * from file_role where role_id=1 [ RunTime:0.0003s ]
SQL: select * from file_auth where auth_level = 0 and auth_id in (1,3,4,5,6,7,12,13) [ RunTime:0.0004s ]
SQL: select * from file_auth where auth_level = 1 and auth_id in (1,3,4,5,6,7,12,13) [ RunTime:0.0003s ]
INFO: [ view_parse ] --START--
INFO: Run Behavior\ParseTemplateBehavior [ RunTime:0.010744s ]
INFO: [ view_parse ] --END-- [ RunTime:0.010926s ]
INFO: [ view_filter ] --START--
INFO: Run Behavior\WriteHtmlCacheBehavior [ RunTime:0.000462s ]
INFO: [ view_filter ] --END-- [ RunTime:0.000625s ]
INFO: [ app_end ] --START--
INFO: Run Behavior\ShowPageTraceBehavior [ RunTime:0.000703s ]
INFO: [ app_end ] --END-- [ RunTime:0.000876s ]
NOTIC: [8] Constant NOW_TIME already defined D:\file\file\index.php ç¬¬ 13 è¡Œ.
NOTIC: [8] Undefined variable: SERVER D:\file\file\index.php ç¬¬ 15 è¡Œ.

[ 2017-11-27T22:19:51+08:00 ] 127.0.0.1 /file/index.php/Home/Index/right.html
INFO: [ app_init ] --START--
INFO: Run Behavior\BuildLiteBehavior [ RunTime:0.000047s ]
INFO: [ app_init ] --END-- [ RunTime:0.000680s ]
INFO: [ app_begin ] --START--
INFO: Run Behavior\ReadHtmlCacheBehavior [ RunTime:0.001081s ]
INFO: [ app_begin ] --END-- [ RunTime:0.001351s ]
INFO: [ view_parse ] --START--
INFO: Run Behavior\ParseTemplateBehavior [ RunTime:0.010846s ]
INFO: [ view_parse ] --END-- [ RunTime:0.011179s ]
INFO: [ view_filter ] --START--
INFO: Run Behavior\WriteHtmlCacheBehavior [ RunTime:0.000516s ]
INFO: [ view_filter ] --END-- [ RunTime:0.000689s ]
INFO: [ app_end ] --START--
INFO: Run Behavior\ShowPageTraceBehavior [ RunTime:0.000708s ]
INFO: [ app_end ] --END-- [ RunTime:0.000874s ]
NOTIC: [8] Constant NOW_TIME already defined D:\file\file\index.php ç¬¬ 13 è¡Œ.
NOTIC: [8] Undefined variable: SERVER D:\file\file\index.php ç¬¬ 15 è¡Œ.

[ 2017-11-27T22:19:52+08:00 ] 127.0.0.1 /file/index.php/Home/File/manage
INFO: [ app_init ] --START--
INFO: Run Behavior\BuildLiteBehavior [ RunTime:0.000038s ]
INFO: [ app_init ] --END-- [ RunTime:0.000546s ]
INFO: [ app_begin ] --START--
INFO: Run Behavior\ReadHtmlCacheBehavior [ RunTime:0.000565s ]
INFO: [ app_begin ] --END-- [ RunTime:0.000750s ]
SQL: SHOW COLUMNS FROM `file_file` [ RunTime:0.0247s ]
SQL: SELECT COUNT(*) AS tp_count FROM `file_file` LIMIT 1   [ RunTime:0.0003s ]
SQL: SELECT * FROM `file_file` WHERE `file_user` = 'monkey' LIMIT 0,10   [ RunTime:0.0003s ]
INFO: [ view_parse ] --START--
NOTIC: [8] Undefined index: vo D:\file\file\Runtime\Cache\d92262506e7c8376a9115ae105e8dee7adfc62ad.file.manage.html.php ç¬¬ 73 è¡Œ.
NOTIC: [8] Trying to get property of non-object D:\file\file\Runtime\Cache\d92262506e7c8376a9115ae105e8dee7adfc62ad.file.manage.html.php ç¬¬ 73 è¡Œ.
NOTIC: [8] Undefined index: file D:\file\file\Runtime\Cache\d92262506e7c8376a9115ae105e8dee7adfc62ad.file.manage.html.php ç¬¬ 75 è¡Œ.
NOTIC: [8] Trying to get property of non-object D:\file\file\Runtime\Cache\d92262506e7c8376a9115ae105e8dee7adfc62ad.file.manage.html.php ç¬¬ 75 è¡Œ.
NOTIC: [8] Undefined index: file D:\file\file\Runtime\Cache\d92262506e7c8376a9115ae105e8dee7adfc62ad.file.manage.html.php ç¬¬ 77 è¡Œ.
NOTIC: [8] Trying to get property of non-object D:\file\file\Runtime\Cache\d92262506e7c8376a9115ae105e8dee7adfc62ad.file.manage.html.php ç¬¬ 77 è¡Œ.
NOTIC: [8] Undefined index: file D:\file\file\Runtime\Cache\d92262506e7c8376a9115ae105e8dee7adfc62ad.file.manage.html.php ç¬¬ 79 è¡Œ.
NOTIC: [8] Trying to get property of non-object D:\file\file\Runtime\Cache\d92262506e7c8376a9115ae105e8dee7adfc62ad.file.manage.html.php ç¬¬ 79 è¡Œ.
NOTIC: [8] Undefined index: file D:\file\file\Runtime\Cache\d92262506e7c8376a9115ae105e8dee7adfc62ad.file.manage.html.php ç¬¬ 81 è¡Œ.
NOTIC: [8] Trying to get property of non-object D:\file\file\Runtime\Cache\d92262506e7c8376a9115ae105e8dee7adfc62ad.file.manage.html.php ç¬¬ 81 è¡Œ.
NOTIC: [8] Undefined index: file D:\file\file\Runtime\Cache\d92262506e7c8376a9115ae105e8dee7adfc62ad.file.manage.html.php ç¬¬ 83 è¡Œ.
NOTIC: [8] Trying to get property of non-object D:\file\file\Runtime\Cache\d92262506e7c8376a9115ae105e8dee7adfc62ad.file.manage.html.php ç¬¬ 83 è¡Œ.
INFO: Run Behavior\ParseTemplateBehavior [ RunTime:0.089999s ]
INFO: [ view_parse ] --END-- [ RunTime:0.090185s ]
INFO: [ view_filter ] --START--
INFO: Run Behavior\WriteHtmlCacheBehavior [ RunTime:0.000646s ]
INFO: [ view_filter ] --END-- [ RunTime:0.000811s ]
INFO: [ app_end ] --START--
INFO: Run Behavior\ShowPageTraceBehavior [ RunTime:0.000681s ]
INFO: [ app_end ] --END-- [ RunTime:0.000849s ]
NOTIC: [8] Constant NOW_TIME already defined D:\file\file\index.php ç¬¬ 13 è¡Œ.
NOTIC: [8] Undefined variable: SERVER D:\file\file\index.php ç¬¬ 15 è¡Œ.

[ 2017-11-27T22:23:18+08:00 ] 127.0.0.1 /file/index.php/Home/Index/index.html
INFO: [ app_init ] --START--
INFO: Run Behavior\BuildLiteBehavior [ RunTime:0.000039s ]
INFO: [ app_init ] --END-- [ RunTime:0.000648s ]
INFO: [ app_begin ] --START--
INFO: Run Behavior\ReadHtmlCacheBehavior [ RunTime:0.000755s ]
INFO: [ app_begin ] --END-- [ RunTime:0.000937s ]
INFO: [ view_parse ] --START--
INFO: Run Behavior\ParseTemplateBehavior [ RunTime:0.013653s ]
INFO: [ view_parse ] --END-- [ RunTime:0.013867s ]
INFO: [ view_filter ] --START--
INFO: Run Behavior\WriteHtmlCacheBehavior [ RunTime:0.000472s ]
INFO: [ view_filter ] --END-- [ RunTime:0.000636s ]
INFO: [ app_end ] --START--
INFO: Run Behavior\ShowPageTraceBehavior [ RunTime:0.000705s ]
INFO: [ app_end ] --END-- [ RunTime:0.000869s ]
NOTIC: [8] Constant NOW_TIME already defined D:\file\file\index.php ç¬¬ 13 è¡Œ.
NOTIC: [8] Undefined variable: SERVER D:\file\file\index.php ç¬¬ 15 è¡Œ.

[ 2017-11-27T22:23:19+08:00 ] 127.0.0.1 /file/index.php/Home/Index/head.html
INFO: [ app_init ] --START--
INFO: Run Behavior\BuildLiteBehavior [ RunTime:0.000040s ]
INFO: [ app_init ] --END-- [ RunTime:0.000712s ]
INFO: [ app_begin ] --START--
INFO: Run Behavior\ReadHtmlCacheBehavior [ RunTime:0.000730s ]
INFO: [ app_begin ] --END-- [ RunTime:0.001001s ]
INFO: [ view_parse ] --START--
INFO: Run Behavior\ParseTemplateBehavior [ RunTime:0.012313s ]
INFO: [ view_parse ] --END-- [ RunTime:0.012548s ]
INFO: [ view_filter ] --START--
INFO: Run Behavior\WriteHtmlCacheBehavior [ RunTime:0.000346s ]
INFO: [ view_filter ] --END-- [ RunTime:0.000536s ]
INFO: [ app_end ] --START--
INFO: Run Behavior\ShowPageTraceBehavior [ RunTime:0.000932s ]
INFO: [ app_end ] --END-- [ RunTime:0.001235s ]
NOTIC: [8] Constant NOW_TIME already defined D:\file\file\index.php ç¬¬ 13 è¡Œ.
NOTIC: [8] Undefined variable: SERVER D:\file\file\index.php ç¬¬ 15 è¡Œ.

[ 2017-11-27T22:23:19+08:00 ] 127.0.0.1 /file/index.php/Home/Index/left.html
INFO: [ app_init ] --START--
INFO: Run Behavior\BuildLiteBehavior [ RunTime:0.000072s ]
INFO: [ app_init ] --END-- [ RunTime:0.001022s ]
INFO: [ app_begin ] --START--
INFO: Run Behavior\ReadHtmlCacheBehavior [ RunTime:0.001164s ]
INFO: [ app_begin ] --END-- [ RunTime:0.001506s ]
SQL: select * from file_admin where admin_id=2 [ RunTime:0.0004s ]
SQL: select * from file_role where role_id=1 [ RunTime:0.0003s ]
SQL: select * from file_auth where auth_level = 0 and auth_id in (1,3,4,5,6,7,12,13) [ RunTime:0.0004s ]
SQL: select * from file_auth where auth_level = 1 and auth_id in (1,3,4,5,6,7,12,13) [ RunTime:0.0003s ]
INFO: [ view_parse ] --START--
INFO: Run Behavior\ParseTemplateBehavior [ RunTime:0.010591s ]
INFO: [ view_parse ] --END-- [ RunTime:0.010769s ]
INFO: [ view_filter ] --START--
INFO: Run Behavior\WriteHtmlCacheBehavior [ RunTime:0.000449s ]
INFO: [ view_filter ] --END-- [ RunTime:0.000614s ]
INFO: [ app_end ] --START--
INFO: Run Behavior\ShowPageTraceBehavior [ RunTime:0.000705s ]
INFO: [ app_end ] --END-- [ RunTime:0.000878s ]
NOTIC: [8] Constant NOW_TIME already defined D:\file\file\index.php ç¬¬ 13 è¡Œ.
NOTIC: [8] Undefined variable: SERVER D:\file\file\index.php ç¬¬ 15 è¡Œ.

[ 2017-11-27T22:23:19+08:00 ] 127.0.0.1 /file/index.php/Home/Index/right.html
INFO: [ app_init ] --START--
INFO: Run Behavior\BuildLiteBehavior [ RunTime:0.000070s ]
INFO: [ app_init ] --END-- [ RunTime:0.001028s ]
INFO: [ app_begin ] --START--
INFO: Run Behavior\ReadHtmlCacheBehavior [ RunTime:0.000849s ]
INFO: [ app_begin ] --END-- [ RunTime:0.001073s ]
INFO: [ view_parse ] --START--
INFO: Run Behavior\ParseTemplateBehavior [ RunTime:0.011162s ]
INFO: [ view_parse ] --END-- [ RunTime:0.011368s ]
INFO: [ view_filter ] --START--
INFO: Run Behavior\WriteHtmlCacheBehavior [ RunTime:0.000454s ]
INFO: [ view_filter ] --END-- [ RunTime:0.000617s ]
INFO: [ app_end ] --START--
INFO: Run Behavior\ShowPageTraceBehavior [ RunTime:0.000735s ]
INFO: [ app_end ] --END-- [ RunTime:0.000902s ]
NOTIC: [8] Constant NOW_TIME already defined D:\file\file\index.php ç¬¬ 13 è¡Œ.
NOTIC: [8] Undefined variable: SERVER D:\file\file\index.php ç¬¬ 15 è¡Œ.

[ 2017-11-27T22:23:20+08:00 ] 127.0.0.1 /file/index.php/Home/File/manage
INFO: [ app_init ] --START--
INFO: Run Behavior\BuildLiteBehavior [ RunTime:0.000037s ]
INFO: [ app_init ] --END-- [ RunTime:0.000542s ]
INFO: [ app_begin ] --START--
INFO: Run Behavior\ReadHtmlCacheBehavior [ RunTime:0.000586s ]
INFO: [ app_begin ] --END-- [ RunTime:0.000774s ]
SQL: SHOW COLUMNS FROM `file_file` [ RunTime:0.0292s ]
SQL: SELECT COUNT(*) AS tp_count FROM `file_file` LIMIT 1   [ RunTime:0.0003s ]
SQL: SELECT * FROM `file_file` WHERE `file_user` = 'monkey' LIMIT 0,10   [ RunTime:0.0003s ]
INFO: [ view_parse ] --START--
NOTIC: [8] Undefined index: vo D:\file\file\Runtime\Cache\d92262506e7c8376a9115ae105e8dee7adfc62ad.file.manage.html.php ç¬¬ 73 è¡Œ.
NOTIC: [8] Trying to get property of non-object D:\file\file\Runtime\Cache\d92262506e7c8376a9115ae105e8dee7adfc62ad.file.manage.html.php ç¬¬ 73 è¡Œ.
NOTIC: [8] Undefined index: vo D:\file\file\Runtime\Cache\d92262506e7c8376a9115ae105e8dee7adfc62ad.file.manage.html.php ç¬¬ 75 è¡Œ.
NOTIC: [8] Trying to get property of non-object D:\file\file\Runtime\Cache\d92262506e7c8376a9115ae105e8dee7adfc62ad.file.manage.html.php ç¬¬ 75 è¡Œ.
NOTIC: [8] Undefined index: v D:\file\file\Runtime\Cache\d92262506e7c8376a9115ae105e8dee7adfc62ad.file.manage.html.php ç¬¬ 77 è¡Œ.
NOTIC: [8] Trying to get property of non-object D:\file\file\Runtime\Cache\d92262506e7c8376a9115ae105e8dee7adfc62ad.file.manage.html.php ç¬¬ 77 è¡Œ.
NOTIC: [8] Undefined index: v D:\file\file\Runtime\Cache\d92262506e7c8376a9115ae105e8dee7adfc62ad.file.manage.html.php ç¬¬ 79 è¡Œ.
NOTIC: [8] Trying to get property of non-object D:\file\file\Runtime\Cache\d92262506e7c8376a9115ae105e8dee7adfc62ad.file.manage.html.php ç¬¬ 79 è¡Œ.
NOTIC: [8] Undefined index: v D:\file\file\Runtime\Cache\d92262506e7c8376a9115ae105e8dee7adfc62ad.file.manage.html.php ç¬¬ 81 è¡Œ.
NOTIC: [8] Trying to get property of non-object D:\file\file\Runtime\Cache\d92262506e7c8376a9115ae105e8dee7adfc62ad.file.manage.html.php ç¬¬ 81 è¡Œ.
NOTIC: [8] Undefined index: v D:\file\file\Runtime\Cache\d92262506e7c8376a9115ae105e8dee7adfc62ad.file.manage.html.php ç¬¬ 83 è¡Œ.
NOTIC: [8] Trying to get property of non-object D:\file\file\Runtime\Cache\d92262506e7c8376a9115ae105e8dee7adfc62ad.file.manage.html.php ç¬¬ 83 è¡Œ.
INFO: Run Behavior\ParseTemplateBehavior [ RunTime:0.094483s ]
INFO: [ view_parse ] --END-- [ RunTime:0.094682s ]
INFO: [ view_filter ] --START--
INFO: Run Behavior\WriteHtmlCacheBehavior [ RunTime:0.000642s ]
INFO: [ view_filter ] --END-- [ RunTime:0.000807s ]
INFO: [ app_end ] --START--
INFO: Run Behavior\ShowPageTraceBehavior [ RunTime:0.000686s ]
INFO: [ app_end ] --END-- [ RunTime:0.000854s ]
NOTIC: [8] Constant NOW_TIME already defined D:\file\file\index.php ç¬¬ 13 è¡Œ.
NOTIC: [8] Undefined variable: SERVER D:\file\file\index.php ç¬¬ 15 è¡Œ.

[ 2017-11-27T22:28:28+08:00 ] 127.0.0.1 /file/index.php/Home/Index/index.html
INFO: [ app_init ] --START--
INFO: Run Behavior\BuildLiteBehavior [ RunTime:0.000063s ]
INFO: [ app_init ] --END-- [ RunTime:0.000694s ]
INFO: [ app_begin ] --START--
INFO: Run Behavior\ReadHtmlCacheBehavior [ RunTime:0.000779s ]
INFO: [ app_begin ] --END-- [ RunTime:0.000964s ]
INFO: [ view_parse ] --START--
INFO: Run Behavior\ParseTemplateBehavior [ RunTime:0.011401s ]
INFO: [ view_parse ] --END-- [ RunTime:0.011659s ]
INFO: [ view_filter ] --START--
INFO: Run Behavior\WriteHtmlCacheBehavior [ RunTime:0.000458s ]
INFO: [ view_filter ] --END-- [ RunTime:0.000620s ]
INFO: [ app_end ] --START--
INFO: Run Behavior\ShowPageTraceBehavior [ RunTime:0.000715s ]
INFO: [ app_end ] --END-- [ RunTime:0.000882s ]
NOTIC: [8] Constant NOW_TIME already defined D:\file\file\index.php ç¬¬ 13 è¡Œ.
NOTIC: [8] Undefined variable: SERVER D:\file\file\index.php ç¬¬ 15 è¡Œ.

[ 2017-11-27T22:28:28+08:00 ] 127.0.0.1 /file/index.php/Home/Index/head.html
INFO: [ app_init ] --START--
INFO: Run Behavior\BuildLiteBehavior [ RunTime:0.000040s ]
INFO: [ app_init ] --END-- [ RunTime:0.000566s ]
INFO: [ app_begin ] --START--
INFO: Run Behavior\ReadHtmlCacheBehavior [ RunTime:0.000605s ]
INFO: [ app_begin ] --END-- [ RunTime:0.000797s ]
INFO: [ view_parse ] --START--
INFO: Run Behavior\ParseTemplateBehavior [ RunTime:0.009490s ]
INFO: [ view_parse ] --END-- [ RunTime:0.009686s ]
INFO: [ view_filter ] --START--
INFO: Run Behavior\WriteHtmlCacheBehavior [ RunTime:0.000343s ]
INFO: [ view_filter ] --END-- [ RunTime:0.000506s ]
INFO: [ app_end ] --START--
INFO: Run Behavior\ShowPageTraceBehavior [ RunTime:0.000581s ]
INFO: [ app_end ] --END-- [ RunTime:0.000748s ]
NOTIC: [8] Constant NOW_TIME already defined D:\file\file\index.php ç¬¬ 13 è¡Œ.
NOTIC: [8] Undefined variable: SERVER D:\file\file\index.php ç¬¬ 15 è¡Œ.

[ 2017-11-27T22:28:28+08:00 ] 127.0.0.1 /file/index.php/Home/Index/left.html
INFO: [ app_init ] --START--
INFO: Run Behavior\BuildLiteBehavior [ RunTime:0.000037s ]
INFO: [ app_init ] --END-- [ RunTime:0.000617s ]
INFO: [ app_begin ] --START--
INFO: Run Behavior\ReadHtmlCacheBehavior [ RunTime:0.000763s ]
INFO: [ app_begin ] --END-- [ RunTime:0.000960s ]
SQL: select * from file_admin where admin_id=2 [ RunTime:0.0005s ]
SQL: select * from file_role where role_id=1 [ RunTime:0.0003s ]
SQL: select * from file_auth where auth_level = 0 and auth_id in (1,3,4,5,6,7,12,13) [ RunTime:0.0004s ]
SQL: select * from file_auth where auth_level = 1 and auth_id in (1,3,4,5,6,7,12,13) [ RunTime:0.0004s ]
INFO: [ view_parse ] --START--
INFO: Run Behavior\ParseTemplateBehavior [ RunTime:0.012087s ]
INFO: [ view_parse ] --END-- [ RunTime:0.012275s ]
INFO: [ view_filter ] --START--
INFO: Run Behavior\WriteHtmlCacheBehavior [ RunTime:0.000453s ]
INFO: [ view_filter ] --END-- [ RunTime:0.000616s ]
INFO: [ app_end ] --START--
INFO: Run Behavior\ShowPageTraceBehavior [ RunTime:0.000700s ]
INFO: [ app_end ] --END-- [ RunTime:0.000869s ]
NOTIC: [8] Constant NOW_TIME already defined D:\file\file\index.php ç¬¬ 13 è¡Œ.
NOTIC: [8] Undefined variable: SERVER D:\file\file\index.php ç¬¬ 15 è¡Œ.

[ 2017-11-27T22:28:28+08:00 ] 127.0.0.1 /file/index.php/Home/Index/right.html
INFO: [ app_init ] --START--
INFO: Run Behavior\BuildLiteBehavior [ RunTime:0.000062s ]
INFO: [ app_init ] --END-- [ RunTime:0.000955s ]
INFO: [ app_begin ] --START--
INFO: Run Behavior\ReadHtmlCacheBehavior [ RunTime:0.001157s ]
INFO: [ app_begin ] --END-- [ RunTime:0.001464s ]
INFO: [ view_parse ] --START--
INFO: Run Behavior\ParseTemplateBehavior [ RunTime:0.011085s ]
INFO: [ view_parse ] --END-- [ RunTime:0.011333s ]
INFO: [ view_filter ] --START--
INFO: Run Behavior\WriteHtmlCacheBehavior [ RunTime:0.000451s ]
INFO: [ view_filter ] --END-- [ RunTime:0.000615s ]
INFO: [ app_end ] --START--
INFO: Run Behavior\ShowPageTraceBehavior [ RunTime:0.000690s ]
INFO: [ app_end ] --END-- [ RunTime:0.000856s ]
NOTIC: [8] Constant NOW_TIME already defined D:\file\file\index.php ç¬¬ 13 è¡Œ.
NOTIC: [8] Undefined variable: SERVER D:\file\file\index.php ç¬¬ 15 è¡Œ.

[ 2017-11-27T22:28:30+08:00 ] 127.0.0.1 /file/index.php/Home/File/manage
INFO: [ app_init ] --START--
INFO: Run Behavior\BuildLiteBehavior [ RunTime:0.000040s ]
INFO: [ app_init ] --END-- [ RunTime:0.000559s ]
INFO: [ app_begin ] --START--
INFO: Run Behavior\ReadHtmlCacheBehavior [ RunTime:0.000571s ]
INFO: [ app_begin ] --END-- [ RunTime:0.000754s ]
SQL: SHOW COLUMNS FROM `file_file` [ RunTime:0.0059s ]
SQL: SELECT COUNT(*) AS tp_count FROM `file_file` LIMIT 1   [ RunTime:0.0003s ]
SQL: SELECT * FROM `file_file` WHERE `file_user` = 'monkey' LIMIT 0,10   [ RunTime:0.0003s ]
INFO: [ view_parse ] --START--
INFO: Run Behavior\ParseTemplateBehavior [ RunTime:0.098222s ]
INFO: [ view_parse ] --END-- [ RunTime:0.098420s ]
INFO: [ view_filter ] --START--
INFO: Run Behavior\WriteHtmlCacheBehavior [ RunTime:0.000671s ]
INFO: [ view_filter ] --END-- [ RunTime:0.000837s ]
INFO: [ app_end ] --START--
INFO: Run Behavior\ShowPageTraceBehavior [ RunTime:0.000701s ]
INFO: [ app_end ] --END-- [ RunTime:0.000875s ]
NOTIC: [8] Constant NOW_TIME already defined D:\file\file\index.php ç¬¬ 13 è¡Œ.
NOTIC: [8] Undefined variable: SERVER D:\file\file\index.php ç¬¬ 15 è¡Œ.

[ 2017-11-27T22:29:25+08:00 ] 127.0.0.1 /file/index.php/Home/File/manage
INFO: [ app_init ] --START--
INFO: Run Behavior\BuildLiteBehavior [ RunTime:0.000038s ]
INFO: [ app_init ] --END-- [ RunTime:0.000605s ]
INFO: [ app_begin ] --START--
INFO: Run Behavior\ReadHtmlCacheBehavior [ RunTime:0.000708s ]
INFO: [ app_begin ] --END-- [ RunTime:0.000910s ]
SQL: SHOW COLUMNS FROM `file_file` [ RunTime:0.0151s ]
SQL: SELECT COUNT(*) AS tp_count FROM `file_file` LIMIT 1   [ RunTime:0.0003s ]
SQL: SELECT * FROM `file_file` WHERE `file_user` = 'monkey' LIMIT 0,10   [ RunTime:0.0003s ]
INFO: [ view_parse ] --START--
INFO: Run Behavior\ParseTemplateBehavior [ RunTime:0.101193s ]
INFO: [ view_parse ] --END-- [ RunTime:0.101404s ]
INFO: [ view_filter ] --START--
INFO: Run Behavior\WriteHtmlCacheBehavior [ RunTime:0.000633s ]
INFO: [ view_filter ] --END-- [ RunTime:0.000798s ]
INFO: [ app_end ] --START--
INFO: Run Behavior\ShowPageTraceBehavior [ RunTime:0.000679s ]
INFO: [ app_end ] --END-- [ RunTime:0.000845s ]
NOTIC: [8] Constant NOW_TIME already defined D:\file\file\index.php ç¬¬ 13 è¡Œ.
NOTIC: [8] Undefined variable: SERVER D:\file\file\index.php ç¬¬ 15 è¡Œ.

[ 2017-11-27T22:30:15+08:00 ] 127.0.0.1 /file/index.php/Home/Index/index.html
INFO: [ app_init ] --START--
INFO: Run Behavior\BuildLiteBehavior [ RunTime:0.000038s ]
INFO: [ app_init ] --END-- [ RunTime:0.000557s ]
INFO: [ app_begin ] --START--
INFO: Run Behavior\ReadHtmlCacheBehavior [ RunTime:0.000569s ]
INFO: [ app_begin ] --END-- [ RunTime:0.000744s ]
INFO: [ view_parse ] --START--
INFO: Run Behavior\ParseTemplateBehavior [ RunTime:0.011155s ]
INFO: [ view_parse ] --END-- [ RunTime:0.011437s ]
INFO: [ view_filter ] --START--
INFO: Run Behavior\WriteHtmlCacheBehavior [ RunTime:0.000397s ]
INFO: [ view_filter ] --END-- [ RunTime:0.000578s ]
INFO: [ app_end ] --START--
INFO: Run Behavior\ShowPageTraceBehavior [ RunTime:0.000900s ]
INFO: [ app_end ] --END-- [ RunTime:0.001182s ]
NOTIC: [8] Constant NOW_TIME already defined D:\file\file\index.php ç¬¬ 13 è¡Œ.
NOTIC: [8] Undefined variable: SERVER D:\file\file\index.php ç¬¬ 15 è¡Œ.

[ 2017-11-27T22:30:15+08:00 ] 127.0.0.1 /file/index.php/Home/Index/head.html
INFO: [ app_init ] --START--
INFO: Run Behavior\BuildLiteBehavior [ RunTime:0.000073s ]
INFO: [ app_init ] --END-- [ RunTime:0.000937s ]
INFO: [ app_begin ] --START--
INFO: Run Behavior\ReadHtmlCacheBehavior [ RunTime:0.000929s ]
INFO: [ app_begin ] --END-- [ RunTime:0.001276s ]
INFO: [ view_parse ] --START--
INFO: Run Behavior\ParseTemplateBehavior [ RunTime:0.013710s ]
INFO: [ view_parse ] --END-- [ RunTime:0.014030s ]
INFO: [ view_filter ] --START--
INFO: Run Behavior\WriteHtmlCacheBehavior [ RunTime:0.000499s ]
INFO: [ view_filter ] --END-- [ RunTime:0.000782s ]
INFO: [ app_end ] --START--
INFO: Run Behavior\ShowPageTraceBehavior [ RunTime:0.000723s ]
INFO: [ app_end ] --END-- [ RunTime:0.000984s ]
NOTIC: [8] Constant NOW_TIME already defined D:\file\file\index.php ç¬¬ 13 è¡Œ.
NOTIC: [8] Undefined variable: SERVER D:\file\file\index.php ç¬¬ 15 è¡Œ.

[ 2017-11-27T22:30:15+08:00 ] 127.0.0.1 /file/index.php/Home/Index/right.html
INFO: [ app_init ] --START--
INFO: Run Behavior\BuildLiteBehavior [ RunTime:0.000063s ]
INFO: [ app_init ] --END-- [ RunTime:0.000868s ]
INFO: [ app_begin ] --START--
INFO: Run Behavior\ReadHtmlCacheBehavior [ RunTime:0.000885s ]
INFO: [ app_begin ] --END-- [ RunTime:0.001128s ]
INFO: [ view_parse ] --START--
INFO: Run Behavior\ParseTemplateBehavior [ RunTime:0.010637s ]
INFO: [ view_parse ] --END-- [ RunTime:0.010891s ]
INFO: [ view_filter ] --START--
INFO: Run Behavior\WriteHtmlCacheBehavior [ RunTime:0.000324s ]
INFO: [ view_filter ] --END-- [ RunTime:0.000485s ]
INFO: [ app_end ] --START--
INFO: Run Behavior\ShowPageTraceBehavior [ RunTime:0.000574s ]
INFO: [ app_end ] --END-- [ RunTime:0.000740s ]
NOTIC: [8] Constant NOW_TIME already defined D:\file\file\index.php ç¬¬ 13 è¡Œ.
NOTIC: [8] Undefined variable: SERVER D:\file\file\index.php ç¬¬ 15 è¡Œ.

[ 2017-11-27T22:30:15+08:00 ] 127.0.0.1 /file/index.php/Home/Index/left.html
INFO: [ app_init ] --START--
INFO: Run Behavior\BuildLiteBehavior [ RunTime:0.000061s ]
INFO: [ app_init ] --END-- [ RunTime:0.000993s ]
INFO: [ app_begin ] --START--
INFO: Run Behavior\ReadHtmlCacheBehavior [ RunTime:0.001090s ]
INFO: [ app_begin ] --END-- [ RunTime:0.001435s ]
SQL: select * from file_admin where admin_id=2 [ RunTime:0.0004s ]
SQL: select * from file_role where role_id=1 [ RunTime:0.0003s ]
SQL: select * from file_auth where auth_level = 0 and auth_id in (1,3,4,5,6,7,12,13) [ RunTime:0.0004s ]
SQL: select * from file_auth where auth_level = 1 and auth_id in (1,3,4,5,6,7,12,13) [ RunTime:0.0004s ]
INFO: [ view_parse ] --START--
INFO: Run Behavior\ParseTemplateBehavior [ RunTime:0.013526s ]
INFO: [ view_parse ] --END-- [ RunTime:0.013808s ]
INFO: [ view_filter ] --START--
INFO: Run Behavior\WriteHtmlCacheBehavior [ RunTime:0.000583s ]
INFO: [ view_filter ] --END-- [ RunTime:0.000878s ]
INFO: [ app_end ] --START--
INFO: Run Behavior\ShowPageTraceBehavior [ RunTime:0.000981s ]
INFO: [ app_end ] --END-- [ RunTime:0.001234s ]
NOTIC: [8] Constant NOW_TIME already defined D:\file\file\index.php ç¬¬ 13 è¡Œ.
NOTIC: [8] Undefined variable: SERVER D:\file\file\index.php ç¬¬ 15 è¡Œ.

[ 2017-11-27T22:30:16+08:00 ] 127.0.0.1 /file/index.php/Home/File/manage
INFO: [ app_init ] --START--
INFO: Run Behavior\BuildLiteBehavior [ RunTime:0.000040s ]
INFO: [ app_init ] --END-- [ RunTime:0.000578s ]
INFO: [ app_begin ] --START--
INFO: Run Behavior\ReadHtmlCacheBehavior [ RunTime:0.000572s ]
INFO: [ app_begin ] --END-- [ RunTime:0.000778s ]
SQL: SHOW COLUMNS FROM `file_file` [ RunTime:0.1270s ]
SQL: SELECT COUNT(*) AS tp_count FROM `file_file` LIMIT 1   [ RunTime:0.0007s ]
SQL: SELECT * FROM `file_file` WHERE `file_user` = 'monkey' LIMIT 0,10   [ RunTime:0.0008s ]
INFO: [ view_parse ] --START--
INFO: Run Behavior\ParseTemplateBehavior [ RunTime:0.124391s ]
INFO: [ view_parse ] --END-- [ RunTime:0.124712s ]
INFO: [ view_filter ] --START--
INFO: Run Behavior\WriteHtmlCacheBehavior [ RunTime:0.000690s ]
INFO: [ view_filter ] --END-- [ RunTime:0.000887s ]
INFO: [ app_end ] --START--
INFO: Run Behavior\ShowPageTraceBehavior [ RunTime:0.000765s ]
INFO: [ app_end ] --END-- [ RunTime:0.000991s ]
NOTIC: [8] Constant NOW_TIME already defined D:\file\file\index.php ç¬¬ 13 è¡Œ.
NOTIC: [8] Undefined variable: SERVER D:\file\file\index.php ç¬¬ 15 è¡Œ.

[ 2017-11-27T22:33:21+08:00 ] 127.0.0.1 /file/index.php/Home/Index/index.html
INFO: [ app_init ] --START--
INFO: Run Behavior\BuildLiteBehavior [ RunTime:0.000037s ]
INFO: [ app_init ] --END-- [ RunTime:0.000614s ]
INFO: [ app_begin ] --START--
INFO: Run Behavior\ReadHtmlCacheBehavior [ RunTime:0.000769s ]
INFO: [ app_begin ] --END-- [ RunTime:0.000963s ]
INFO: [ view_parse ] --START--
INFO: Run Behavior\ParseTemplateBehavior [ RunTime:0.012486s ]
INFO: [ view_parse ] --END-- [ RunTime:0.012756s ]
INFO: [ view_filter ] --START--
INFO: Run Behavior\WriteHtmlCacheBehavior [ RunTime:0.000707s ]
INFO: [ view_filter ] --END-- [ RunTime:0.000997s ]
INFO: [ app_end ] --START--
INFO: Run Behavior\ShowPageTraceBehavior [ RunTime:0.000829s ]
INFO: [ app_end ] --END-- [ RunTime:0.000999s ]
NOTIC: [8] Constant NOW_TIME already defined D:\file\file\index.php ç¬¬ 13 è¡Œ.
NOTIC: [8] Undefined variable: SERVER D:\file\file\index.php ç¬¬ 15 è¡Œ.

[ 2017-11-27T22:33:21+08:00 ] 127.0.0.1 /file/index.php/Home/Index/head.html
INFO: [ app_init ] --START--
INFO: Run Behavior\BuildLiteBehavior [ RunTime:0.000068s ]
INFO: [ app_init ] --END-- [ RunTime:0.000901s ]
INFO: [ app_begin ] --START--
INFO: Run Behavior\ReadHtmlCacheBehavior [ RunTime:0.000860s ]
INFO: [ app_begin ] --END-- [ RunTime:0.001206s ]
INFO: [ view_parse ] --START--
INFO: Run Behavior\ParseTemplateBehavior [ RunTime:0.012956s ]
INFO: [ view_parse ] --END-- [ RunTime:0.013271s ]
INFO: [ view_filter ] --START--
INFO: Run Behavior\WriteHtmlCacheBehavior [ RunTime:0.000359s ]
INFO: [ view_filter ] --END-- [ RunTime:0.000522s ]
INFO: [ app_end ] --START--
INFO: Run Behavior\ShowPageTraceBehavior [ RunTime:0.000627s ]
INFO: [ app_end ] --END-- [ RunTime:0.000799s ]
NOTIC: [8] Constant NOW_TIME already defined D:\file\file\index.php ç¬¬ 13 è¡Œ.
NOTIC: [8] Undefined variable: SERVER D:\file\file\index.php ç¬¬ 15 è¡Œ.

[ 2017-11-27T22:33:21+08:00 ] 127.0.0.1 /file/index.php/Home/Index/left.html
INFO: [ app_init ] --START--
INFO: Run Behavior\BuildLiteBehavior [ RunTime:0.000060s ]
INFO: [ app_init ] --END-- [ RunTime:0.000898s ]
INFO: [ app_begin ] --START--
INFO: Run Behavior\ReadHtmlCacheBehavior [ RunTime:0.001196s ]
INFO: [ app_begin ] --END-- [ RunTime:0.001531s ]
SQL: select * from file_admin where admin_id=2 [ RunTime:0.0004s ]
SQL: select * from file_role where role_id=1 [ RunTime:0.0003s ]
SQL: select * from file_auth where auth_level = 0 and auth_id in (1,3,4,5,6,7,12,13) [ RunTime:0.0005s ]
SQL: select * from file_auth where auth_level = 1 and auth_id in (1,3,4,5,6,7,12,13) [ RunTime:0.0004s ]
INFO: [ view_parse ] --START--
INFO: Run Behavior\ParseTemplateBehavior [ RunTime:0.010745s ]
INFO: [ view_parse ] --END-- [ RunTime:0.010938s ]
INFO: [ view_filter ] --START--
INFO: Run Behavior\WriteHtmlCacheBehavior [ RunTime:0.000495s ]
INFO: [ view_filter ] --END-- [ RunTime:0.000660s ]
INFO: [ app_end ] --START--
INFO: Run Behavior\ShowPageTraceBehavior [ RunTime:0.000710s ]
INFO: [ app_end ] --END-- [ RunTime:0.000881s ]
NOTIC: [8] Constant NOW_TIME already defined D:\file\file\index.php ç¬¬ 13 è¡Œ.
NOTIC: [8] Undefined variable: SERVER D:\file\file\index.php ç¬¬ 15 è¡Œ.

[ 2017-11-27T22:33:21+08:00 ] 127.0.0.1 /file/index.php/Home/Index/right.html
INFO: [ app_init ] --START--
INFO: Run Behavior\BuildLiteBehavior [ RunTime:0.000070s ]
INFO: [ app_init ] --END-- [ RunTime:0.000894s ]
INFO: [ app_begin ] --START--
INFO: Run Behavior\ReadHtmlCacheBehavior [ RunTime:0.000754s ]
INFO: [ app_begin ] --END-- [ RunTime:0.000957s ]
INFO: [ view_parse ] --START--
INFO: Run Behavior\ParseTemplateBehavior [ RunTime:0.013899s ]
INFO: [ view_parse ] --END-- [ RunTime:0.014314s ]
INFO: [ view_filter ] --START--
INFO: Run Behavior\WriteHtmlCacheBehavior [ RunTime:0.000585s ]
INFO: [ view_filter ] --END-- [ RunTime:0.000786s ]
INFO: [ app_end ] --START--
INFO: Run Behavior\ShowPageTraceBehavior [ RunTime:0.000780s ]
INFO: [ app_end ] --END-- [ RunTime:0.000958s ]
NOTIC: [8] Constant NOW_TIME already defined D:\file\file\index.php ç¬¬ 13 è¡Œ.
NOTIC: [8] Undefined variable: SERVER D:\file\file\index.php ç¬¬ 15 è¡Œ.

[ 2017-11-27T22:33:24+08:00 ] 127.0.0.1 /file/index.php/Home/File/manage
INFO: [ app_init ] --START--
INFO: Run Behavior\BuildLiteBehavior [ RunTime:0.000040s ]
INFO: [ app_init ] --END-- [ RunTime:0.000596s ]
INFO: [ app_begin ] --START--
INFO: Run Behavior\ReadHtmlCacheBehavior [ RunTime:0.000632s ]
INFO: [ app_begin ] --END-- [ RunTime:0.000830s ]
SQL: SHOW COLUMNS FROM `file_file` [ RunTime:0.0061s ]
SQL: SELECT COUNT(*) AS tp_count FROM `file_file` LIMIT 1   [ RunTime:0.0003s ]
SQL: SELECT * FROM `file_file` WHERE `file_user` = 'monkey' LIMIT 0,10   [ RunTime:0.0004s ]
INFO: [ view_parse ] --START--
NOTIC: [8] Undefined index: vo D:\file\file\Runtime\Cache\d92262506e7c8376a9115ae105e8dee7adfc62ad.file.manage.html.php ç¬¬ 108 è¡Œ.
NOTIC: [8] Trying to get property of non-object D:\file\file\Runtime\Cache\d92262506e7c8376a9115ae105e8dee7adfc62ad.file.manage.html.php ç¬¬ 108 è¡Œ.
INFO: Run Behavior\ParseTemplateBehavior [ RunTime:0.101665s ]
INFO: [ view_parse ] --END-- [ RunTime:0.101860s ]
INFO: [ view_filter ] --START--
INFO: Run Behavior\WriteHtmlCacheBehavior [ RunTime:0.000639s ]
INFO: [ view_filter ] --END-- [ RunTime:0.000803s ]
INFO: [ app_end ] --START--
INFO: Run Behavior\ShowPageTraceBehavior [ RunTime:0.000685s ]
INFO: [ app_end ] --END-- [ RunTime:0.000851s ]
NOTIC: [8] Constant NOW_TIME already defined D:\file\file\index.php ç¬¬ 13 è¡Œ.
NOTIC: [8] Undefined variable: SERVER D:\file\file\index.php ç¬¬ 15 è¡Œ.

[ 2017-11-27T22:38:35+08:00 ] 127.0.0.1 /file/index.php/Home/Index/index.html
INFO: [ app_init ] --START--
INFO: Run Behavior\BuildLiteBehavior [ RunTime:0.000071s ]
INFO: [ app_init ] --END-- [ RunTime:0.000773s ]
INFO: [ app_begin ] --START--
INFO: Run Behavior\ReadHtmlCacheBehavior [ RunTime:0.001285s ]
INFO: [ app_begin ] --END-- [ RunTime:0.001660s ]
INFO: [ view_parse ] --START--
INFO: Run Behavior\ParseTemplateBehavior [ RunTime:0.011025s ]
INFO: [ view_parse ] --END-- [ RunTime:0.011239s ]
INFO: [ view_filter ] --START--
INFO: Run Behavior\WriteHtmlCacheBehavior [ RunTime:0.000457s ]
INFO: [ view_filter ] --END-- [ RunTime:0.000627s ]
INFO: [ app_end ] --START--
INFO: Run Behavior\ShowPageTraceBehavior [ RunTime:0.001068s ]
INFO: [ app_end ] --END-- [ RunTime:0.001354s ]
NOTIC: [8] Constant NOW_TIME already defined D:\file\file\index.php ç¬¬ 13 è¡Œ.
NOTIC: [8] Undefined variable: SERVER D:\file\file\index.php ç¬¬ 15 è¡Œ.

[ 2017-11-27T22:38:35+08:00 ] 127.0.0.1 /file/index.php/Home/Index/head.html
INFO: [ app_init ] --START--
INFO: Run Behavior\BuildLiteBehavior [ RunTime:0.000039s ]
INFO: [ app_init ] --END-- [ RunTime:0.000558s ]
INFO: [ app_begin ] --START--
INFO: Run Behavior\ReadHtmlCacheBehavior [ RunTime:0.000613s ]
INFO: [ app_begin ] --END-- [ RunTime:0.000819s ]
INFO: [ view_parse ] --START--
INFO: Run Behavior\ParseTemplateBehavior [ RunTime:0.009488s ]
INFO: [ view_parse ] --END-- [ RunTime:0.009679s ]
INFO: [ view_filter ] --START--
INFO: Run Behavior\WriteHtmlCacheBehavior [ RunTime:0.000326s ]
INFO: [ view_filter ] --END-- [ RunTime:0.000494s ]
INFO: [ app_end ] --START--
INFO: Run Behavior\ShowPageTraceBehavior [ RunTime:0.000575s ]
INFO: [ app_end ] --END-- [ RunTime:0.000740s ]
NOTIC: [8] Constant NOW_TIME already defined D:\file\file\index.php ç¬¬ 13 è¡Œ.
NOTIC: [8] Undefined variable: SERVER D:\file\file\index.php ç¬¬ 15 è¡Œ.

[ 2017-11-27T22:38:35+08:00 ] 127.0.0.1 /file/index.php/Home/Index/left.html
INFO: [ app_init ] --START--
INFO: Run Behavior\BuildLiteBehavior [ RunTime:0.000039s ]
INFO: [ app_init ] --END-- [ RunTime:0.000647s ]
INFO: [ app_begin ] --START--
INFO: Run Behavior\ReadHtmlCacheBehavior [ RunTime:0.000772s ]
INFO: [ app_begin ] --END-- [ RunTime:0.000961s ]
SQL: select * from file_admin where admin_id=2 [ RunTime:0.0005s ]
SQL: select * from file_role where role_id=1 [ RunTime:0.0003s ]
SQL: select * from file_auth where auth_level = 0 and auth_id in (1,3,4,5,6,7,12,13) [ RunTime:0.0004s ]
SQL: select * from file_auth where auth_level = 1 and auth_id in (1,3,4,5,6,7,12,13) [ RunTime:0.0004s ]
INFO: [ view_parse ] --START--
INFO: Run Behavior\ParseTemplateBehavior [ RunTime:0.012615s ]
INFO: [ view_parse ] --END-- [ RunTime:0.012807s ]
INFO: [ view_filter ] --START--
INFO: Run Behavior\WriteHtmlCacheBehavior [ RunTime:0.000455s ]
INFO: [ view_filter ] --END-- [ RunTime:0.000620s ]
INFO: [ app_end ] --START--
INFO: Run Behavior\ShowPageTraceBehavior [ RunTime:0.000695s ]
INFO: [ app_end ] --END-- [ RunTime:0.000866s ]
NOTIC: [8] Constant NOW_TIME already defined D:\file\file\index.php ç¬¬ 13 è¡Œ.
NOTIC: [8] Undefined variable: SERVER D:\file\file\index.php ç¬¬ 15 è¡Œ.

[ 2017-11-27T22:38:35+08:00 ] 127.0.0.1 /file/index.php/Home/Index/right.html
INFO: [ app_init ] --START--
INFO: Run Behavior\BuildLiteBehavior [ RunTime:0.000037s ]
INFO: [ app_init ] --END-- [ RunTime:0.000638s ]
INFO: [ app_begin ] --START--
INFO: Run Behavior\ReadHtmlCacheBehavior [ RunTime:0.000756s ]
INFO: [ app_begin ] --END-- [ RunTime:0.000957s ]
INFO: [ view_parse ] --START--
INFO: Run Behavior\ParseTemplateBehavior [ RunTime:0.011262s ]
INFO: [ view_parse ] --END-- [ RunTime:0.011506s ]
INFO: [ view_filter ] --START--
INFO: Run Behavior\WriteHtmlCacheBehavior [ RunTime:0.000667s ]
INFO: [ view_filter ] --END-- [ RunTime:0.000937s ]
INFO: [ app_end ] --START--
INFO: Run Behavior\ShowPageTraceBehavior [ RunTime:0.000984s ]
INFO: [ app_end ] --END-- [ RunTime:0.001200s ]
NOTIC: [8] Constant NOW_TIME already defined D:\file\file\index.php ç¬¬ 13 è¡Œ.
NOTIC: [8] Undefined variable: SERVER D:\file\file\index.php ç¬¬ 15 è¡Œ.

[ 2017-11-27T22:38:36+08:00 ] 127.0.0.1 /file/index.php/Home/File/manage
INFO: [ app_init ] --START--
INFO: Run Behavior\BuildLiteBehavior [ RunTime:0.000041s ]
INFO: [ app_init ] --END-- [ RunTime:0.000612s ]
INFO: [ app_begin ] --START--
INFO: Run Behavior\ReadHtmlCacheBehavior [ RunTime:0.000579s ]
INFO: [ app_begin ] --END-- [ RunTime:0.000768s ]
SQL: SHOW COLUMNS FROM `file_file` [ RunTime:0.0044s ]
SQL: SELECT COUNT(*) AS tp_count FROM `file_file` LIMIT 1   [ RunTime:0.0003s ]
SQL: SELECT * FROM `file_file` WHERE `file_user` = 'monkey' LIMIT 0,10   [ RunTime:0.0003s ]
INFO: [ view_parse ] --START--
NOTIC: [8] Undefined index: vo D:\file\file\Runtime\Cache\d92262506e7c8376a9115ae105e8dee7adfc62ad.file.manage.html.php ç¬¬ 108 è¡Œ.
NOTIC: [8] Trying to get property of non-object D:\file\file\Runtime\Cache\d92262506e7c8376a9115ae105e8dee7adfc62ad.file.manage.html.php ç¬¬ 108 è¡Œ.
INFO: Run Behavior\ParseTemplateBehavior [ RunTime:0.102928s ]
INFO: [ view_parse ] --END-- [ RunTime:0.103113s ]
INFO: [ view_filter ] --START--
INFO: Run Behavior\WriteHtmlCacheBehavior [ RunTime:0.000632s ]
INFO: [ view_filter ] --END-- [ RunTime:0.000796s ]
INFO: [ app_end ] --START--
INFO: Run Behavior\ShowPageTraceBehavior [ RunTime:0.000680s ]
INFO: [ app_end ] --END-- [ RunTime:0.000845s ]
NOTIC: [8] Constant NOW_TIME already defined D:\file\file\index.php ç¬¬ 13 è¡Œ.
NOTIC: [8] Undefined variable: SERVER D:\file\file\index.php ç¬¬ 15 è¡Œ.

[ 2017-11-27T22:40:02+08:00 ] 127.0.0.1 /file/index.php/Home/Index/index.html
INFO: [ app_init ] --START--
INFO: Run Behavior\BuildLiteBehavior [ RunTime:0.000039s ]
INFO: [ app_init ] --END-- [ RunTime:0.000627s ]
INFO: [ app_begin ] --START--
INFO: Run Behavior\ReadHtmlCacheBehavior [ RunTime:0.000713s ]
INFO: [ app_begin ] --END-- [ RunTime:0.000895s ]
INFO: [ view_parse ] --START--
INFO: Run Behavior\ParseTemplateBehavior [ RunTime:0.013366s ]
INFO: [ view_parse ] --END-- [ RunTime:0.013552s ]
INFO: [ view_filter ] --START--
INFO: Run Behavior\WriteHtmlCacheBehavior [ RunTime:0.000337s ]
INFO: [ view_filter ] --END-- [ RunTime:0.000498s ]
INFO: [ app_end ] --START--
INFO: Run Behavior\ShowPageTraceBehavior [ RunTime:0.000579s ]
INFO: [ app_end ] --END-- [ RunTime:0.000746s ]
NOTIC: [8] Constant NOW_TIME already defined D:\file\file\index.php ç¬¬ 13 è¡Œ.
NOTIC: [8] Undefined variable: SERVER D:\file\file\index.php ç¬¬ 15 è¡Œ.

[ 2017-11-27T22:40:02+08:00 ] 127.0.0.1 /file/index.php/Home/Index/head.html
INFO: [ app_init ] --START--
INFO: Run Behavior\BuildLiteBehavior [ RunTime:0.000067s ]
INFO: [ app_init ] --END-- [ RunTime:0.000895s ]
INFO: [ app_begin ] --START--
INFO: Run Behavior\ReadHtmlCacheBehavior [ RunTime:0.000843s ]
INFO: [ app_begin ] --END-- [ RunTime:0.001112s ]
INFO: [ view_parse ] --START--
INFO: Run Behavior\ParseTemplateBehavior [ RunTime:0.012490s ]
INFO: [ view_parse ] --END-- [ RunTime:0.012810s ]
INFO: [ view_filter ] --START--
INFO: Run Behavior\WriteHtmlCacheBehavior [ RunTime:0.000525s ]
INFO: [ view_filter ] --END-- [ RunTime:0.000803s ]
INFO: [ app_end ] --START--
INFO: Run Behavior\ShowPageTraceBehavior [ RunTime:0.000943s ]
INFO: [ app_end ] --END-- [ RunTime:0.001237s ]
NOTIC: [8] Constant NOW_TIME already defined D:\file\file\index.php ç¬¬ 13 è¡Œ.
NOTIC: [8] Undefined variable: SERVER D:\file\file\index.php ç¬¬ 15 è¡Œ.

[ 2017-11-27T22:40:02+08:00 ] 127.0.0.1 /file/index.php/Home/Index/left.html
INFO: [ app_init ] --START--
INFO: Run Behavior\BuildLiteBehavior [ RunTime:0.000045s ]
INFO: [ app_init ] --END-- [ RunTime:0.000598s ]
INFO: [ app_begin ] --START--
INFO: Run Behavior\ReadHtmlCacheBehavior [ RunTime:0.000904s ]
INFO: [ app_begin ] --END-- [ RunTime:0.001221s ]
SQL: select * from file_admin where admin_id=2 [ RunTime:0.0004s ]
SQL: select * from file_role where role_id=1 [ RunTime:0.0003s ]
SQL: select * from file_auth where auth_level = 0 and auth_id in (1,3,4,5,6,7,12,13) [ RunTime:0.0004s ]
SQL: select * from file_auth where auth_level = 1 and auth_id in (1,3,4,5,6,7,12,13) [ RunTime:0.0003s ]
INFO: [ view_parse ] --START--
INFO: Run Behavior\ParseTemplateBehavior [ RunTime:0.009514s ]
INFO: [ view_parse ] --END-- [ RunTime:0.009698s ]
INFO: [ view_filter ] --START--
INFO: Run Behavior\WriteHtmlCacheBehavior [ RunTime:0.000320s ]
INFO: [ view_filter ] --END-- [ RunTime:0.000482s ]
INFO: [ app_end ] --START--
INFO: Run Behavior\ShowPageTraceBehavior [ RunTime:0.000572s ]
INFO: [ app_end ] --END-- [ RunTime:0.000743s ]
NOTIC: [8] Constant NOW_TIME already defined D:\file\file\index.php ç¬¬ 13 è¡Œ.
NOTIC: [8] Undefined variable: SERVER D:\file\file\index.php ç¬¬ 15 è¡Œ.

[ 2017-11-27T22:40:02+08:00 ] 127.0.0.1 /file/index.php/Home/Index/right.html
INFO: [ app_init ] --START--
INFO: Run Behavior\BuildLiteBehavior [ RunTime:0.000063s ]
INFO: [ app_init ] --END-- [ RunTime:0.000846s ]
INFO: [ app_begin ] --START--
INFO: Run Behavior\ReadHtmlCacheBehavior [ RunTime:0.000884s ]
INFO: [ app_begin ] --END-- [ RunTime:0.001202s ]
INFO: [ view_parse ] --START--
INFO: Run Behavior\ParseTemplateBehavior [ RunTime:0.009140s ]
INFO: [ view_parse ] --END-- [ RunTime:0.009328s ]
INFO: [ view_filter ] --START--
INFO: Run Behavior\WriteHtmlCacheBehavior [ RunTime:0.000324s ]
INFO: [ view_filter ] --END-- [ RunTime:0.000487s ]
INFO: [ app_end ] --START--
INFO: Run Behavior\ShowPageTraceBehavior [ RunTime:0.000563s ]
INFO: [ app_end ] --END-- [ RunTime:0.000728s ]
NOTIC: [8] Constant NOW_TIME already defined D:\file\file\index.php ç¬¬ 13 è¡Œ.
NOTIC: [8] Undefined variable: SERVER D:\file\file\index.php ç¬¬ 15 è¡Œ.

[ 2017-11-27T22:40:03+08:00 ] 127.0.0.1 /file/index.php/Home/File/manage
INFO: [ app_init ] --START--
INFO: Run Behavior\BuildLiteBehavior [ RunTime:0.000041s ]
INFO: [ app_init ] --END-- [ RunTime:0.000569s ]
INFO: [ app_begin ] --START--
INFO: Run Behavior\ReadHtmlCacheBehavior [ RunTime:0.000579s ]
INFO: [ app_begin ] --END-- [ RunTime:0.000794s ]
SQL: SHOW COLUMNS FROM `file_file` [ RunTime:0.0267s ]
SQL: SELECT COUNT(*) AS tp_count FROM `file_file` LIMIT 1   [ RunTime:0.0003s ]
SQL: SELECT * FROM `file_file` WHERE `file_user` = 'monkey' LIMIT 0,10   [ RunTime:0.0003s ]
INFO: [ view_parse ] --START--
NOTIC: [8] Undefined index: vo D:\file\file\Runtime\Cache\d92262506e7c8376a9115ae105e8dee7adfc62ad.file.manage.html.php ç¬¬ 110 è¡Œ.
NOTIC: [8] Trying to get property of non-object D:\file\file\Runtime\Cache\d92262506e7c8376a9115ae105e8dee7adfc62ad.file.manage.html.php ç¬¬ 110 è¡Œ.
INFO: Run Behavior\ParseTemplateBehavior [ RunTime:0.104726s ]
INFO: [ view_parse ] --END-- [ RunTime:0.104919s ]
INFO: [ view_filter ] --START--
INFO: Run Behavior\WriteHtmlCacheBehavior [ RunTime:0.000650s ]
INFO: [ view_filter ] --END-- [ RunTime:0.000816s ]
INFO: [ app_end ] --START--
INFO: Run Behavior\ShowPageTraceBehavior [ RunTime:0.000701s ]
INFO: [ app_end ] --END-- [ RunTime:0.000868s ]
NOTIC: [8] Constant NOW_TIME already defined D:\file\file\index.php ç¬¬ 13 è¡Œ.
NOTIC: [8] Undefined variable: SERVER D:\file\file\index.php ç¬¬ 15 è¡Œ.

[ 2017-11-27T22:41:16+08:00 ] 127.0.0.1 /file/index.php/Home/Index/index.html
INFO: [ app_init ] --START--
INFO: Run Behavior\BuildLiteBehavior [ RunTime:0.000039s ]
INFO: [ app_init ] --END-- [ RunTime:0.000788s ]
INFO: [ app_begin ] --START--
INFO: Run Behavior\ReadHtmlCacheBehavior [ RunTime:0.000732s ]
INFO: [ app_begin ] --END-- [ RunTime:0.000937s ]
INFO: [ view_parse ] --START--
INFO: Run Behavior\ParseTemplateBehavior [ RunTime:0.011333s ]
INFO: [ view_parse ] --END-- [ RunTime:0.011524s ]
INFO: [ view_filter ] --START--
INFO: Run Behavior\WriteHtmlCacheBehavior [ RunTime:0.000332s ]
INFO: [ view_filter ] --END-- [ RunTime:0.000493s ]
INFO: [ app_end ] --START--
INFO: Run Behavior\ShowPageTraceBehavior [ RunTime:0.000590s ]
INFO: [ app_end ] --END-- [ RunTime:0.000755s ]
NOTIC: [8] Constant NOW_TIME already defined D:\file\file\index.php ç¬¬ 13 è¡Œ.
NOTIC: [8] Undefined variable: SERVER D:\file\file\index.php ç¬¬ 15 è¡Œ.

[ 2017-11-27T22:41:16+08:00 ] 127.0.0.1 /file/index.php/Home/Index/head.html
INFO: [ app_init ] --START--
INFO: Run Behavior\BuildLiteBehavior [ RunTime:0.000064s ]
INFO: [ app_init ] --END-- [ RunTime:0.000910s ]
INFO: [ app_begin ] --START--
INFO: Run Behavior\ReadHtmlCacheBehavior [ RunTime:0.000913s ]
INFO: [ app_begin ] --END-- [ RunTime:0.001281s ]
INFO: [ view_parse ] --START--
INFO: Run Behavior\ParseTemplateBehavior [ RunTime:0.012549s ]
INFO: [ view_parse ] --END-- [ RunTime:0.012750s ]
INFO: [ view_filter ] --START--
INFO: Run Behavior\WriteHtmlCacheBehavior [ RunTime:0.000473s ]
INFO: [ view_filter ] --END-- [ RunTime:0.000711s ]
INFO: [ app_end ] --START--
INFO: Run Behavior\ShowPageTraceBehavior [ RunTime:0.000958s ]
INFO: [ app_end ] --END-- [ RunTime:0.001261s ]
NOTIC: [8] Constant NOW_TIME already defined D:\file\file\index.php ç¬¬ 13 è¡Œ.
NOTIC: [8] Undefined variable: SERVER D:\file\file\index.php ç¬¬ 15 è¡Œ.

[ 2017-11-27T22:41:16+08:00 ] 127.0.0.1 /file/index.php/Home/Index/left.html
INFO: [ app_init ] --START--
INFO: Run Behavior\BuildLiteBehavior [ RunTime:0.000064s ]
INFO: [ app_init ] --END-- [ RunTime:0.000970s ]
INFO: [ app_begin ] --START--
INFO: Run Behavior\ReadHtmlCacheBehavior [ RunTime:0.000588s ]
INFO: [ app_begin ] --END-- [ RunTime:0.000780s ]
SQL: select * from file_admin where admin_id=2 [ RunTime:0.0004s ]
SQL: select * from file_role where role_id=1 [ RunTime:0.0003s ]
SQL: select * from file_auth where auth_level = 0 and auth_id in (1,3,4,5,6,7,12,13) [ RunTime:0.0004s ]
SQL: select * from file_auth where auth_level = 1 and auth_id in (1,3,4,5,6,7,12,13) [ RunTime:0.0004s ]
INFO: [ view_parse ] --START--
INFO: Run Behavior\ParseTemplateBehavior [ RunTime:0.009570s ]
INFO: [ view_parse ] --END-- [ RunTime:0.009756s ]
INFO: [ view_filter ] --START--
INFO: Run Behavior\WriteHtmlCacheBehavior [ RunTime:0.000551s ]
INFO: [ view_filter ] --END-- [ RunTime:0.000714s ]
INFO: [ app_end ] --START--
INFO: Run Behavior\ShowPageTraceBehavior [ RunTime:0.000693s ]
INFO: [ app_end ] --END-- [ RunTime:0.000863s ]
NOTIC: [8] Constant NOW_TIME already defined D:\file\file\index.php ç¬¬ 13 è¡Œ.
NOTIC: [8] Undefined variable: SERVER D:\file\file\index.php ç¬¬ 15 è¡Œ.

[ 2017-11-27T22:41:16+08:00 ] 127.0.0.1 /file/index.php/Home/Index/right.html
INFO: [ app_init ] --START--
INFO: Run Behavior\BuildLiteBehavior [ RunTime:0.000046s ]
INFO: [ app_init ] --END-- [ RunTime:0.000710s ]
INFO: [ app_begin ] --START--
INFO: Run Behavior\ReadHtmlCacheBehavior [ RunTime:0.000798s ]
INFO: [ app_begin ] --END-- [ RunTime:0.001009s ]
INFO: [ view_parse ] --START--
INFO: Run Behavior\ParseTemplateBehavior [ RunTime:0.015070s ]
INFO: [ view_parse ] --END-- [ RunTime:0.015267s ]
INFO: [ view_filter ] --START--
INFO: Run Behavior\WriteHtmlCacheBehavior [ RunTime:0.000468s ]
INFO: [ view_filter ] --END-- [ RunTime:0.000631s ]
INFO: [ app_end ] --START--
INFO: Run Behavior\ShowPageTraceBehavior [ RunTime:0.000715s ]
INFO: [ app_end ] --END-- [ RunTime:0.000883s ]
NOTIC: [8] Constant NOW_TIME already defined D:\file\file\index.php ç¬¬ 13 è¡Œ.
NOTIC: [8] Undefined variable: SERVER D:\file\file\index.php ç¬¬ 15 è¡Œ.

[ 2017-11-27T22:41:17+08:00 ] 127.0.0.1 /file/index.php/Home/File/manage
INFO: [ app_init ] --START--
INFO: Run Behavior\BuildLiteBehavior [ RunTime:0.000037s ]
INFO: [ app_init ] --END-- [ RunTime:0.000569s ]
INFO: [ app_begin ] --START--
INFO: Run Behavior\ReadHtmlCacheBehavior [ RunTime:0.000573s ]
INFO: [ app_begin ] --END-- [ RunTime:0.000787s ]
SQL: SHOW COLUMNS FROM `file_file` [ RunTime:0.0453s ]
SQL: SELECT COUNT(*) AS tp_count FROM `file_file` LIMIT 1   [ RunTime:0.0003s ]
SQL: SELECT * FROM `file_file` WHERE `file_user` = 'monkey' LIMIT 0,10   [ RunTime:0.0007s ]
INFO: [ view_parse ] --START--
NOTIC: [8] Undefined index: i D:\file\file\Runtime\Cache\d92262506e7c8376a9115ae105e8dee7adfc62ad.file.manage.html.php ç¬¬ 109 è¡Œ.
NOTIC: [8] Trying to get property of non-object D:\file\file\Runtime\Cache\d92262506e7c8376a9115ae105e8dee7adfc62ad.file.manage.html.php ç¬¬ 109 è¡Œ.
NOTIC: [8] Undefined index: vo D:\file\file\Runtime\Cache\d92262506e7c8376a9115ae105e8dee7adfc62ad.file.manage.html.php ç¬¬ 110 è¡Œ.
NOTIC: [8] Trying to get property of non-object D:\file\file\Runtime\Cache\d92262506e7c8376a9115ae105e8dee7adfc62ad.file.manage.html.php ç¬¬ 110 è¡Œ.
INFO: Run Behavior\ParseTemplateBehavior [ RunTime:0.119107s ]
INFO: [ view_parse ] --END-- [ RunTime:0.119398s ]
INFO: [ view_filter ] --START--
INFO: Run Behavior\WriteHtmlCacheBehavior [ RunTime:0.000868s ]
INFO: [ view_filter ] --END-- [ RunTime:0.001047s ]
INFO: [ app_end ] --START--
INFO: Run Behavior\ShowPageTraceBehavior [ RunTime:0.000694s ]
INFO: [ app_end ] --END-- [ RunTime:0.000859s ]
NOTIC: [8] Constant NOW_TIME already defined D:\file\file\index.php ç¬¬ 13 è¡Œ.
NOTIC: [8] Undefined variable: SERVER D:\file\file\index.php ç¬¬ 15 è¡Œ.

