[ 2017-12-24T13:45:07+08:00 ] 127.0.0.1 /file/index.php/Home/user/register
INFO: [ app_init ] --START--
INFO: Run Behavior\BuildLiteBehavior [ RunTime:0.000039s ]
INFO: [ app_init ] --END-- [ RunTime:0.000678s ]
INFO: [ app_begin ] --START--
INFO: Run Behavior\ReadHtmlCacheBehavior [ RunTime:0.000881s ]
INFO: [ app_begin ] --END-- [ RunTime:0.001066s ]
SQL: SHOW COLUMNS FROM `file_user` [ RunTime:0.0479s ]
INFO: [ view_parse ] --START--
INFO: Run Behavior\ParseTemplateBehavior [ RunTime:0.015886s ]
INFO: [ view_parse ] --END-- [ RunTime:0.016074s ]
INFO: [ view_filter ] --START--
INFO: Run Behavior\WriteHtmlCacheBehavior [ RunTime:0.000678s ]
INFO: [ view_filter ] --END-- [ RunTime:0.000847s ]
INFO: [ app_end ] --START--
INFO: Run Behavior\ShowPageTraceBehavior [ RunTime:0.000925s ]
INFO: [ app_end ] --END-- [ RunTime:0.001097s ]
NOTIC: [8] Constant NOW_TIME already defined D:\file\file\index.php 第 13 行.
NOTIC: [8] Undefined variable: SERVER D:\file\file\index.php 第 15 行.

[ 2017-12-24T13:45:08+08:00 ] 127.0.0.1 /file/index.php/Home/user/login
INFO: [ app_init ] --START--
INFO: Run Behavior\BuildLiteBehavior [ RunTime:0.000039s ]
INFO: [ app_init ] --END-- [ RunTime:0.000580s ]
INFO: [ app_begin ] --START--
INFO: Run Behavior\ReadHtmlCacheBehavior [ RunTime:0.000635s ]
INFO: [ app_begin ] --END-- [ RunTime:0.000826s ]
INFO: [ view_parse ] --START--
INFO: Run Behavior\ParseTemplateBehavior [ RunTime:0.015115s ]
INFO: [ view_parse ] --END-- [ RunTime:0.015311s ]
INFO: [ view_filter ] --START--
INFO: Run Behavior\WriteHtmlCacheBehavior [ RunTime:0.000692s ]
INFO: [ view_filter ] --END-- [ RunTime:0.000866s ]
INFO: [ app_end ] --START--
INFO: Run Behavior\ShowPageTraceBehavior [ RunTime:0.000903s ]
INFO: [ app_end ] --END-- [ RunTime:0.001174s ]
NOTIC: [8] Constant NOW_TIME already defined D:\file\file\index.php 第 13 行.
NOTIC: [8] Undefined variable: SERVER D:\file\file\index.php 第 15 行.

[ 2017-12-24T13:45:08+08:00 ] 127.0.0.1 /file/index.php/Home/user/verifyImg
INFO: [ app_init ] --START--
INFO: Run Behavior\BuildLiteBehavior [ RunTime:0.000040s ]
INFO: [ app_init ] --END-- [ RunTime:0.000615s ]
INFO: [ app_begin ] --START--
INFO: Run Behavior\ReadHtmlCacheBehavior [ RunTime:0.000751s ]
INFO: [ app_begin ] --END-- [ RunTime:0.001021s ]
INFO: [ app_end ] --START--
INFO: Run Behavior\ShowPageTraceBehavior [ RunTime:0.001081s ]
INFO: [ app_end ] --END-- [ RunTime:0.001357s ]
NOTIC: [8] Constant NOW_TIME already defined D:\file\file\index.php 第 13 行.
NOTIC: [8] Undefined variable: SERVER D:\file\file\index.php 第 15 行.

[ 2017-12-24T13:45:14+08:00 ] 127.0.0.1 /file/index.php/Home/user/login
INFO: [ app_init ] --START--
INFO: Run Behavior\BuildLiteBehavior [ RunTime:0.000039s ]
INFO: [ app_init ] --END-- [ RunTime:0.000583s ]
INFO: [ app_begin ] --START--
INFO: Run Behavior\ReadHtmlCacheBehavior [ RunTime:0.000586s ]
INFO: [ app_begin ] --END-- [ RunTime:0.000801s ]
SQL: SHOW COLUMNS FROM `file_user` [ RunTime:0.0051s ]
SQL: SELECT * FROM `file_user` WHERE `user_name` = 'monkey' LIMIT 1   [ RunTime:0.0004s ]

[ 2017-12-24T13:45:14+08:00 ] 127.0.0.1 /file/index.php/Home/Index/index.html
INFO: [ app_init ] --START--
INFO: Run Behavior\BuildLiteBehavior [ RunTime:0.000044s ]
INFO: [ app_init ] --END-- [ RunTime:0.000694s ]
INFO: [ app_begin ] --START--
INFO: Run Behavior\ReadHtmlCacheBehavior [ RunTime:0.000619s ]
INFO: [ app_begin ] --END-- [ RunTime:0.000805s ]
INFO: [ view_parse ] --START--
INFO: Run Behavior\ParseTemplateBehavior [ RunTime:0.014466s ]
INFO: [ view_parse ] --END-- [ RunTime:0.014666s ]
INFO: [ view_filter ] --START--
INFO: Run Behavior\WriteHtmlCacheBehavior [ RunTime:0.000707s ]
INFO: [ view_filter ] --END-- [ RunTime:0.000886s ]
INFO: [ app_end ] --START--
INFO: Run Behavior\ShowPageTraceBehavior [ RunTime:0.000862s ]
INFO: [ app_end ] --END-- [ RunTime:0.001032s ]
NOTIC: [8] Constant NOW_TIME already defined D:\file\file\index.php 第 13 行.
NOTIC: [8] Undefined variable: SERVER D:\file\file\index.php 第 15 行.

[ 2017-12-24T13:45:14+08:00 ] 127.0.0.1 /file/index.php/Home/Index/head.html
INFO: [ app_init ] --START--
INFO: Run Behavior\BuildLiteBehavior [ RunTime:0.000644s ]
INFO: [ app_init ] --END-- [ RunTime:0.001627s ]
INFO: [ app_begin ] --START--
INFO: Run Behavior\ReadHtmlCacheBehavior [ RunTime:0.001215s ]
INFO: [ app_begin ] --END-- [ RunTime:0.001699s ]
INFO: [ view_parse ] --START--
INFO: Run Behavior\ParseTemplateBehavior [ RunTime:0.020749s ]
INFO: [ view_parse ] --END-- [ RunTime:0.021062s ]
INFO: [ view_filter ] --START--
INFO: Run Behavior\WriteHtmlCacheBehavior [ RunTime:0.001202s ]
INFO: [ view_filter ] --END-- [ RunTime:0.001505s ]
INFO: [ app_end ] --START--
INFO: Run Behavior\ShowPageTraceBehavior [ RunTime:0.001076s ]
INFO: [ app_end ] --END-- [ RunTime:0.001339s ]
NOTIC: [8] Constant NOW_TIME already defined D:\file\file\index.php 第 13 行.
NOTIC: [8] Undefined variable: SERVER D:\file\file\index.php 第 15 行.

[ 2017-12-24T13:45:15+08:00 ] 127.0.0.1 /file/index.php/Home/Index/left.html
INFO: [ app_init ] --START--
INFO: Run Behavior\BuildLiteBehavior [ RunTime:0.000066s ]
INFO: [ app_init ] --END-- [ RunTime:0.001061s ]
INFO: [ app_begin ] --START--
INFO: Run Behavior\ReadHtmlCacheBehavior [ RunTime:0.001293s ]
INFO: [ app_begin ] --END-- [ RunTime:0.001640s ]
SQL: select * from file_admin where admin_id=2 [ RunTime:0.1426s ]
SQL: select * from file_role where role_id=0 [ RunTime:0.0324s ]
NOTIC: [8] Undefined offset: 0 D:\file\file\Home\Controller\IndexController.class.php 第 23 行.
SQL: select * from file_auth where auth_level = 0 [ RunTime:0.0025s ]
SQL: select * from file_auth where auth_level = 1 [ RunTime:0.0004s ]
INFO: [ view_parse ] --START--
INFO: Run Behavior\ParseTemplateBehavior [ RunTime:0.011845s ]
INFO: [ view_parse ] --END-- [ RunTime:0.012029s ]
INFO: [ view_filter ] --START--
INFO: Run Behavior\WriteHtmlCacheBehavior [ RunTime:0.000539s ]
INFO: [ view_filter ] --END-- [ RunTime:0.000706s ]
INFO: [ app_end ] --START--
INFO: Run Behavior\ShowPageTraceBehavior [ RunTime:0.000816s ]
INFO: [ app_end ] --END-- [ RunTime:0.000998s ]
NOTIC: [8] Constant NOW_TIME already defined D:\file\file\index.php 第 13 行.
NOTIC: [8] Undefined variable: SERVER D:\file\file\index.php 第 15 行.

[ 2017-12-24T13:45:15+08:00 ] 127.0.0.1 /file/index.php/Home/Index/right.html
INFO: [ app_init ] --START--
INFO: Run Behavior\BuildLiteBehavior [ RunTime:0.000066s ]
INFO: [ app_init ] --END-- [ RunTime:0.001050s ]
INFO: [ app_begin ] --START--
INFO: Run Behavior\ReadHtmlCacheBehavior [ RunTime:0.001374s ]
INFO: [ app_begin ] --END-- [ RunTime:0.001703s ]
INFO: [ view_parse ] --START--
INFO: Run Behavior\ParseTemplateBehavior [ RunTime:0.011946s ]
INFO: [ view_parse ] --END-- [ RunTime:0.012164s ]
INFO: [ view_filter ] --START--
INFO: Run Behavior\WriteHtmlCacheBehavior [ RunTime:0.000686s ]
INFO: [ view_filter ] --END-- [ RunTime:0.000855s ]
INFO: [ app_end ] --START--
INFO: Run Behavior\ShowPageTraceBehavior [ RunTime:0.000921s ]
INFO: [ app_end ] --END-- [ RunTime:0.001092s ]
NOTIC: [8] Constant NOW_TIME already defined D:\file\file\index.php 第 13 行.
NOTIC: [8] Undefined variable: SERVER D:\file\file\index.php 第 15 行.

[ 2017-12-24T13:45:17+08:00 ] 127.0.0.1 /file/index.php/Home/Admin/showuser
INFO: [ app_init ] --START--
INFO: Run Behavior\BuildLiteBehavior [ RunTime:0.000052s ]
INFO: [ app_init ] --END-- [ RunTime:0.000781s ]
INFO: [ app_begin ] --START--
INFO: Run Behavior\ReadHtmlCacheBehavior [ RunTime:0.000902s ]
INFO: [ app_begin ] --END-- [ RunTime:0.001170s ]
SQL: SHOW COLUMNS FROM `file_user` [ RunTime:0.0312s ]
SQL: SELECT COUNT(*) AS tp_count FROM `file_user` LIMIT 1   [ RunTime:0.0003s ]
SQL: SELECT * FROM `file_user` LIMIT 0,10   [ RunTime:0.0004s ]
INFO: [ view_parse ] --START--
INFO: Run Behavior\ParseTemplateBehavior [ RunTime:0.010789s ]
INFO: [ view_parse ] --END-- [ RunTime:0.011009s ]
INFO: [ view_filter ] --START--
INFO: Run Behavior\WriteHtmlCacheBehavior [ RunTime:0.001521s ]
INFO: [ view_filter ] --END-- [ RunTime:0.001851s ]
INFO: [ app_end ] --START--
INFO: Run Behavior\ShowPageTraceBehavior [ RunTime:0.002193s ]
INFO: [ app_end ] --END-- [ RunTime:0.002599s ]
NOTIC: [8] Constant NOW_TIME already defined D:\file\file\index.php 第 13 行.
NOTIC: [8] Undefined variable: SERVER D:\file\file\index.php 第 15 行.

[ 2017-12-24T13:45:19+08:00 ] 127.0.0.1 /file/index.php/Home/Admin/changeuser?user_id=1&user_name=admin
INFO: [ app_init ] --START--
INFO: Run Behavior\BuildLiteBehavior [ RunTime:0.000038s ]
INFO: [ app_init ] --END-- [ RunTime:0.000598s ]
INFO: [ app_begin ] --START--
INFO: Run Behavior\ReadHtmlCacheBehavior [ RunTime:0.000768s ]
INFO: [ app_begin ] --END-- [ RunTime:0.000967s ]
INFO: [ view_parse ] --START--
INFO: Run Behavior\ParseTemplateBehavior [ RunTime:0.012573s ]
INFO: [ view_parse ] --END-- [ RunTime:0.012859s ]
INFO: [ view_filter ] --START--
INFO: Run Behavior\WriteHtmlCacheBehavior [ RunTime:0.000715s ]
INFO: [ view_filter ] --END-- [ RunTime:0.000894s ]
INFO: [ app_end ] --START--
INFO: Run Behavior\ShowPageTraceBehavior [ RunTime:0.000851s ]
INFO: [ app_end ] --END-- [ RunTime:0.001024s ]
NOTIC: [8] Constant NOW_TIME already defined D:\file\file\index.php 第 13 行.
NOTIC: [8] Undefined variable: SERVER D:\file\file\index.php 第 15 行.

[ 2017-12-24T14:32:33+08:00 ] 127.0.0.1 /file/index.php/Home/user/register
INFO: [ app_init ] --START--
INFO: Run Behavior\BuildLiteBehavior [ RunTime:0.000040s ]
INFO: [ app_init ] --END-- [ RunTime:0.000674s ]
INFO: [ app_begin ] --START--
INFO: Run Behavior\ReadHtmlCacheBehavior [ RunTime:0.000870s ]
INFO: [ app_begin ] --END-- [ RunTime:0.001060s ]
SQL: SHOW COLUMNS FROM `file_user` [ RunTime:0.0056s ]
INFO: [ view_parse ] --START--
INFO: Run Behavior\ParseTemplateBehavior [ RunTime:0.015897s ]
INFO: [ view_parse ] --END-- [ RunTime:0.016091s ]
INFO: [ view_filter ] --START--
INFO: Run Behavior\WriteHtmlCacheBehavior [ RunTime:0.000682s ]
INFO: [ view_filter ] --END-- [ RunTime:0.000853s ]
INFO: [ app_end ] --START--
INFO: Run Behavior\ShowPageTraceBehavior [ RunTime:0.001234s ]
INFO: [ app_end ] --END-- [ RunTime:0.001457s ]
NOTIC: [8] Constant NOW_TIME already defined D:\file\file\index.php 第 13 行.
NOTIC: [8] Undefined variable: SERVER D:\file\file\index.php 第 15 行.

[ 2017-12-24T14:32:34+08:00 ] 127.0.0.1 /file/index.php/Home/user/login
INFO: [ app_init ] --START--
INFO: Run Behavior\BuildLiteBehavior [ RunTime:0.000042s ]
INFO: [ app_init ] --END-- [ RunTime:0.000828s ]
INFO: [ app_begin ] --START--
INFO: Run Behavior\ReadHtmlCacheBehavior [ RunTime:0.000629s ]
INFO: [ app_begin ] --END-- [ RunTime:0.000822s ]
INFO: [ view_parse ] --START--
INFO: Run Behavior\ParseTemplateBehavior [ RunTime:0.016699s ]
INFO: [ view_parse ] --END-- [ RunTime:0.016893s ]
INFO: [ view_filter ] --START--
INFO: Run Behavior\WriteHtmlCacheBehavior [ RunTime:0.000681s ]
INFO: [ view_filter ] --END-- [ RunTime:0.000849s ]
INFO: [ app_end ] --START--
INFO: Run Behavior\ShowPageTraceBehavior [ RunTime:0.000924s ]
INFO: [ app_end ] --END-- [ RunTime:0.001094s ]
NOTIC: [8] Constant NOW_TIME already defined D:\file\file\index.php 第 13 行.
NOTIC: [8] Undefined variable: SERVER D:\file\file\index.php 第 15 行.

[ 2017-12-24T14:32:34+08:00 ] 127.0.0.1 /file/index.php/Home/user/verifyImg
INFO: [ app_init ] --START--
INFO: Run Behavior\BuildLiteBehavior [ RunTime:0.000039s ]
INFO: [ app_init ] --END-- [ RunTime:0.000591s ]
INFO: [ app_begin ] --START--
INFO: Run Behavior\ReadHtmlCacheBehavior [ RunTime:0.000802s ]
INFO: [ app_begin ] --END-- [ RunTime:0.000993s ]
INFO: [ app_end ] --START--
INFO: Run Behavior\ShowPageTraceBehavior [ RunTime:0.000985s ]
INFO: [ app_end ] --END-- [ RunTime:0.001180s ]
NOTIC: [8] Constant NOW_TIME already defined D:\file\file\index.php 第 13 行.
NOTIC: [8] Undefined variable: SERVER D:\file\file\index.php 第 15 行.

[ 2017-12-24T14:32:36+08:00 ] 127.0.0.1 /file/index.php/Home/user/register
INFO: [ app_init ] --START--
INFO: Run Behavior\BuildLiteBehavior [ RunTime:0.000050s ]
INFO: [ app_init ] --END-- [ RunTime:0.000601s ]
INFO: [ app_begin ] --START--
INFO: Run Behavior\ReadHtmlCacheBehavior [ RunTime:0.000605s ]
INFO: [ app_begin ] --END-- [ RunTime:0.000784s ]
SQL: SHOW COLUMNS FROM `file_user` [ RunTime:0.0063s ]
INFO: [ view_parse ] --START--
INFO: Run Behavior\ParseTemplateBehavior [ RunTime:0.016085s ]
INFO: [ view_parse ] --END-- [ RunTime:0.016273s ]
INFO: [ view_filter ] --START--
INFO: Run Behavior\WriteHtmlCacheBehavior [ RunTime:0.000683s ]
INFO: [ view_filter ] --END-- [ RunTime:0.000854s ]
INFO: [ app_end ] --START--
INFO: Run Behavior\ShowPageTraceBehavior [ RunTime:0.000912s ]
INFO: [ app_end ] --END-- [ RunTime:0.001085s ]
NOTIC: [8] Constant NOW_TIME already defined D:\file\file\index.php 第 13 行.
NOTIC: [8] Undefined variable: SERVER D:\file\file\index.php 第 15 行.

[ 2017-12-24T14:32:37+08:00 ] 127.0.0.1 /file/index.php/Home/user/login
INFO: [ app_init ] --START--
INFO: Run Behavior\BuildLiteBehavior [ RunTime:0.000038s ]
INFO: [ app_init ] --END-- [ RunTime:0.000583s ]
INFO: [ app_begin ] --START--
INFO: Run Behavior\ReadHtmlCacheBehavior [ RunTime:0.000602s ]
INFO: [ app_begin ] --END-- [ RunTime:0.000794s ]
INFO: [ view_parse ] --START--
INFO: Run Behavior\ParseTemplateBehavior [ RunTime:0.017880s ]
INFO: [ view_parse ] --END-- [ RunTime:0.018141s ]
INFO: [ view_filter ] --START--
INFO: Run Behavior\WriteHtmlCacheBehavior [ RunTime:0.000688s ]
INFO: [ view_filter ] --END-- [ RunTime:0.000856s ]
INFO: [ app_end ] --START--
INFO: Run Behavior\ShowPageTraceBehavior [ RunTime:0.000924s ]
INFO: [ app_end ] --END-- [ RunTime:0.001096s ]
NOTIC: [8] Constant NOW_TIME already defined D:\file\file\index.php 第 13 行.
NOTIC: [8] Undefined variable: SERVER D:\file\file\index.php 第 15 行.

[ 2017-12-24T14:32:37+08:00 ] 127.0.0.1 /file/index.php/Home/user/verifyImg
INFO: [ app_init ] --START--
INFO: Run Behavior\BuildLiteBehavior [ RunTime:0.000039s ]
INFO: [ app_init ] --END-- [ RunTime:0.000595s ]
INFO: [ app_begin ] --START--
INFO: Run Behavior\ReadHtmlCacheBehavior [ RunTime:0.000627s ]
INFO: [ app_begin ] --END-- [ RunTime:0.000813s ]
INFO: [ app_end ] --START--
INFO: Run Behavior\ShowPageTraceBehavior [ RunTime:0.000978s ]
INFO: [ app_end ] --END-- [ RunTime:0.001174s ]
NOTIC: [8] Constant NOW_TIME already defined D:\file\file\index.php 第 13 行.
NOTIC: [8] Undefined variable: SERVER D:\file\file\index.php 第 15 行.

[ 2017-12-24T14:32:38+08:00 ] 127.0.0.1 /file/index.php/Home/user/register
INFO: [ app_init ] --START--
INFO: Run Behavior\BuildLiteBehavior [ RunTime:0.000037s ]
INFO: [ app_init ] --END-- [ RunTime:0.000578s ]
INFO: [ app_begin ] --START--
INFO: Run Behavior\ReadHtmlCacheBehavior [ RunTime:0.000626s ]
INFO: [ app_begin ] --END-- [ RunTime:0.000810s ]
SQL: SHOW COLUMNS FROM `file_user` [ RunTime:0.0587s ]
INFO: [ view_parse ] --START--
INFO: Run Behavior\ParseTemplateBehavior [ RunTime:0.030049s ]
INFO: [ view_parse ] --END-- [ RunTime:0.030461s ]
INFO: [ view_filter ] --START--
INFO: Run Behavior\WriteHtmlCacheBehavior [ RunTime:0.001425s ]
INFO: [ view_filter ] --END-- [ RunTime:0.001750s ]
INFO: [ app_end ] --START--
INFO: Run Behavior\ShowPageTraceBehavior [ RunTime:0.001007s ]
INFO: [ app_end ] --END-- [ RunTime:0.001379s ]
NOTIC: [8] Constant NOW_TIME already defined D:\file\file\index.php 第 13 行.
NOTIC: [8] Undefined variable: SERVER D:\file\file\index.php 第 15 行.

[ 2017-12-24T14:32:44+08:00 ] 127.0.0.1 /file/index.php/Home/user/login
INFO: [ app_init ] --START--
INFO: Run Behavior\BuildLiteBehavior [ RunTime:0.000039s ]
INFO: [ app_init ] --END-- [ RunTime:0.000579s ]
INFO: [ app_begin ] --START--
INFO: Run Behavior\ReadHtmlCacheBehavior [ RunTime:0.000606s ]
INFO: [ app_begin ] --END-- [ RunTime:0.000797s ]
INFO: [ view_parse ] --START--
INFO: Run Behavior\ParseTemplateBehavior [ RunTime:0.016436s ]
INFO: [ view_parse ] --END-- [ RunTime:0.016635s ]
INFO: [ view_filter ] --START--
INFO: Run Behavior\WriteHtmlCacheBehavior [ RunTime:0.000678s ]
INFO: [ view_filter ] --END-- [ RunTime:0.000848s ]
INFO: [ app_end ] --START--
INFO: Run Behavior\ShowPageTraceBehavior [ RunTime:0.000917s ]
INFO: [ app_end ] --END-- [ RunTime:0.001090s ]
NOTIC: [8] Constant NOW_TIME already defined D:\file\file\index.php 第 13 行.
NOTIC: [8] Undefined variable: SERVER D:\file\file\index.php 第 15 行.

[ 2017-12-24T14:32:44+08:00 ] 127.0.0.1 /file/index.php/Home/user/verifyImg
INFO: [ app_init ] --START--
INFO: Run Behavior\BuildLiteBehavior [ RunTime:0.000039s ]
INFO: [ app_init ] --END-- [ RunTime:0.000591s ]
INFO: [ app_begin ] --START--
INFO: Run Behavior\ReadHtmlCacheBehavior [ RunTime:0.000631s ]
INFO: [ app_begin ] --END-- [ RunTime:0.000818s ]
INFO: [ app_end ] --START--
INFO: Run Behavior\ShowPageTraceBehavior [ RunTime:0.001024s ]
INFO: [ app_end ] --END-- [ RunTime:0.001222s ]
NOTIC: [8] Constant NOW_TIME already defined D:\file\file\index.php 第 13 行.
NOTIC: [8] Undefined variable: SERVER D:\file\file\index.php 第 15 行.

[ 2017-12-24T14:46:42+08:00 ] 127.0.0.1 /file/index.php/Home/user/register
INFO: [ app_init ] --START--
INFO: Run Behavior\BuildLiteBehavior [ RunTime:0.000040s ]
INFO: [ app_init ] --END-- [ RunTime:0.000687s ]
INFO: [ app_begin ] --START--
INFO: Run Behavior\ReadHtmlCacheBehavior [ RunTime:0.001136s ]
INFO: [ app_begin ] --END-- [ RunTime:0.001379s ]
SQL: SHOW COLUMNS FROM `file_user` [ RunTime:0.0122s ]
INFO: [ view_parse ] --START--
INFO: Run Behavior\ParseTemplateBehavior [ RunTime:0.020038s ]
INFO: [ view_parse ] --END-- [ RunTime:0.020262s ]
INFO: [ view_filter ] --START--
INFO: Run Behavior\WriteHtmlCacheBehavior [ RunTime:0.000690s ]
INFO: [ view_filter ] --END-- [ RunTime:0.000860s ]
INFO: [ app_end ] --START--
INFO: Run Behavior\ShowPageTraceBehavior [ RunTime:0.000921s ]
INFO: [ app_end ] --END-- [ RunTime:0.001092s ]
NOTIC: [8] Constant NOW_TIME already defined D:\file\file\index.php 第 13 行.
NOTIC: [8] Undefined variable: SERVER D:\file\file\index.php 第 15 行.

[ 2017-12-24T14:46:44+08:00 ] 127.0.0.1 /file/index.php/Home/user/login
INFO: [ app_init ] --START--
INFO: Run Behavior\BuildLiteBehavior [ RunTime:0.000040s ]
INFO: [ app_init ] --END-- [ RunTime:0.000803s ]
INFO: [ app_begin ] --START--
INFO: Run Behavior\ReadHtmlCacheBehavior [ RunTime:0.000630s ]
INFO: [ app_begin ] --END-- [ RunTime:0.000824s ]
INFO: [ view_parse ] --START--
INFO: Run Behavior\ParseTemplateBehavior [ RunTime:0.016296s ]
INFO: [ view_parse ] --END-- [ RunTime:0.016487s ]
INFO: [ view_filter ] --START--
INFO: Run Behavior\WriteHtmlCacheBehavior [ RunTime:0.000695s ]
INFO: [ view_filter ] --END-- [ RunTime:0.000864s ]
INFO: [ app_end ] --START--
INFO: Run Behavior\ShowPageTraceBehavior [ RunTime:0.001630s ]
INFO: [ app_end ] --END-- [ RunTime:0.001910s ]
NOTIC: [8] Constant NOW_TIME already defined D:\file\file\index.php 第 13 行.
NOTIC: [8] Undefined variable: SERVER D:\file\file\index.php 第 15 行.

[ 2017-12-24T14:46:44+08:00 ] 127.0.0.1 /file/index.php/Home/user/verifyImg
INFO: [ app_init ] --START--
INFO: Run Behavior\BuildLiteBehavior [ RunTime:0.000040s ]
INFO: [ app_init ] --END-- [ RunTime:0.000660s ]
INFO: [ app_begin ] --START--
INFO: Run Behavior\ReadHtmlCacheBehavior [ RunTime:0.000634s ]
INFO: [ app_begin ] --END-- [ RunTime:0.000822s ]
INFO: [ app_end ] --START--
INFO: Run Behavior\ShowPageTraceBehavior [ RunTime:0.001022s ]
INFO: [ app_end ] --END-- [ RunTime:0.001224s ]
NOTIC: [8] Constant NOW_TIME already defined D:\file\file\index.php 第 13 行.
NOTIC: [8] Undefined variable: SERVER D:\file\file\index.php 第 15 行.

[ 2017-12-24T14:46:51+08:00 ] 127.0.0.1 /file/index.php/Home/user/login
INFO: [ app_init ] --START--
INFO: Run Behavior\BuildLiteBehavior [ RunTime:0.000038s ]
INFO: [ app_init ] --END-- [ RunTime:0.000591s ]
INFO: [ app_begin ] --START--
INFO: Run Behavior\ReadHtmlCacheBehavior [ RunTime:0.000585s ]
INFO: [ app_begin ] --END-- [ RunTime:0.000777s ]
SQL: SHOW COLUMNS FROM `file_user` [ RunTime:0.0052s ]
SQL: SELECT * FROM `file_user` WHERE `user_name` = 'monkey' LIMIT 1   [ RunTime:0.0004s ]

[ 2017-12-24T14:46:51+08:00 ] 127.0.0.1 /file/index.php/Home/Index/index.html
INFO: [ app_init ] --START--
INFO: Run Behavior\BuildLiteBehavior [ RunTime:0.000039s ]
INFO: [ app_init ] --END-- [ RunTime:0.000605s ]
INFO: [ app_begin ] --START--
INFO: Run Behavior\ReadHtmlCacheBehavior [ RunTime:0.000609s ]
INFO: [ app_begin ] --END-- [ RunTime:0.000792s ]
INFO: [ view_parse ] --START--
INFO: Run Behavior\ParseTemplateBehavior [ RunTime:0.016061s ]
INFO: [ view_parse ] --END-- [ RunTime:0.016251s ]
INFO: [ view_filter ] --START--
INFO: Run Behavior\WriteHtmlCacheBehavior [ RunTime:0.000678s ]
INFO: [ view_filter ] --END-- [ RunTime:0.000845s ]
INFO: [ app_end ] --START--
INFO: Run Behavior\ShowPageTraceBehavior [ RunTime:0.000918s ]
INFO: [ app_end ] --END-- [ RunTime:0.001088s ]
NOTIC: [8] Constant NOW_TIME already defined D:\file\file\index.php 第 13 行.
NOTIC: [8] Undefined variable: SERVER D:\file\file\index.php 第 15 行.

[ 2017-12-24T14:46:51+08:00 ] 127.0.0.1 /file/index.php/Home/Index/head.html
INFO: [ app_init ] --START--
INFO: Run Behavior\BuildLiteBehavior [ RunTime:0.000066s ]
INFO: [ app_init ] --END-- [ RunTime:0.000942s ]
INFO: [ app_begin ] --START--
INFO: Run Behavior\ReadHtmlCacheBehavior [ RunTime:0.000962s ]
INFO: [ app_begin ] --END-- [ RunTime:0.001318s ]
INFO: [ view_parse ] --START--
INFO: Run Behavior\ParseTemplateBehavior [ RunTime:0.023847s ]
INFO: [ view_parse ] --END-- [ RunTime:0.024176s ]
INFO: [ view_filter ] --START--
INFO: Run Behavior\WriteHtmlCacheBehavior [ RunTime:0.001093s ]
INFO: [ view_filter ] --END-- [ RunTime:0.001395s ]
INFO: [ app_end ] --START--
INFO: Run Behavior\ShowPageTraceBehavior [ RunTime:0.001506s ]
INFO: [ app_end ] --END-- [ RunTime:0.001817s ]
NOTIC: [8] Constant NOW_TIME already defined D:\file\file\index.php 第 13 行.
NOTIC: [8] Undefined variable: SERVER D:\file\file\index.php 第 15 行.

[ 2017-12-24T14:46:51+08:00 ] 127.0.0.1 /file/index.php/Home/Index/left.html
INFO: [ app_init ] --START--
INFO: Run Behavior\BuildLiteBehavior [ RunTime:0.000072s ]
INFO: [ app_init ] --END-- [ RunTime:0.001148s ]
INFO: [ app_begin ] --START--
INFO: Run Behavior\ReadHtmlCacheBehavior [ RunTime:0.001436s ]
INFO: [ app_begin ] --END-- [ RunTime:0.001801s ]
SQL: select * from file_admin where admin_id=2 [ RunTime:0.0004s ]
SQL: select * from file_role where role_id=0 [ RunTime:0.0003s ]
NOTIC: [8] Undefined offset: 0 D:\file\file\Home\Controller\IndexController.class.php 第 23 行.
SQL: select * from file_auth where auth_level = 0 [ RunTime:0.0003s ]
SQL: select * from file_auth where auth_level = 1 [ RunTime:0.0003s ]
INFO: [ view_parse ] --START--
INFO: Run Behavior\ParseTemplateBehavior [ RunTime:0.015725s ]
INFO: [ view_parse ] --END-- [ RunTime:0.015915s ]
INFO: [ view_filter ] --START--
INFO: Run Behavior\WriteHtmlCacheBehavior [ RunTime:0.000682s ]
INFO: [ view_filter ] --END-- [ RunTime:0.000851s ]
INFO: [ app_end ] --START--
INFO: Run Behavior\ShowPageTraceBehavior [ RunTime:0.000962s ]
INFO: [ app_end ] --END-- [ RunTime:0.001142s ]
NOTIC: [8] Constant NOW_TIME already defined D:\file\file\index.php 第 13 行.
NOTIC: [8] Undefined variable: SERVER D:\file\file\index.php 第 15 行.

[ 2017-12-24T14:46:51+08:00 ] 127.0.0.1 /file/index.php/Home/Index/right.html
INFO: [ app_init ] --START--
INFO: Run Behavior\BuildLiteBehavior [ RunTime:0.000089s ]
INFO: [ app_init ] --END-- [ RunTime:0.001212s ]
INFO: [ app_begin ] --START--
INFO: Run Behavior\ReadHtmlCacheBehavior [ RunTime:0.001211s ]
INFO: [ app_begin ] --END-- [ RunTime:0.001677s ]
INFO: [ view_parse ] --START--
INFO: Run Behavior\ParseTemplateBehavior [ RunTime:0.012636s ]
INFO: [ view_parse ] --END-- [ RunTime:0.012937s ]
INFO: [ view_filter ] --START--
INFO: Run Behavior\WriteHtmlCacheBehavior [ RunTime:0.000684s ]
INFO: [ view_filter ] --END-- [ RunTime:0.000851s ]
INFO: [ app_end ] --START--
INFO: Run Behavior\ShowPageTraceBehavior [ RunTime:0.000921s ]
INFO: [ app_end ] --END-- [ RunTime:0.001091s ]
NOTIC: [8] Constant NOW_TIME already defined D:\file\file\index.php 第 13 行.
NOTIC: [8] Undefined variable: SERVER D:\file\file\index.php 第 15 行.

[ 2017-12-24T14:46:54+08:00 ] 127.0.0.1 /file/index.php/Home/Admin/showuser
INFO: [ app_init ] --START--
INFO: Run Behavior\BuildLiteBehavior [ RunTime:0.000039s ]
INFO: [ app_init ] --END-- [ RunTime:0.000621s ]
INFO: [ app_begin ] --START--
INFO: Run Behavior\ReadHtmlCacheBehavior [ RunTime:0.000628s ]
INFO: [ app_begin ] --END-- [ RunTime:0.000843s ]
SQL: SHOW COLUMNS FROM `file_user` [ RunTime:0.0742s ]
SQL: SELECT COUNT(*) AS tp_count FROM `file_user` LIMIT 1   [ RunTime:0.0003s ]
SQL: SELECT * FROM `file_user` LIMIT 0,10   [ RunTime:0.0004s ]
INFO: [ view_parse ] --START--
INFO: Run Behavior\ParseTemplateBehavior [ RunTime:0.011490s ]
INFO: [ view_parse ] --END-- [ RunTime:0.011682s ]
INFO: [ view_filter ] --START--
INFO: Run Behavior\WriteHtmlCacheBehavior [ RunTime:0.000764s ]
INFO: [ view_filter ] --END-- [ RunTime:0.000991s ]
INFO: [ app_end ] --START--
INFO: Run Behavior\ShowPageTraceBehavior [ RunTime:0.000879s ]
INFO: [ app_end ] --END-- [ RunTime:0.001050s ]
NOTIC: [8] Constant NOW_TIME already defined D:\file\file\index.php 第 13 行.
NOTIC: [8] Undefined variable: SERVER D:\file\file\index.php 第 15 行.

[ 2017-12-24T14:46:55+08:00 ] 127.0.0.1 /file/index.php/Home/Admin/changeuser?user_id=5&user_name=789
INFO: [ app_init ] --START--
INFO: Run Behavior\BuildLiteBehavior [ RunTime:0.000039s ]
INFO: [ app_init ] --END-- [ RunTime:0.000619s ]
INFO: [ app_begin ] --START--
INFO: Run Behavior\ReadHtmlCacheBehavior [ RunTime:0.000607s ]
INFO: [ app_begin ] --END-- [ RunTime:0.000817s ]
INFO: [ view_parse ] --START--
INFO: Run Behavior\ParseTemplateBehavior [ RunTime:0.074188s ]
INFO: [ view_parse ] --END-- [ RunTime:0.074441s ]
INFO: [ view_filter ] --START--
INFO: Run Behavior\WriteHtmlCacheBehavior [ RunTime:0.000821s ]
INFO: [ view_filter ] --END-- [ RunTime:0.000988s ]
INFO: [ app_end ] --START--
INFO: Run Behavior\ShowPageTraceBehavior [ RunTime:0.000784s ]
INFO: [ app_end ] --END-- [ RunTime:0.000967s ]
NOTIC: [8] Constant NOW_TIME already defined D:\file\file\index.php 第 13 行.
NOTIC: [8] Undefined variable: SERVER D:\file\file\index.php 第 15 行.

[ 2017-12-24T14:47:11+08:00 ] 127.0.0.1 /file/index.php/Home/Index/index.html
INFO: [ app_init ] --START--
INFO: Run Behavior\BuildLiteBehavior [ RunTime:0.000040s ]
INFO: [ app_init ] --END-- [ RunTime:0.000701s ]
INFO: [ app_begin ] --START--
INFO: Run Behavior\ReadHtmlCacheBehavior [ RunTime:0.001128s ]
INFO: [ app_begin ] --END-- [ RunTime:0.001338s ]
INFO: [ view_parse ] --START--
INFO: Run Behavior\ParseTemplateBehavior [ RunTime:0.013818s ]
INFO: [ view_parse ] --END-- [ RunTime:0.014024s ]
INFO: [ view_filter ] --START--
INFO: Run Behavior\WriteHtmlCacheBehavior [ RunTime:0.000374s ]
INFO: [ view_filter ] --END-- [ RunTime:0.000541s ]
INFO: [ app_end ] --START--
INFO: Run Behavior\ShowPageTraceBehavior [ RunTime:0.000621s ]
INFO: [ app_end ] --END-- [ RunTime:0.000792s ]
NOTIC: [8] Constant NOW_TIME already defined D:\file\file\index.php 第 13 行.
NOTIC: [8] Undefined variable: SERVER D:\file\file\index.php 第 15 行.

[ 2017-12-24T14:47:11+08:00 ] 127.0.0.1 /file/index.php/Home/Index/head.html
INFO: [ app_init ] --START--
INFO: Run Behavior\BuildLiteBehavior [ RunTime:0.000065s ]
INFO: [ app_init ] --END-- [ RunTime:0.000962s ]
INFO: [ app_begin ] --START--
INFO: Run Behavior\ReadHtmlCacheBehavior [ RunTime:0.000964s ]
INFO: [ app_begin ] --END-- [ RunTime:0.001313s ]
INFO: [ view_parse ] --START--
INFO: Run Behavior\ParseTemplateBehavior [ RunTime:0.011950s ]
INFO: [ view_parse ] --END-- [ RunTime:0.012216s ]
INFO: [ view_filter ] --START--
INFO: Run Behavior\WriteHtmlCacheBehavior [ RunTime:0.000411s ]
INFO: [ view_filter ] --END-- [ RunTime:0.000621s ]
INFO: [ app_end ] --START--
INFO: Run Behavior\ShowPageTraceBehavior [ RunTime:0.000796s ]
INFO: [ app_end ] --END-- [ RunTime:0.000975s ]
NOTIC: [8] Constant NOW_TIME already defined D:\file\file\index.php 第 13 行.
NOTIC: [8] Undefined variable: SERVER D:\file\file\index.php 第 15 行.

[ 2017-12-24T14:47:11+08:00 ] 127.0.0.1 /file/index.php/Home/Index/left.html
INFO: [ app_init ] --START--
INFO: Run Behavior\BuildLiteBehavior [ RunTime:0.000072s ]
INFO: [ app_init ] --END-- [ RunTime:0.000951s ]
INFO: [ app_begin ] --START--
INFO: Run Behavior\ReadHtmlCacheBehavior [ RunTime:0.000916s ]
INFO: [ app_begin ] --END-- [ RunTime:0.001256s ]
SQL: select * from file_admin where admin_id=2 [ RunTime:0.0004s ]
SQL: select * from file_role where role_id=0 [ RunTime:0.0002s ]
NOTIC: [8] Undefined offset: 0 D:\file\file\Home\Controller\IndexController.class.php 第 23 行.
SQL: select * from file_auth where auth_level = 0 [ RunTime:0.0002s ]
SQL: select * from file_auth where auth_level = 1 [ RunTime:0.0003s ]
INFO: [ view_parse ] --START--
INFO: Run Behavior\ParseTemplateBehavior [ RunTime:0.015737s ]
INFO: [ view_parse ] --END-- [ RunTime:0.015956s ]
INFO: [ view_filter ] --START--
INFO: Run Behavior\WriteHtmlCacheBehavior [ RunTime:0.000748s ]
INFO: [ view_filter ] --END-- [ RunTime:0.000925s ]
INFO: [ app_end ] --START--
INFO: Run Behavior\ShowPageTraceBehavior [ RunTime:0.001101s ]
INFO: [ app_end ] --END-- [ RunTime:0.001321s ]
NOTIC: [8] Constant NOW_TIME already defined D:\file\file\index.php 第 13 行.
NOTIC: [8] Undefined variable: SERVER D:\file\file\index.php 第 15 行.

[ 2017-12-24T14:47:11+08:00 ] 127.0.0.1 /file/index.php/Home/Index/right.html
INFO: [ app_init ] --START--
INFO: Run Behavior\BuildLiteBehavior [ RunTime:0.000038s ]
INFO: [ app_init ] --END-- [ RunTime:0.000603s ]
INFO: [ app_begin ] --START--
INFO: Run Behavior\ReadHtmlCacheBehavior [ RunTime:0.000692s ]
INFO: [ app_begin ] --END-- [ RunTime:0.000965s ]
INFO: [ view_parse ] --START--
INFO: Run Behavior\ParseTemplateBehavior [ RunTime:0.016722s ]
INFO: [ view_parse ] --END-- [ RunTime:0.016992s ]
INFO: [ view_filter ] --START--
INFO: Run Behavior\WriteHtmlCacheBehavior [ RunTime:0.001010s ]
INFO: [ view_filter ] --END-- [ RunTime:0.001246s ]
INFO: [ app_end ] --START--
INFO: Run Behavior\ShowPageTraceBehavior [ RunTime:0.000958s ]
INFO: [ app_end ] --END-- [ RunTime:0.001153s ]
NOTIC: [8] Constant NOW_TIME already defined D:\file\file\index.php 第 13 行.
NOTIC: [8] Undefined variable: SERVER D:\file\file\index.php 第 15 行.

[ 2017-12-24T14:47:13+08:00 ] 127.0.0.1 /file/index.php/Home/Admin/changecommon_file
INFO: [ app_init ] --START--
INFO: Run Behavior\BuildLiteBehavior [ RunTime:0.000041s ]
INFO: [ app_init ] --END-- [ RunTime:0.000601s ]
INFO: [ app_begin ] --START--
INFO: Run Behavior\ReadHtmlCacheBehavior [ RunTime:0.000621s ]
INFO: [ app_begin ] --END-- [ RunTime:0.000813s ]
SQL: SHOW COLUMNS FROM `file_common_file` [ RunTime:0.1358s ]
INFO: [ view_parse ] --START--
NOTIC: [8] Undefined index: file_commonname D:\file\file\Runtime\Cache\3490a4506f9aeda9a04625fbd59ed4a24b051d0b.file.changecommon_file.html.php 第 53 行.
INFO: Run Behavior\ParseTemplateBehavior [ RunTime:0.017606s ]
INFO: [ view_parse ] --END-- [ RunTime:0.017787s ]
INFO: [ view_filter ] --START--
INFO: Run Behavior\WriteHtmlCacheBehavior [ RunTime:0.000700s ]
INFO: [ view_filter ] --END-- [ RunTime:0.000870s ]
INFO: [ app_end ] --START--
INFO: Run Behavior\ShowPageTraceBehavior [ RunTime:0.000954s ]
INFO: [ app_end ] --END-- [ RunTime:0.001140s ]
NOTIC: [8] Constant NOW_TIME already defined D:\file\file\index.php 第 13 行.
NOTIC: [8] Undefined variable: SERVER D:\file\file\index.php 第 15 行.

[ 2017-12-24T14:47:13+08:00 ] 127.0.0.1 /file/index.php/Home/Admin/css/mine.css
INFO: [ app_init ] --START--
INFO: Run Behavior\BuildLiteBehavior [ RunTime:0.000039s ]
INFO: [ app_init ] --END-- [ RunTime:0.000600s ]
INFO: [ app_begin ] --START--
INFO: Run Behavior\ReadHtmlCacheBehavior [ RunTime:0.000610s ]
INFO: [ app_begin ] --END-- [ RunTime:0.000789s ]
ERR: 非法操作:css

[ 2017-12-24T14:47:13+08:00 ] 127.0.0.1 /file/index.php/Home/Admin/showuser
INFO: [ app_init ] --START--
INFO: Run Behavior\BuildLiteBehavior [ RunTime:0.000041s ]
INFO: [ app_init ] --END-- [ RunTime:0.000598s ]
INFO: [ app_begin ] --START--
INFO: Run Behavior\ReadHtmlCacheBehavior [ RunTime:0.000621s ]
INFO: [ app_begin ] --END-- [ RunTime:0.000824s ]
SQL: SHOW COLUMNS FROM `file_user` [ RunTime:0.0051s ]
SQL: SELECT COUNT(*) AS tp_count FROM `file_user` LIMIT 1   [ RunTime:0.0003s ]
SQL: SELECT * FROM `file_user` LIMIT 0,10   [ RunTime:0.0003s ]
INFO: [ view_parse ] --START--
INFO: Run Behavior\ParseTemplateBehavior [ RunTime:0.015100s ]
INFO: [ view_parse ] --END-- [ RunTime:0.015289s ]
INFO: [ view_filter ] --START--
INFO: Run Behavior\WriteHtmlCacheBehavior [ RunTime:0.000738s ]
INFO: [ view_filter ] --END-- [ RunTime:0.000910s ]
INFO: [ app_end ] --START--
INFO: Run Behavior\ShowPageTraceBehavior [ RunTime:0.000926s ]
INFO: [ app_end ] --END-- [ RunTime:0.001158s ]
NOTIC: [8] Constant NOW_TIME already defined D:\file\file\index.php 第 13 行.
NOTIC: [8] Undefined variable: SERVER D:\file\file\index.php 第 15 行.

[ 2017-12-24T14:47:14+08:00 ] 127.0.0.1 /file/index.php/Home/Admin/changeuser?user_id=5&user_name=789
INFO: [ app_init ] --START--
INFO: Run Behavior\BuildLiteBehavior [ RunTime:0.000042s ]
INFO: [ app_init ] --END-- [ RunTime:0.000600s ]
INFO: [ app_begin ] --START--
INFO: Run Behavior\ReadHtmlCacheBehavior [ RunTime:0.000656s ]
INFO: [ app_begin ] --END-- [ RunTime:0.000865s ]
INFO: [ view_parse ] --START--
INFO: Run Behavior\ParseTemplateBehavior [ RunTime:0.087753s ]
INFO: [ view_parse ] --END-- [ RunTime:0.087947s ]
INFO: [ view_filter ] --START--
INFO: Run Behavior\WriteHtmlCacheBehavior [ RunTime:0.000810s ]
INFO: [ view_filter ] --END-- [ RunTime:0.000979s ]
INFO: [ app_end ] --START--
INFO: Run Behavior\ShowPageTraceBehavior [ RunTime:0.000808s ]
INFO: [ app_end ] --END-- [ RunTime:0.000976s ]
NOTIC: [8] Constant NOW_TIME already defined D:\file\file\index.php 第 13 行.
NOTIC: [8] Undefined variable: SERVER D:\file\file\index.php 第 15 行.

[ 2017-12-24T14:47:43+08:00 ] 127.0.0.1 /file/index.php/Home/Admin/showuser
INFO: [ app_init ] --START--
INFO: Run Behavior\BuildLiteBehavior [ RunTime:0.000071s ]
INFO: [ app_init ] --END-- [ RunTime:0.000844s ]
INFO: [ app_begin ] --START--
INFO: Run Behavior\ReadHtmlCacheBehavior [ RunTime:0.000811s ]
INFO: [ app_begin ] --END-- [ RunTime:0.001023s ]
SQL: SHOW COLUMNS FROM `file_user` [ RunTime:0.0051s ]
SQL: SELECT COUNT(*) AS tp_count FROM `file_user` LIMIT 1   [ RunTime:0.0003s ]
SQL: SELECT * FROM `file_user` LIMIT 0,10   [ RunTime:0.0003s ]
INFO: [ view_parse ] --START--
INFO: Run Behavior\ParseTemplateBehavior [ RunTime:0.011573s ]
INFO: [ view_parse ] --END-- [ RunTime:0.011762s ]
INFO: [ view_filter ] --START--
INFO: Run Behavior\WriteHtmlCacheBehavior [ RunTime:0.000367s ]
INFO: [ view_filter ] --END-- [ RunTime:0.000534s ]
INFO: [ app_end ] --START--
INFO: Run Behavior\ShowPageTraceBehavior [ RunTime:0.000605s ]
INFO: [ app_end ] --END-- [ RunTime:0.000776s ]
NOTIC: [8] Constant NOW_TIME already defined D:\file\file\index.php 第 13 行.
NOTIC: [8] Undefined variable: SERVER D:\file\file\index.php 第 15 行.

[ 2017-12-24T14:47:44+08:00 ] 127.0.0.1 /file/index.php/Home/Admin/showuser
INFO: [ app_init ] --START--
INFO: Run Behavior\BuildLiteBehavior [ RunTime:0.000048s ]
INFO: [ app_init ] --END-- [ RunTime:0.000718s ]
INFO: [ app_begin ] --START--
INFO: Run Behavior\ReadHtmlCacheBehavior [ RunTime:0.000751s ]
INFO: [ app_begin ] --END-- [ RunTime:0.001033s ]
SQL: SHOW COLUMNS FROM `file_user` [ RunTime:0.0279s ]
SQL: SELECT COUNT(*) AS tp_count FROM `file_user` LIMIT 1   [ RunTime:0.0003s ]
SQL: SELECT * FROM `file_user` LIMIT 0,10   [ RunTime:0.0003s ]
INFO: [ view_parse ] --START--
INFO: Run Behavior\ParseTemplateBehavior [ RunTime:0.009641s ]
INFO: [ view_parse ] --END-- [ RunTime:0.009828s ]
INFO: [ view_filter ] --START--
INFO: Run Behavior\WriteHtmlCacheBehavior [ RunTime:0.000363s ]
INFO: [ view_filter ] --END-- [ RunTime:0.000532s ]
INFO: [ app_end ] --START--
INFO: Run Behavior\ShowPageTraceBehavior [ RunTime:0.000601s ]
INFO: [ app_end ] --END-- [ RunTime:0.000772s ]
NOTIC: [8] Constant NOW_TIME already defined D:\file\file\index.php 第 13 行.
NOTIC: [8] Undefined variable: SERVER D:\file\file\index.php 第 15 行.

[ 2017-12-24T14:47:46+08:00 ] 127.0.0.1 /file/index.php/Home/Admin/changeuser?user_id=5&user_name=789
INFO: [ app_init ] --START--
INFO: Run Behavior\BuildLiteBehavior [ RunTime:0.000042s ]
INFO: [ app_init ] --END-- [ RunTime:0.000606s ]
INFO: [ app_begin ] --START--
INFO: Run Behavior\ReadHtmlCacheBehavior [ RunTime:0.000631s ]
INFO: [ app_begin ] --END-- [ RunTime:0.000832s ]
INFO: [ view_parse ] --START--
INFO: Run Behavior\ParseTemplateBehavior [ RunTime:0.077383s ]
INFO: [ view_parse ] --END-- [ RunTime:0.077579s ]
INFO: [ view_filter ] --START--
INFO: Run Behavior\WriteHtmlCacheBehavior [ RunTime:0.000821s ]
INFO: [ view_filter ] --END-- [ RunTime:0.000989s ]
INFO: [ app_end ] --START--
INFO: Run Behavior\ShowPageTraceBehavior [ RunTime:0.000780s ]
INFO: [ app_end ] --END-- [ RunTime:0.000949s ]
NOTIC: [8] Constant NOW_TIME already defined D:\file\file\index.php 第 13 行.
NOTIC: [8] Undefined variable: SERVER D:\file\file\index.php 第 15 行.

[ 2017-12-24T14:47:56+08:00 ] 127.0.0.1 /file/index.php/Home/Index/index.html
INFO: [ app_init ] --START--
INFO: Run Behavior\BuildLiteBehavior [ RunTime:0.000063s ]
INFO: [ app_init ] --END-- [ RunTime:0.000926s ]
INFO: [ app_begin ] --START--
INFO: Run Behavior\ReadHtmlCacheBehavior [ RunTime:0.000615s ]
INFO: [ app_begin ] --END-- [ RunTime:0.000813s ]
INFO: [ view_parse ] --START--
INFO: Run Behavior\ParseTemplateBehavior [ RunTime:0.010276s ]
INFO: [ view_parse ] --END-- [ RunTime:0.010491s ]
INFO: [ view_filter ] --START--
INFO: Run Behavior\WriteHtmlCacheBehavior [ RunTime:0.000421s ]
INFO: [ view_filter ] --END-- [ RunTime:0.000594s ]
INFO: [ app_end ] --START--
INFO: Run Behavior\ShowPageTraceBehavior [ RunTime:0.000664s ]
INFO: [ app_end ] --END-- [ RunTime:0.000848s ]
NOTIC: [8] Constant NOW_TIME already defined D:\file\file\index.php 第 13 行.
NOTIC: [8] Undefined variable: SERVER D:\file\file\index.php 第 15 行.

[ 2017-12-24T14:47:56+08:00 ] 127.0.0.1 /file/index.php/Home/Index/head.html
INFO: [ app_init ] --START--
INFO: Run Behavior\BuildLiteBehavior [ RunTime:0.000069s ]
INFO: [ app_init ] --END-- [ RunTime:0.000997s ]
INFO: [ app_begin ] --START--
INFO: Run Behavior\ReadHtmlCacheBehavior [ RunTime:0.000854s ]
INFO: [ app_begin ] --END-- [ RunTime:0.001124s ]
INFO: [ view_parse ] --START--
INFO: Run Behavior\ParseTemplateBehavior [ RunTime:0.012472s ]
INFO: [ view_parse ] --END-- [ RunTime:0.012730s ]
INFO: [ view_filter ] --START--
INFO: Run Behavior\WriteHtmlCacheBehavior [ RunTime:0.000365s ]
INFO: [ view_filter ] --END-- [ RunTime:0.000531s ]
INFO: [ app_end ] --START--
INFO: Run Behavior\ShowPageTraceBehavior [ RunTime:0.000782s ]
INFO: [ app_end ] --END-- [ RunTime:0.001027s ]
NOTIC: [8] Constant NOW_TIME already defined D:\file\file\index.php 第 13 行.
NOTIC: [8] Undefined variable: SERVER D:\file\file\index.php 第 15 行.

[ 2017-12-24T14:47:56+08:00 ] 127.0.0.1 /file/index.php/Home/Index/right.html
INFO: [ app_init ] --START--
INFO: Run Behavior\BuildLiteBehavior [ RunTime:0.000051s ]
INFO: [ app_init ] --END-- [ RunTime:0.000641s ]
INFO: [ app_begin ] --START--
INFO: Run Behavior\ReadHtmlCacheBehavior [ RunTime:0.000938s ]
INFO: [ app_begin ] --END-- [ RunTime:0.001204s ]
INFO: [ view_parse ] --START--
INFO: Run Behavior\ParseTemplateBehavior [ RunTime:0.018929s ]
INFO: [ view_parse ] --END-- [ RunTime:0.019175s ]
INFO: [ view_filter ] --START--
INFO: Run Behavior\WriteHtmlCacheBehavior [ RunTime:0.000683s ]
INFO: [ view_filter ] --END-- [ RunTime:0.000850s ]
INFO: [ app_end ] --START--
INFO: Run Behavior\ShowPageTraceBehavior [ RunTime:0.000916s ]
INFO: [ app_end ] --END-- [ RunTime:0.001085s ]
NOTIC: [8] Constant NOW_TIME already defined D:\file\file\index.php 第 13 行.
NOTIC: [8] Undefined variable: SERVER D:\file\file\index.php 第 15 行.

[ 2017-12-24T14:47:56+08:00 ] 127.0.0.1 /file/index.php/Home/Index/left.html
INFO: [ app_init ] --START--
INFO: Run Behavior\BuildLiteBehavior [ RunTime:0.000044s ]
INFO: [ app_init ] --END-- [ RunTime:0.000988s ]
INFO: [ app_begin ] --START--
INFO: Run Behavior\ReadHtmlCacheBehavior [ RunTime:0.000971s ]
INFO: [ app_begin ] --END-- [ RunTime:0.001246s ]
SQL: select * from file_admin where admin_id=2 [ RunTime:0.0003s ]
SQL: select * from file_role where role_id=0 [ RunTime:0.0002s ]
NOTIC: [8] Undefined offset: 0 D:\file\file\Home\Controller\IndexController.class.php 第 23 行.
SQL: select * from file_auth where auth_level = 0 [ RunTime:0.0003s ]
SQL: select * from file_auth where auth_level = 1 [ RunTime:0.0003s ]
INFO: [ view_parse ] --START--
INFO: Run Behavior\ParseTemplateBehavior [ RunTime:0.012109s ]
INFO: [ view_parse ] --END-- [ RunTime:0.012298s ]
INFO: [ view_filter ] --START--
INFO: Run Behavior\WriteHtmlCacheBehavior [ RunTime:0.000373s ]
INFO: [ view_filter ] --END-- [ RunTime:0.000542s ]
INFO: [ app_end ] --START--
INFO: Run Behavior\ShowPageTraceBehavior [ RunTime:0.000768s ]
INFO: [ app_end ] --END-- [ RunTime:0.001005s ]
NOTIC: [8] Constant NOW_TIME already defined D:\file\file\index.php 第 13 行.
NOTIC: [8] Undefined variable: SERVER D:\file\file\index.php 第 15 行.

[ 2017-12-24T14:47:57+08:00 ] 127.0.0.1 /file/index.php/Home/Admin/changecommon_file
INFO: [ app_init ] --START--
INFO: Run Behavior\BuildLiteBehavior [ RunTime:0.000038s ]
INFO: [ app_init ] --END-- [ RunTime:0.000579s ]
INFO: [ app_begin ] --START--
INFO: Run Behavior\ReadHtmlCacheBehavior [ RunTime:0.000600s ]
INFO: [ app_begin ] --END-- [ RunTime:0.000778s ]
SQL: SHOW COLUMNS FROM `file_common_file` [ RunTime:0.0406s ]
INFO: [ view_parse ] --START--
NOTIC: [8] Undefined index: file_commonname D:\file\file\Runtime\Cache\3490a4506f9aeda9a04625fbd59ed4a24b051d0b.file.changecommon_file.html.php 第 53 行.
INFO: Run Behavior\ParseTemplateBehavior [ RunTime:0.014691s ]
INFO: [ view_parse ] --END-- [ RunTime:0.014873s ]
INFO: [ view_filter ] --START--
INFO: Run Behavior\WriteHtmlCacheBehavior [ RunTime:0.000682s ]
INFO: [ view_filter ] --END-- [ RunTime:0.000848s ]
INFO: [ app_end ] --START--
INFO: Run Behavior\ShowPageTraceBehavior [ RunTime:0.000916s ]
INFO: [ app_end ] --END-- [ RunTime:0.001086s ]
NOTIC: [8] Constant NOW_TIME already defined D:\file\file\index.php 第 13 行.
NOTIC: [8] Undefined variable: SERVER D:\file\file\index.php 第 15 行.

[ 2017-12-24T14:47:57+08:00 ] 127.0.0.1 /file/index.php/Home/Admin/css/mine.css
INFO: [ app_init ] --START--
INFO: Run Behavior\BuildLiteBehavior [ RunTime:0.000039s ]
INFO: [ app_init ] --END-- [ RunTime:0.000618s ]
INFO: [ app_begin ] --START--
INFO: Run Behavior\ReadHtmlCacheBehavior [ RunTime:0.000602s ]
INFO: [ app_begin ] --END-- [ RunTime:0.000796s ]
ERR: 非法操作:css

[ 2017-12-24T14:47:57+08:00 ] 127.0.0.1 /file/index.php/Home/Admin/showuser
INFO: [ app_init ] --START--
INFO: Run Behavior\BuildLiteBehavior [ RunTime:0.000037s ]
INFO: [ app_init ] --END-- [ RunTime:0.000599s ]
INFO: [ app_begin ] --START--
INFO: Run Behavior\ReadHtmlCacheBehavior [ RunTime:0.000603s ]
INFO: [ app_begin ] --END-- [ RunTime:0.000794s ]
SQL: SHOW COLUMNS FROM `file_user` [ RunTime:0.0154s ]
SQL: SELECT COUNT(*) AS tp_count FROM `file_user` LIMIT 1   [ RunTime:0.0004s ]
SQL: SELECT * FROM `file_user` LIMIT 0,10   [ RunTime:0.0004s ]
INFO: [ view_parse ] --START--
INFO: Run Behavior\ParseTemplateBehavior [ RunTime:0.015737s ]
INFO: [ view_parse ] --END-- [ RunTime:0.015926s ]
INFO: [ view_filter ] --START--
INFO: Run Behavior\WriteHtmlCacheBehavior [ RunTime:0.000744s ]
INFO: [ view_filter ] --END-- [ RunTime:0.000914s ]
INFO: [ app_end ] --START--
INFO: Run Behavior\ShowPageTraceBehavior [ RunTime:0.000916s ]
INFO: [ app_end ] --END-- [ RunTime:0.001088s ]
NOTIC: [8] Constant NOW_TIME already defined D:\file\file\index.php 第 13 行.
NOTIC: [8] Undefined variable: SERVER D:\file\file\index.php 第 15 行.

[ 2017-12-24T14:47:58+08:00 ] 127.0.0.1 /file/index.php/Home/Admin/changeuser?user_id=5&user_name=789
INFO: [ app_init ] --START--
INFO: Run Behavior\BuildLiteBehavior [ RunTime:0.000038s ]
INFO: [ app_init ] --END-- [ RunTime:0.000589s ]
INFO: [ app_begin ] --START--
INFO: Run Behavior\ReadHtmlCacheBehavior [ RunTime:0.000632s ]
INFO: [ app_begin ] --END-- [ RunTime:0.000832s ]
INFO: [ view_parse ] --START--
INFO: Run Behavior\ParseTemplateBehavior [ RunTime:0.080403s ]
INFO: [ view_parse ] --END-- [ RunTime:0.080599s ]
INFO: [ view_filter ] --START--
INFO: Run Behavior\WriteHtmlCacheBehavior [ RunTime:0.000824s ]
INFO: [ view_filter ] --END-- [ RunTime:0.000993s ]
INFO: [ app_end ] --START--
INFO: Run Behavior\ShowPageTraceBehavior [ RunTime:0.000784s ]
INFO: [ app_end ] --END-- [ RunTime:0.000952s ]
NOTIC: [8] Constant NOW_TIME already defined D:\file\file\index.php 第 13 行.
NOTIC: [8] Undefined variable: SERVER D:\file\file\index.php 第 15 行.

[ 2017-12-24T22:42:19+08:00 ] 127.0.0.1 /file/index.php/Home/user/register
INFO: [ app_init ] --START--
INFO: Run Behavior\BuildLiteBehavior [ RunTime:0.000039s ]
INFO: [ app_init ] --END-- [ RunTime:0.000713s ]
INFO: [ app_begin ] --START--
INFO: Run Behavior\ReadHtmlCacheBehavior [ RunTime:0.001092s ]
INFO: [ app_begin ] --END-- [ RunTime:0.001327s ]
SQL: SHOW COLUMNS FROM `file_user` [ RunTime:0.0835s ]
INFO: [ view_parse ] --START--
INFO: Run Behavior\ParseTemplateBehavior [ RunTime:0.012222s ]
INFO: [ view_parse ] --END-- [ RunTime:0.012407s ]
INFO: [ view_filter ] --START--
INFO: Run Behavior\WriteHtmlCacheBehavior [ RunTime:0.000561s ]
INFO: [ view_filter ] --END-- [ RunTime:0.000725s ]
INFO: [ app_end ] --START--
INFO: Run Behavior\ShowPageTraceBehavior [ RunTime:0.000810s ]
INFO: [ app_end ] --END-- [ RunTime:0.000978s ]
NOTIC: [8] Constant NOW_TIME already defined D:\file\file\index.php 第 13 行.
NOTIC: [8] Undefined variable: SERVER D:\file\file\index.php 第 15 行.

